/afs/cern.ch/user/j/jheikkil/.local/lib/python2.7/site-packages/pkg_resources/py2_warn.py:22: UserWarning: Setuptools will stop working on Python 2
************************************************************
You are running Setuptools on Python 2, which is no longer
supported and
>>> SETUPTOOLS WILL STOP WORKING <<<
in a subsequent release (no sooner than 2020-04-20).
Please ensure you are installing
Setuptools using pip 9.x or later or pin to `setuptools<45`
in your environment.
If you have done those things and are still encountering
this message, please comment in
https://github.com/pypa/setuptools/issues/1458
about the steps that led to this unsupported combination.
************************************************************
  sys.version_info < (3,) and warnings.warn(pre + "*" * 60 + msg + "*" * 60)
/afs/cern.ch/user/j/jheikkil/.local/lib/python2.7/site-packages/pkg_resources/py2_warn.py:22: UserWarning: Setuptools will stop working on Python 2
************************************************************
You are running Setuptools on Python 2, which is no longer
supported and
>>> SETUPTOOLS WILL STOP WORKING <<<
in a subsequent release (no sooner than 2020-04-20).
Please ensure you are installing
Setuptools using pip 9.x or later or pin to `setuptools<45`
in your environment.
If you have done those things and are still encountering
this message, please comment in
https://github.com/pypa/setuptools/issues/1458
about the steps that led to this unsupported combination.
************************************************************
  sys.version_info < (3,) and warnings.warn(pre + "*" * 60 + msg + "*" * 60)
/afs/cern.ch/user/j/jheikkil/.local/lib/python2.7/site-packages/pkg_resources/py2_warn.py:22: UserWarning: Setuptools will stop working on Python 2
************************************************************
You are running Setuptools on Python 2, which is no longer
supported and
>>> SETUPTOOLS WILL STOP WORKING <<<
in a subsequent release (no sooner than 2020-04-20).
Please ensure you are installing
Setuptools using pip 9.x or later or pin to `setuptools<45`
in your environment.
If you have done those things and are still encountering
this message, please comment in
https://github.com/pypa/setuptools/issues/1458
about the steps that led to this unsupported combination.
************************************************************
  sys.version_info < (3,) and warnings.warn(pre + "*" * 60 + msg + "*" * 60)
xrdcp: No such file or directory processing /afs/cern.ch/work/j/jheikkil/tools/ntuple-tools/triggerResults/tmp/histos_ele_flat2to100_PU200_eg_v2_*.root
ls: cannot access histos_ele_flat2to100_PU200_eg_v2_*.root: No such file or directory
rm: cannot remove 'histos_ele_flat2to100_PU200_eg_v2_*.root': No such file or directory
