/afs/cern.ch/cms/caf/scripts:/cvmfs/cms.cern.ch/common:/usr/sue/bin:/bin:/usr/condabin:/usr/local/bin:/usr/bin:/usr/local/sbin:/usr/sbin:/opt/puppetlabs/bin
Runnin Cluster 4225063 Job 0
Current dir: /pool/condor/dir_11819
b7g23n0573.cern.ch
0
/pool/condor/dir_11819
Mon Mar 30 20:51:40 CEST 2020
gen_part_selections: 14
--- Collection: BDT_input with samples: ['ele_flat2to100_PU200']
{'ele_flat2to100_PU200': 1}
About to process samples: [ele_flat2to100_PU200]
Name: ele_flat2to100_PU200,
                 clusterize: False
                 compute density: False
                 maxEvents: -1
                 output file: /pool/condor/dir_11819/histos_ele_flat2to100_PU200_eg_v1_0.root
                 events per job: 200
                 debug: 0
This is batch processing...
dir already indexed, will read metadata...
['[eos-cp] copied 1/1 files and 11.01 kB in 0.09 seconds with 116.71 kB/s\n']
# of jobs: 500
['[eos-cp] copied 1/1 files and 632.60 MB in 3.45 seconds with 183.36 MB/s\n']
- will read 1 files from dir SingleE_FlatPt-2to100/SingleE_FlatPt-2to100_PU200_v0/200319_124134/0000/:
        - ntuple_DY_1-1.root
- created TChain containing 504 events
- reading from event: 0 to event 199
Resetting cache: 0
Setting new cache size: 0
Setting # of entries for cache learning: None to 1
Setting cache entry range: 0
Cache size: 400000000
[<Cluster3DGenMatchPlotter tps: HMvDR, tps_s: ['all', 'Pt10', 'Pt20', 'Pt30', 'Em', 'EmPt10', 'EmPt20', 'EmPt30'], gen:GEN, gen_s:['GEN', 'GENPt15', 'GENPt10to25', 'GENPt30', 'GENPt35', 'GENPt40', 'GENEtaD', 'GENEtaDPt15', 'GENEtaDE', 'GENEtaDEPt15', 'GENEtaBC', 'GENEtaBCPt15', 'GENEtaBCD', 'GENEtaBCDPt15']> ]
[EventManager] registering collection as active: MC
[EventManager] registering collection as active: GEN
[EventManager] registering collection as active: TC
[EventManager] registering collection as active: HMvDR
all HMvDR
Pt10 HMvDR
Pt20 HMvDR
Pt30 HMvDR
Em HMvDR
EmPt10 HMvDR
EmPt20 HMvDR
EmPt30 HMvDR
--- Event 0, @ 2020-03-30 20:51:50.833696
    run: 0, lumi: 0, event: 0
--- Event 100, @ 2020-03-30 20:57:46.726398
    run: 0, lumi: 0, event: 0
Processed 200 events/504 TOT events
Writing histos to file /pool/condor/dir_11819/histos_ele_flat2to100_PU200_eg_v1_0.root
Read bytes: 4229180951, # of transaction: 3717
