03/30/20 10:03:43 ******************************************************
03/30/20 10:03:43 ** condor_scheduniv_exec.4218112.0 (CONDOR_DAGMAN) STARTING UP
03/30/20 10:03:43 ** /usr/bin/condor_dagman
03/30/20 10:03:43 ** SubsystemInfo: name=DAGMAN type=DAGMAN(10) class=DAEMON(1)
03/30/20 10:03:43 ** Configuration: subsystem:DAGMAN local:<NONE> class:DAEMON
03/30/20 10:03:43 ** $CondorVersion: 8.9.2 Jun 04 2019 BuildID: 471265 PackageID: 8.9.2-1 $
03/30/20 10:03:43 ** $CondorPlatform: x86_64_RedHat7 $
03/30/20 10:03:43 ** PID = 611959
03/30/20 10:03:43 ** Log last touched time unavailable (No such file or directory)
03/30/20 10:03:43 ******************************************************
03/30/20 10:03:43 Using config source: /etc/condor/condor_config
03/30/20 10:03:43 Using local config sources: 
03/30/20 10:03:43    /etc/condor/config.d/10_security.config
03/30/20 10:03:43    /etc/condor/config.d/11_fairshares.config
03/30/20 10:03:43    /etc/condor/config.d/12_resourcelimits.config
03/30/20 10:03:43    /etc/condor/config.d/14_network.config
03/30/20 10:03:43    /etc/condor/config.d/21_schedd.config
03/30/20 10:03:43    /etc/condor/config.d/21_submit_requirements.config
03/30/20 10:03:43    /etc/condor/config.d/31_krbrenewal.config
03/30/20 10:03:43    /etc/condor/config.d/41_job_transform.config
03/30/20 10:03:43    /etc/condor/config.d/99_local.config
03/30/20 10:03:43    /etc/condor/condor_config.local
03/30/20 10:03:43 config Macros = 232, Sorted = 232, StringBytes = 20605, TablesBytes = 8472
03/30/20 10:03:43 CLASSAD_CACHING is ENABLED
03/30/20 10:03:43 Daemon Log is logging: D_ALWAYS D_ERROR
03/30/20 10:03:43 DaemonCore: No command port requested.
03/30/20 10:03:43 DAGMAN_USE_STRICT setting: 1
03/30/20 10:03:43 DAGMAN_VERBOSITY setting: 3
03/30/20 10:03:43 DAGMAN_DEBUG_CACHE_SIZE setting: 5242880
03/30/20 10:03:43 DAGMAN_DEBUG_CACHE_ENABLE setting: False
03/30/20 10:03:43 DAGMAN_SUBMIT_DELAY setting: 0
03/30/20 10:03:43 DAGMAN_MAX_SUBMIT_ATTEMPTS setting: 6
03/30/20 10:03:43 DAGMAN_STARTUP_CYCLE_DETECT setting: False
03/30/20 10:03:43 DAGMAN_MAX_SUBMITS_PER_INTERVAL setting: 100
03/30/20 10:03:43 DAGMAN_AGGRESSIVE_SUBMIT setting: False
03/30/20 10:03:43 DAGMAN_USER_LOG_SCAN_INTERVAL setting: 5
03/30/20 10:03:43 DAGMAN_QUEUE_UPDATE_INTERVAL setting: 300
03/30/20 10:03:43 DAGMAN_DEFAULT_PRIORITY setting: 0
03/30/20 10:03:43 DAGMAN_SUPPRESS_NOTIFICATION setting: True
03/30/20 10:03:43 allow_events (DAGMAN_ALLOW_EVENTS) setting: 114
03/30/20 10:03:43 DAGMAN_RETRY_SUBMIT_FIRST setting: True
03/30/20 10:03:43 DAGMAN_RETRY_NODE_FIRST setting: False
03/30/20 10:03:43 DAGMAN_MAX_JOBS_IDLE setting: 1000
03/30/20 10:03:43 DAGMAN_MAX_JOBS_SUBMITTED setting: 0
03/30/20 10:03:43 DAGMAN_MAX_PRE_SCRIPTS setting: 20
03/30/20 10:03:43 DAGMAN_MAX_POST_SCRIPTS setting: 20
03/30/20 10:03:43 DAGMAN_MUNGE_NODE_NAMES setting: True
03/30/20 10:03:43 DAGMAN_PROHIBIT_MULTI_JOBS setting: False
03/30/20 10:03:43 DAGMAN_SUBMIT_DEPTH_FIRST setting: False
03/30/20 10:03:43 DAGMAN_ALWAYS_RUN_POST setting: False
03/30/20 10:03:43 DAGMAN_ABORT_DUPLICATES setting: True
03/30/20 10:03:43 DAGMAN_ABORT_ON_SCARY_SUBMIT setting: True
03/30/20 10:03:43 DAGMAN_PENDING_REPORT_INTERVAL setting: 600
03/30/20 10:03:43 DAGMAN_AUTO_RESCUE setting: True
03/30/20 10:03:43 DAGMAN_MAX_RESCUE_NUM setting: 100
03/30/20 10:03:43 DAGMAN_WRITE_PARTIAL_RESCUE setting: True
03/30/20 10:03:43 DAGMAN_DEFAULT_NODE_LOG setting: @(DAG_DIR)/@(DAG_FILE).nodes.log
03/30/20 10:03:43 DAGMAN_GENERATE_SUBDAG_SUBMITS setting: True
03/30/20 10:03:43 DAGMAN_MAX_JOB_HOLDS setting: 100
03/30/20 10:03:43 DAGMAN_HOLD_CLAIM_TIME setting: 20
03/30/20 10:03:43 ALL_DEBUG setting: 
03/30/20 10:03:43 DAGMAN_DEBUG setting: 
03/30/20 10:03:43 DAGMAN_SUPPRESS_JOB_LOGS setting: False
03/30/20 10:03:43 DAGMAN_REMOVE_NODE_JOBS setting: True
03/30/20 10:03:43 argv[0] == "condor_scheduniv_exec.4218112.0"
03/30/20 10:03:43 argv[1] == "-Lockfile"
03/30/20 10:03:43 argv[2] == "batch_BDT_input_v1/dagman.dag.lock"
03/30/20 10:03:43 argv[3] == "-AutoRescue"
03/30/20 10:03:43 argv[4] == "1"
03/30/20 10:03:43 argv[5] == "-DoRescueFrom"
03/30/20 10:03:43 argv[6] == "0"
03/30/20 10:03:43 argv[7] == "-Dag"
03/30/20 10:03:43 argv[8] == "batch_BDT_input_v1/dagman.dag"
03/30/20 10:03:43 argv[9] == "-Suppress_notification"
03/30/20 10:03:43 argv[10] == "-CsdVersion"
03/30/20 10:03:43 argv[11] == "$CondorVersion: 8.8.7 Dec 24 2019 BuildID: 493225 PackageID: 8.8.7-1 $"
03/30/20 10:03:43 argv[12] == "-Dagman"
03/30/20 10:03:43 argv[13] == "/usr/bin/condor_dagman"
03/30/20 10:03:44 Workflow batch-name: <dagman.dag+4218112>
03/30/20 10:03:44 Workflow accounting_group: <>
03/30/20 10:03:44 Workflow accounting_group_user: <>
03/30/20 10:03:44 Warning: failed to get attribute DAGNodeName
03/30/20 10:03:44 DAGMAN_LOG_ON_NFS_IS_ERROR setting: False
03/30/20 10:03:44 Default node log file is: </afs/cern.ch/work/j/jheikkil/tools/ntuple-tools/batch_BDT_input_v1/dagman.dag.nodes.log>
03/30/20 10:03:44 Note: the version ($CondorVersion: 8.8.7 Dec 24 2019 BuildID: 493225 PackageID: 8.8.7-1 $) of this DAG's HTCondor submit file (created by condor_submit_dag) differs from condor_dagman version ($CondorVersion: 8.9.2 Jun 04 2019 BuildID: 471265 PackageID: 8.9.2-1 $), but the difference is permissible
03/30/20 10:03:44 DAG Lockfile will be written to batch_BDT_input_v1/dagman.dag.lock
03/30/20 10:03:44 DAG Input file is batch_BDT_input_v1/dagman.dag
03/30/20 10:03:44 Parsing 1 dagfiles
03/30/20 10:03:44 Parsing batch_BDT_input_v1/dagman.dag ...
03/30/20 10:03:44 Parsing Splice ele_flat2to100_PU200 in directory batch_BDT_input_v1/ele_flat2to100_PU200 with file ele_flat2to100_PU200.spl
03/30/20 10:03:44 Dag contains 3 total jobs
03/30/20 10:03:44 Sleeping for 3 seconds to ensure ProcessId uniqueness
03/30/20 10:03:47 Bootstrapping...
03/30/20 10:03:47 Number of pre-completed nodes: 0
03/30/20 10:03:47 MultiLogFiles: truncating log file /afs/cern.ch/work/j/jheikkil/tools/ntuple-tools/batch_BDT_input_v1/dagman.dag.nodes.log
03/30/20 10:03:47 DAG status: 0 (DAG_STATUS_OK)
03/30/20 10:03:47 Of 3 nodes total:
03/30/20 10:03:47  Done     Pre   Queued    Post   Ready   Un-Ready   Failed
03/30/20 10:03:47   ===     ===      ===     ===     ===        ===      ===
03/30/20 10:03:47     0       0        0       0       1          2        0
03/30/20 10:03:47 0 job proc(s) currently held
03/30/20 10:03:47 DAGMan Runtime Statistics: [ EventCycleTimeCount = 0.0; EventCycleTimeSum = 0.0; LogProcessCycleTimeCount = 0.0; LogProcessCycleTimeSum = 0.0; SleepCycleTimeCount = 0.0; SleepCycleTimeSum = 0.0; SubmitCycleTimeCount = 0.0; SubmitCycleTimeSum = 0.0; ]
03/30/20 10:03:47 Registering condor_event_timer...
03/30/20 10:03:48 Submitting HTCondor Node ele_flat2to100_PU200+Job_0 job(s)...
03/30/20 10:03:48 Adding a DAGMan workflow log /afs/cern.ch/work/j/jheikkil/tools/ntuple-tools/batch_BDT_input_v1/dagman.dag.nodes.log
03/30/20 10:03:48 Masking the events recorded in the DAGMAN workflow log
03/30/20 10:03:48 Mask for workflow log is 0,1,2,4,5,7,9,10,11,12,13,16,17,24,27,35,36
03/30/20 10:03:48 submitting: /usr/bin/condor_submit -a dag_node_name' '=' 'ele_flat2to100_PU200+Job_0 -a +DAGManJobId' '=' '4218112 -a DAGManJobId' '=' '4218112 -batch-name dagman.dag+4218112 -a submit_event_notes' '=' 'DAG' 'Node:' 'ele_flat2to100_PU200+Job_0 -a dagman_log' '=' '/afs/cern.ch/work/j/jheikkil/tools/ntuple-tools/batch_BDT_input_v1/dagman.dag.nodes.log -a +DAGManNodesMask' '=' '"0,1,2,4,5,7,9,10,11,12,13,16,17,24,27,35,36" -a priority=1 -a JOB_ID' '=' '0 -a DAG_STATUS' '=' '0 -a FAILED_COUNT' '=' '0 -a +KeepClaimIdle' '=' '20 -a notification' '=' 'never -a +DAGParentNodeNames' '=' '"" batch.sub
03/30/20 10:03:48 From submit: Submitting job(s).
03/30/20 10:03:48 From submit: 1 job(s) submitted to cluster 4218121.
03/30/20 10:03:48 	assigned HTCondor ID (4218121.0.0)
03/30/20 10:03:48 Just submitted 1 job this cycle...
03/30/20 10:03:48 DAG status: 0 (DAG_STATUS_OK)
03/30/20 10:03:48 Of 3 nodes total:
03/30/20 10:03:48  Done     Pre   Queued    Post   Ready   Un-Ready   Failed
03/30/20 10:03:48   ===     ===      ===     ===     ===        ===      ===
03/30/20 10:03:48     0       0        1       0       0          2        0
03/30/20 10:03:48 0 job proc(s) currently held
03/30/20 10:03:48 DAGMan Runtime Statistics: [ EventCycleTimeCount = 0.0; EventCycleTimeSum = 0.0; LogProcessCycleTimeCount = 0.0; LogProcessCycleTimeSum = 0.0; SleepCycleTimeCount = 0.0; SleepCycleTimeSum = 0.0; SubmitCycleTimeAvg = 0.5090138912200928; SubmitCycleTimeCount = 1.0; SubmitCycleTimeMax = 0.5090138912200928; SubmitCycleTimeMin = 0.5090138912200928; SubmitCycleTimeStd = 0.5090138912200928; SubmitCycleTimeSum = 0.5090138912200928; ]
03/30/20 10:03:53 Currently monitoring 1 HTCondor log file(s)
03/30/20 10:03:53 Reassigning the id of job ele_flat2to100_PU200+Job_0 from (4218121.0.0) to (4218121.0.0)
03/30/20 10:03:53 Event: ULOG_SUBMIT for HTCondor Node ele_flat2to100_PU200+Job_0 (4218121.0.0) {03/30/20 10:03:48}
03/30/20 10:03:53 Number of idle job procs: 1
03/30/20 10:13:54 601 seconds since last log event
03/30/20 10:13:54 Pending DAG nodes:
03/30/20 10:13:54   Node ele_flat2to100_PU200+Job_0, HTCondor ID 4218121, status STATUS_SUBMITTED
03/30/20 10:23:55 1202 seconds since last log event
03/30/20 10:23:56 Pending DAG nodes:
03/30/20 10:23:56   Node ele_flat2to100_PU200+Job_0, HTCondor ID 4218121, status STATUS_SUBMITTED
03/30/20 10:33:58 1805 seconds since last log event
03/30/20 10:33:58 Pending DAG nodes:
03/30/20 10:33:58   Node ele_flat2to100_PU200+Job_0, HTCondor ID 4218121, status STATUS_SUBMITTED
03/30/20 10:44:00 2407 seconds since last log event
03/30/20 10:44:00 Pending DAG nodes:
03/30/20 10:44:00   Node ele_flat2to100_PU200+Job_0, HTCondor ID 4218121, status STATUS_SUBMITTED
03/30/20 10:54:01 3008 seconds since last log event
03/30/20 10:54:01 Pending DAG nodes:
03/30/20 10:54:01   Node ele_flat2to100_PU200+Job_0, HTCondor ID 4218121, status STATUS_SUBMITTED
03/30/20 11:04:02 3609 seconds since last log event
03/30/20 11:04:02 Pending DAG nodes:
03/30/20 11:04:02   Node ele_flat2to100_PU200+Job_0, HTCondor ID 4218121, status STATUS_SUBMITTED
03/30/20 11:14:03 4210 seconds since last log event
03/30/20 11:14:03 Pending DAG nodes:
03/30/20 11:14:03   Node ele_flat2to100_PU200+Job_0, HTCondor ID 4218121, status STATUS_SUBMITTED
03/30/20 11:24:04 4811 seconds since last log event
03/30/20 11:24:04 Pending DAG nodes:
03/30/20 11:24:04   Node ele_flat2to100_PU200+Job_0, HTCondor ID 4218121, status STATUS_SUBMITTED
03/30/20 11:34:04 5411 seconds since last log event
03/30/20 11:34:04 Pending DAG nodes:
03/30/20 11:34:04   Node ele_flat2to100_PU200+Job_0, HTCondor ID 4218121, status STATUS_SUBMITTED
03/30/20 11:44:05 6012 seconds since last log event
03/30/20 11:44:05 Pending DAG nodes:
03/30/20 11:44:05   Node ele_flat2to100_PU200+Job_0, HTCondor ID 4218121, status STATUS_SUBMITTED
03/30/20 11:54:05 6612 seconds since last log event
03/30/20 11:54:05 Pending DAG nodes:
03/30/20 11:54:05   Node ele_flat2to100_PU200+Job_0, HTCondor ID 4218121, status STATUS_SUBMITTED
03/30/20 12:04:06 7213 seconds since last log event
03/30/20 12:04:06 Pending DAG nodes:
03/30/20 12:04:06   Node ele_flat2to100_PU200+Job_0, HTCondor ID 4218121, status STATUS_SUBMITTED
03/30/20 12:14:07 7814 seconds since last log event
03/30/20 12:14:07 Pending DAG nodes:
03/30/20 12:14:07   Node ele_flat2to100_PU200+Job_0, HTCondor ID 4218121, status STATUS_SUBMITTED
03/30/20 12:24:07 8414 seconds since last log event
03/30/20 12:24:07 Pending DAG nodes:
03/30/20 12:24:07   Node ele_flat2to100_PU200+Job_0, HTCondor ID 4218121, status STATUS_SUBMITTED
03/30/20 12:34:08 9015 seconds since last log event
03/30/20 12:34:08 Pending DAG nodes:
03/30/20 12:34:08   Node ele_flat2to100_PU200+Job_0, HTCondor ID 4218121, status STATUS_SUBMITTED
03/30/20 12:44:09 9616 seconds since last log event
03/30/20 12:44:09 Pending DAG nodes:
03/30/20 12:44:09   Node ele_flat2to100_PU200+Job_0, HTCondor ID 4218121, status STATUS_SUBMITTED
03/30/20 12:54:09 10216 seconds since last log event
03/30/20 12:54:09 Pending DAG nodes:
03/30/20 12:54:09   Node ele_flat2to100_PU200+Job_0, HTCondor ID 4218121, status STATUS_SUBMITTED
03/30/20 13:04:10 10817 seconds since last log event
03/30/20 13:04:10 Pending DAG nodes:
03/30/20 13:04:10   Node ele_flat2to100_PU200+Job_0, HTCondor ID 4218121, status STATUS_SUBMITTED
03/30/20 13:14:10 11417 seconds since last log event
03/30/20 13:14:10 Pending DAG nodes:
03/30/20 13:14:10   Node ele_flat2to100_PU200+Job_0, HTCondor ID 4218121, status STATUS_SUBMITTED
03/30/20 13:24:11 12018 seconds since last log event
03/30/20 13:24:11 Pending DAG nodes:
03/30/20 13:24:11   Node ele_flat2to100_PU200+Job_0, HTCondor ID 4218121, status STATUS_SUBMITTED
03/30/20 13:34:11 12618 seconds since last log event
03/30/20 13:34:11 Pending DAG nodes:
03/30/20 13:34:11   Node ele_flat2to100_PU200+Job_0, HTCondor ID 4218121, status STATUS_SUBMITTED
03/30/20 13:44:12 13219 seconds since last log event
03/30/20 13:44:12 Pending DAG nodes:
03/30/20 13:44:12   Node ele_flat2to100_PU200+Job_0, HTCondor ID 4218121, status STATUS_SUBMITTED
03/30/20 13:54:13 13820 seconds since last log event
03/30/20 13:54:13 Pending DAG nodes:
03/30/20 13:54:13   Node ele_flat2to100_PU200+Job_0, HTCondor ID 4218121, status STATUS_SUBMITTED
03/30/20 14:04:13 14420 seconds since last log event
03/30/20 14:04:13 Pending DAG nodes:
03/30/20 14:04:13   Node ele_flat2to100_PU200+Job_0, HTCondor ID 4218121, status STATUS_SUBMITTED
03/30/20 14:14:14 15021 seconds since last log event
03/30/20 14:14:14 Pending DAG nodes:
03/30/20 14:14:14   Node ele_flat2to100_PU200+Job_0, HTCondor ID 4218121, status STATUS_SUBMITTED
03/30/20 14:24:14 15621 seconds since last log event
03/30/20 14:24:14 Pending DAG nodes:
03/30/20 14:24:14   Node ele_flat2to100_PU200+Job_0, HTCondor ID 4218121, status STATUS_SUBMITTED
03/30/20 14:34:14 16221 seconds since last log event
03/30/20 14:34:14 Pending DAG nodes:
03/30/20 14:34:14   Node ele_flat2to100_PU200+Job_0, HTCondor ID 4218121, status STATUS_SUBMITTED
03/30/20 14:44:15 16822 seconds since last log event
03/30/20 14:44:15 Pending DAG nodes:
03/30/20 14:44:15   Node ele_flat2to100_PU200+Job_0, HTCondor ID 4218121, status STATUS_SUBMITTED
03/30/20 14:54:15 17422 seconds since last log event
03/30/20 14:54:15 Pending DAG nodes:
03/30/20 14:54:15   Node ele_flat2to100_PU200+Job_0, HTCondor ID 4218121, status STATUS_SUBMITTED
03/30/20 15:04:16 18023 seconds since last log event
03/30/20 15:04:16 Pending DAG nodes:
03/30/20 15:04:16   Node ele_flat2to100_PU200+Job_0, HTCondor ID 4218121, status STATUS_SUBMITTED
03/30/20 15:14:16 18623 seconds since last log event
03/30/20 15:14:16 Pending DAG nodes:
03/30/20 15:14:16   Node ele_flat2to100_PU200+Job_0, HTCondor ID 4218121, status STATUS_SUBMITTED
03/30/20 15:24:17 19224 seconds since last log event
03/30/20 15:24:17 Pending DAG nodes:
03/30/20 15:24:17   Node ele_flat2to100_PU200+Job_0, HTCondor ID 4218121, status STATUS_SUBMITTED
03/30/20 15:34:18 19825 seconds since last log event
03/30/20 15:34:18 Pending DAG nodes:
03/30/20 15:34:18   Node ele_flat2to100_PU200+Job_0, HTCondor ID 4218121, status STATUS_SUBMITTED
03/30/20 15:44:18 20425 seconds since last log event
03/30/20 15:44:18 Pending DAG nodes:
03/30/20 15:44:18   Node ele_flat2to100_PU200+Job_0, HTCondor ID 4218121, status STATUS_SUBMITTED
03/30/20 15:54:19 21026 seconds since last log event
03/30/20 15:54:19 Pending DAG nodes:
03/30/20 15:54:19   Node ele_flat2to100_PU200+Job_0, HTCondor ID 4218121, status STATUS_SUBMITTED
03/30/20 16:04:19 21626 seconds since last log event
03/30/20 16:04:19 Pending DAG nodes:
03/30/20 16:04:19   Node ele_flat2to100_PU200+Job_0, HTCondor ID 4218121, status STATUS_SUBMITTED
03/30/20 16:14:20 22227 seconds since last log event
03/30/20 16:14:20 Pending DAG nodes:
03/30/20 16:14:20   Node ele_flat2to100_PU200+Job_0, HTCondor ID 4218121, status STATUS_SUBMITTED
03/30/20 16:24:20 22827 seconds since last log event
03/30/20 16:24:20 Pending DAG nodes:
03/30/20 16:24:20   Node ele_flat2to100_PU200+Job_0, HTCondor ID 4218121, status STATUS_SUBMITTED
03/30/20 16:34:21 23428 seconds since last log event
03/30/20 16:34:21 Pending DAG nodes:
03/30/20 16:34:21   Node ele_flat2to100_PU200+Job_0, HTCondor ID 4218121, status STATUS_SUBMITTED
03/30/20 16:44:21 24028 seconds since last log event
03/30/20 16:44:21 Pending DAG nodes:
03/30/20 16:44:21   Node ele_flat2to100_PU200+Job_0, HTCondor ID 4218121, status STATUS_SUBMITTED
03/30/20 16:54:21 24628 seconds since last log event
03/30/20 16:54:21 Pending DAG nodes:
03/30/20 16:54:21   Node ele_flat2to100_PU200+Job_0, HTCondor ID 4218121, status STATUS_SUBMITTED
03/30/20 17:04:22 25229 seconds since last log event
03/30/20 17:04:22 Pending DAG nodes:
03/30/20 17:04:22   Node ele_flat2to100_PU200+Job_0, HTCondor ID 4218121, status STATUS_SUBMITTED
03/30/20 17:14:23 25830 seconds since last log event
03/30/20 17:14:23 Pending DAG nodes:
03/30/20 17:14:23   Node ele_flat2to100_PU200+Job_0, HTCondor ID 4218121, status STATUS_SUBMITTED
03/30/20 17:24:24 26431 seconds since last log event
03/30/20 17:24:24 Pending DAG nodes:
03/30/20 17:24:24   Node ele_flat2to100_PU200+Job_0, HTCondor ID 4218121, status STATUS_SUBMITTED
03/30/20 17:27:59 Currently monitoring 1 HTCondor log file(s)
03/30/20 17:27:59 Event: ULOG_JOB_RECONNECT_FAILED for HTCondor Node ele_flat2to100_PU200+Job_0 (4218121.0.0) {03/30/20 17:27:56}
03/30/20 17:27:59 Number of idle job procs: 1
03/30/20 17:38:00 601 seconds since last log event
03/30/20 17:38:00 Pending DAG nodes:
03/30/20 17:38:00   Node ele_flat2to100_PU200+Job_0, HTCondor ID 4218121, status STATUS_SUBMITTED
03/30/20 17:48:01 1202 seconds since last log event
03/30/20 17:48:01 Pending DAG nodes:
03/30/20 17:48:01   Node ele_flat2to100_PU200+Job_0, HTCondor ID 4218121, status STATUS_SUBMITTED
03/30/20 17:58:04 1805 seconds since last log event
03/30/20 17:58:04 Pending DAG nodes:
03/30/20 17:58:04   Node ele_flat2to100_PU200+Job_0, HTCondor ID 4218121, status STATUS_SUBMITTED
03/30/20 18:08:04 2405 seconds since last log event
03/30/20 18:08:04 Pending DAG nodes:
03/30/20 18:08:04   Node ele_flat2to100_PU200+Job_0, HTCondor ID 4218121, status STATUS_SUBMITTED
03/30/20 18:18:05 3006 seconds since last log event
03/30/20 18:18:05 Pending DAG nodes:
03/30/20 18:18:05   Node ele_flat2to100_PU200+Job_0, HTCondor ID 4218121, status STATUS_SUBMITTED
03/30/20 18:28:06 3607 seconds since last log event
03/30/20 18:28:06 Pending DAG nodes:
03/30/20 18:28:06   Node ele_flat2to100_PU200+Job_0, HTCondor ID 4218121, status STATUS_SUBMITTED
03/30/20 18:38:07 4208 seconds since last log event
03/30/20 18:38:07 Pending DAG nodes:
03/30/20 18:38:07   Node ele_flat2to100_PU200+Job_0, HTCondor ID 4218121, status STATUS_SUBMITTED
03/30/20 18:45:42 Currently monitoring 1 HTCondor log file(s)
03/30/20 18:45:42 Event: ULOG_EXECUTE for HTCondor Node ele_flat2to100_PU200+Job_0 (4218121.0.0) {03/30/20 18:45:40}
03/30/20 18:45:42 Number of idle job procs: 0
03/30/20 18:55:43 601 seconds since last log event
03/30/20 18:55:43 Pending DAG nodes:
03/30/20 18:55:43   Node ele_flat2to100_PU200+Job_0, HTCondor ID 4218121, status STATUS_SUBMITTED
03/30/20 18:57:38 Currently monitoring 1 HTCondor log file(s)
03/30/20 18:57:38 Event: ULOG_JOB_TERMINATED for HTCondor Node ele_flat2to100_PU200+Job_0 (4218121.0.0) {03/30/20 18:57:37}
03/30/20 18:57:39 Number of idle job procs: 0
03/30/20 18:57:39 Node ele_flat2to100_PU200+Job_0 job proc (4218121.0.0) completed successfully.
03/30/20 18:57:39 Node ele_flat2to100_PU200+Job_0 job completed
03/30/20 18:57:39 DAG status: 0 (DAG_STATUS_OK)
03/30/20 18:57:39 Of 3 nodes total:
03/30/20 18:57:39  Done     Pre   Queued    Post   Ready   Un-Ready   Failed
03/30/20 18:57:39   ===     ===      ===     ===     ===        ===      ===
03/30/20 18:57:39     1       0        0       0       1          1        0
03/30/20 18:57:39 0 job proc(s) currently held
03/30/20 18:57:39 DAGMan Runtime Statistics: [ EventCycleTimeAvg = 0.001482295036017802; EventCycleTimeCount = 6398.0; EventCycleTimeMax = 1.153779983520508; EventCycleTimeMin = 2.980232238769531E-05; EventCycleTimeStd = 0.02950113188898914; EventCycleTimeSum = 9.483723640441895; LogProcessCycleTimeAvg = 0.03828698396682739; LogProcessCycleTimeCount = 4.0; LogProcessCycleTimeMax = 0.1079370975494385; LogProcessCycleTimeMin = 0.0003988742828369141; LogProcessCycleTimeStd = 0.05084039113000639; LogProcessCycleTimeSum = 0.1531479358673096; SleepCycleTimeAvg = 5.004871533378358; SleepCycleTimeCount = 6398.0; SleepCycleTimeMax = 5.287952899932861; SleepCycleTimeMin = 4.004240989685059; SleepCycleTimeStd = 0.02187590172021874; SleepCycleTimeSum = 32021.16807055473; SubmitCycleTimeAvg = 0.0006695185290368055; SubmitCycleTimeCount = 6399.0; SubmitCycleTimeMax = 1.15375018119812; SubmitCycleTimeMin = 1.9073486328125E-05; SubmitCycleTimeStd = 0.02116554114301896; SubmitCycleTimeSum = 4.284249067306519; ]
03/30/20 18:57:44 Submitting HTCondor Node ele_flat2to100_PU200_hadd job(s)...
03/30/20 18:57:44 Adding a DAGMan workflow log /afs/cern.ch/work/j/jheikkil/tools/ntuple-tools/batch_BDT_input_v1/dagman.dag.nodes.log
03/30/20 18:57:44 Masking the events recorded in the DAGMAN workflow log
03/30/20 18:57:44 Mask for workflow log is 0,1,2,4,5,7,9,10,11,12,13,16,17,24,27,35,36
03/30/20 18:57:44 submitting: /usr/bin/condor_submit -a dag_node_name' '=' 'ele_flat2to100_PU200_hadd -a +DAGManJobId' '=' '4218112 -a DAGManJobId' '=' '4218112 -batch-name dagman.dag+4218112 -a submit_event_notes' '=' 'DAG' 'Node:' 'ele_flat2to100_PU200_hadd -a dagman_log' '=' '/afs/cern.ch/work/j/jheikkil/tools/ntuple-tools/batch_BDT_input_v1/dagman.dag.nodes.log -a +DAGManNodesMask' '=' '"0,1,2,4,5,7,9,10,11,12,13,16,17,24,27,35,36" -a priority=1 -a DAG_STATUS' '=' '0 -a FAILED_COUNT' '=' '0 -a +KeepClaimIdle' '=' '20 -a notification' '=' 'never -a +DAGParentNodeNames' '=' '"ele_flat2to100_PU200+Job_0" batch_BDT_input_v1/ele_flat2to100_PU200/batch_hadd.sub
03/30/20 18:57:44 From submit: Submitting job(s).
03/30/20 18:57:44 From submit: 1 job(s) submitted to cluster 4223696.
03/30/20 18:57:44 	assigned HTCondor ID (4223696.0.0)
03/30/20 18:57:44 Just submitted 1 job this cycle...
03/30/20 18:57:44 DAG status: 0 (DAG_STATUS_OK)
03/30/20 18:57:44 Of 3 nodes total:
03/30/20 18:57:44  Done     Pre   Queued    Post   Ready   Un-Ready   Failed
03/30/20 18:57:44   ===     ===      ===     ===     ===        ===      ===
03/30/20 18:57:44     1       0        1       0       0          1        0
03/30/20 18:57:44 0 job proc(s) currently held
03/30/20 18:57:44 DAGMan Runtime Statistics: [ EventCycleTimeAvg = 0.001523487343231502; EventCycleTimeCount = 6399.0; EventCycleTimeMax = 1.153779983520508; EventCycleTimeMin = 2.980232238769531E-05; EventCycleTimeStd = 0.0296822946540492; EventCycleTimeSum = 9.748795509338379; LogProcessCycleTimeAvg = 0.03828698396682739; LogProcessCycleTimeCount = 4.0; LogProcessCycleTimeMax = 0.1079370975494385; LogProcessCycleTimeMin = 0.0003988742828369141; LogProcessCycleTimeStd = 0.05084039113000639; LogProcessCycleTimeSum = 0.1531479358673096; SleepCycleTimeAvg = 5.004871700197146; SleepCycleTimeCount = 6399.0; SleepCycleTimeMax = 5.287952899932861; SleepCycleTimeMin = 4.004240989685059; SleepCycleTimeStd = 0.0218741961347926; SleepCycleTimeSum = 32026.17400956154; SubmitCycleTimeAvg = 0.0007457117363810539; SubmitCycleTimeCount = 6400.0; SubmitCycleTimeMax = 1.15375018119812; SubmitCycleTimeMin = 1.9073486328125E-05; SubmitCycleTimeStd = 0.02202418477612921; SubmitCycleTimeSum = 4.772555112838745; ]
03/30/20 18:57:49 Currently monitoring 1 HTCondor log file(s)
03/30/20 18:57:49 Reassigning the id of job ele_flat2to100_PU200_hadd from (4223696.0.0) to (4223696.0.0)
03/30/20 18:57:49 Event: ULOG_SUBMIT for HTCondor Node ele_flat2to100_PU200_hadd (4223696.0.0) {03/30/20 18:57:44}
03/30/20 18:57:49 Number of idle job procs: 1
03/30/20 19:07:50 601 seconds since last log event
03/30/20 19:07:50 Pending DAG nodes:
03/30/20 19:07:50   Node ele_flat2to100_PU200_hadd, HTCondor ID 4223696, status STATUS_SUBMITTED
03/30/20 19:17:51 1202 seconds since last log event
03/30/20 19:17:51 Pending DAG nodes:
03/30/20 19:17:51   Node ele_flat2to100_PU200_hadd, HTCondor ID 4223696, status STATUS_SUBMITTED
03/30/20 19:27:52 1803 seconds since last log event
03/30/20 19:27:52 Pending DAG nodes:
03/30/20 19:27:52   Node ele_flat2to100_PU200_hadd, HTCondor ID 4223696, status STATUS_SUBMITTED
03/30/20 19:36:17 Currently monitoring 1 HTCondor log file(s)
03/30/20 19:36:17 Event: ULOG_EXECUTE for HTCondor Node ele_flat2to100_PU200_hadd (4223696.0.0) {03/30/20 19:36:17}
03/30/20 19:36:17 Number of idle job procs: 0
03/30/20 19:36:42 Currently monitoring 1 HTCondor log file(s)
03/30/20 19:36:42 Event: ULOG_JOB_TERMINATED for HTCondor Node ele_flat2to100_PU200_hadd (4223696.0.0) {03/30/20 19:36:40}
03/30/20 19:36:42 Number of idle job procs: 0
03/30/20 19:36:42 Node ele_flat2to100_PU200_hadd job proc (4223696.0.0) failed with status 1.
03/30/20 19:36:42 Retrying node ele_flat2to100_PU200_hadd (retry #1 of 3)...
03/30/20 19:36:42 DAG status: 0 (DAG_STATUS_OK)
03/30/20 19:36:42 Of 3 nodes total:
03/30/20 19:36:42  Done     Pre   Queued    Post   Ready   Un-Ready   Failed
03/30/20 19:36:42   ===     ===      ===     ===     ===        ===      ===
03/30/20 19:36:42     1       0        0       0       1          1        0
03/30/20 19:36:42 0 job proc(s) currently held
03/30/20 19:36:42 DAGMan Runtime Statistics: [ EventCycleTimeAvg = 0.00153492881159306; EventCycleTimeCount = 6866.0; EventCycleTimeMax = 1.153779983520508; EventCycleTimeMin = 2.980232238769531E-05; EventCycleTimeStd = 0.02941595169343212; EventCycleTimeSum = 10.53882122039795; LogProcessCycleTimeAvg = 0.02413187708173479; LogProcessCycleTimeCount = 7.0; LogProcessCycleTimeMax = 0.1079370975494385; LogProcessCycleTimeMin = 0.0003321170806884766; LogProcessCycleTimeStd = 0.04033326137868326; LogProcessCycleTimeSum = 0.1689231395721436; SleepCycleTimeAvg = 5.004938981778206; SleepCycleTimeCount = 6866.0; SleepCycleTimeMax = 5.287952899932861; SleepCycleTimeMin = 4.004240989685059; SleepCycleTimeStd = 0.02113634691486575; SleepCycleTimeSum = 34363.91104888916; SubmitCycleTimeAvg = 0.0006994320277964963; SubmitCycleTimeCount = 6867.0; SubmitCycleTimeMax = 1.15375018119812; SubmitCycleTimeMin = 1.9073486328125E-05; SubmitCycleTimeStd = 0.02126274469737037; SubmitCycleTimeSum = 4.80299973487854; ]
03/30/20 19:36:47 Reassigning the id of job ele_flat2to100_PU200_hadd from (4223696.0.0) to (-1.-1.-1)
03/30/20 19:36:47 Submitting HTCondor Node ele_flat2to100_PU200_hadd job(s)...
03/30/20 19:36:47 Adding a DAGMan workflow log /afs/cern.ch/work/j/jheikkil/tools/ntuple-tools/batch_BDT_input_v1/dagman.dag.nodes.log
03/30/20 19:36:47 Masking the events recorded in the DAGMAN workflow log
03/30/20 19:36:47 Mask for workflow log is 0,1,2,4,5,7,9,10,11,12,13,16,17,24,27,35,36
03/30/20 19:36:47 submitting: /usr/bin/condor_submit -a dag_node_name' '=' 'ele_flat2to100_PU200_hadd -a +DAGManJobId' '=' '4218112 -a DAGManJobId' '=' '4218112 -batch-name dagman.dag+4218112 -a submit_event_notes' '=' 'DAG' 'Node:' 'ele_flat2to100_PU200_hadd -a dagman_log' '=' '/afs/cern.ch/work/j/jheikkil/tools/ntuple-tools/batch_BDT_input_v1/dagman.dag.nodes.log -a +DAGManNodesMask' '=' '"0,1,2,4,5,7,9,10,11,12,13,16,17,24,27,35,36" -a priority=1 -a DAG_STATUS' '=' '0 -a FAILED_COUNT' '=' '0 -a +KeepClaimIdle' '=' '20 -a notification' '=' 'never -a +DAGParentNodeNames' '=' '"ele_flat2to100_PU200+Job_0" batch_BDT_input_v1/ele_flat2to100_PU200/batch_hadd.sub
03/30/20 19:36:47 From submit: Submitting job(s).
03/30/20 19:36:47 From submit: 1 job(s) submitted to cluster 4223933.
03/30/20 19:36:47 	assigned HTCondor ID (4223933.0.0)
03/30/20 19:36:47 Just submitted 1 job this cycle...
03/30/20 19:36:47 DAG status: 0 (DAG_STATUS_OK)
03/30/20 19:36:47 Of 3 nodes total:
03/30/20 19:36:47  Done     Pre   Queued    Post   Ready   Un-Ready   Failed
03/30/20 19:36:47   ===     ===      ===     ===     ===        ===      ===
03/30/20 19:36:47     1       0        1       0       0          1        0
03/30/20 19:36:47 0 job proc(s) currently held
03/30/20 19:36:47 DAGMan Runtime Statistics: [ EventCycleTimeAvg = 0.001536688395631145; EventCycleTimeCount = 6867.0; EventCycleTimeMax = 1.153779983520508; EventCycleTimeMin = 2.980232238769531E-05; EventCycleTimeStd = 0.02941417088169502; EventCycleTimeSum = 10.55243921279907; LogProcessCycleTimeAvg = 0.02413187708173479; LogProcessCycleTimeCount = 7.0; LogProcessCycleTimeMax = 0.1079370975494385; LogProcessCycleTimeMin = 0.0003321170806884766; LogProcessCycleTimeStd = 0.04033326137868326; LogProcessCycleTimeSum = 0.1689231395721436; SleepCycleTimeAvg = 5.004938899785024; SleepCycleTimeCount = 6867.0; SleepCycleTimeMax = 5.287952899932861; SleepCycleTimeMin = 4.004240989685059; SleepCycleTimeStd = 0.02113480874705154; SleepCycleTimeSum = 34368.91542482376; SubmitCycleTimeAvg = 0.0007101161645190551; SubmitCycleTimeCount = 6868.0; SubmitCycleTimeMax = 1.15375018119812; SubmitCycleTimeMin = 1.9073486328125E-05; SubmitCycleTimeStd = 0.02127962552226076; SubmitCycleTimeSum = 4.87707781791687; ]
03/30/20 19:36:52 Currently monitoring 1 HTCondor log file(s)
03/30/20 19:36:52 Reassigning the id of job ele_flat2to100_PU200_hadd from (4223933.0.0) to (4223933.0.0)
03/30/20 19:36:52 Event: ULOG_SUBMIT for HTCondor Node ele_flat2to100_PU200_hadd (4223933.0.0) {03/30/20 19:36:47}
03/30/20 19:36:52 Number of idle job procs: 1
03/30/20 19:42:07 Currently monitoring 1 HTCondor log file(s)
03/30/20 19:42:07 Event: ULOG_EXECUTE for HTCondor Node ele_flat2to100_PU200_hadd (4223933.0.0) {03/30/20 19:42:03}
03/30/20 19:42:07 Number of idle job procs: 0
03/30/20 19:42:12 Currently monitoring 1 HTCondor log file(s)
03/30/20 19:42:12 Event: ULOG_JOB_TERMINATED for HTCondor Node ele_flat2to100_PU200_hadd (4223933.0.0) {03/30/20 19:42:09}
03/30/20 19:42:12 Number of idle job procs: 0
03/30/20 19:42:12 Node ele_flat2to100_PU200_hadd job proc (4223933.0.0) failed with status 1.
03/30/20 19:42:12 Retrying node ele_flat2to100_PU200_hadd (retry #2 of 3)...
03/30/20 19:42:12 DAG status: 0 (DAG_STATUS_OK)
03/30/20 19:42:12 Of 3 nodes total:
03/30/20 19:42:12  Done     Pre   Queued    Post   Ready   Un-Ready   Failed
03/30/20 19:42:12   ===     ===      ===     ===     ===        ===      ===
03/30/20 19:42:12     1       0        0       0       1          1        0
03/30/20 19:42:12 0 job proc(s) currently held
03/30/20 19:42:12 DAGMan Runtime Statistics: [ EventCycleTimeAvg = 0.001539101782246814; EventCycleTimeCount = 6932.0; EventCycleTimeMax = 1.153779983520508; EventCycleTimeMin = 2.980232238769531E-05; EventCycleTimeStd = 0.02929240290725018; EventCycleTimeSum = 10.66905355453491; LogProcessCycleTimeAvg = 0.02669789791107178; LogProcessCycleTimeCount = 10.0; LogProcessCycleTimeMax = 0.1079370975494385; LogProcessCycleTimeMin = 0.0002338886260986328; LogProcessCycleTimeStd = 0.0361891202995561; LogProcessCycleTimeSum = 0.2669789791107178; SleepCycleTimeAvg = 5.004793960409775; SleepCycleTimeCount = 6932.0; SleepCycleTimeMax = 5.287952899932861; SleepCycleTimeMin = 4.004240989685059; SleepCycleTimeStd = 0.02418853430512028; SleepCycleTimeSum = 34693.23173356056; SubmitCycleTimeAvg = 0.0007040313221100483; SubmitCycleTimeCount = 6933.0; SubmitCycleTimeMax = 1.15375018119812; SubmitCycleTimeMin = 1.9073486328125E-05; SubmitCycleTimeStd = 0.02117971565707581; SubmitCycleTimeSum = 4.881049156188965; ]
03/30/20 19:42:17 Reassigning the id of job ele_flat2to100_PU200_hadd from (4223933.0.0) to (-1.-1.-1)
03/30/20 19:42:17 Submitting HTCondor Node ele_flat2to100_PU200_hadd job(s)...
03/30/20 19:42:17 Adding a DAGMan workflow log /afs/cern.ch/work/j/jheikkil/tools/ntuple-tools/batch_BDT_input_v1/dagman.dag.nodes.log
03/30/20 19:42:17 Masking the events recorded in the DAGMAN workflow log
03/30/20 19:42:17 Mask for workflow log is 0,1,2,4,5,7,9,10,11,12,13,16,17,24,27,35,36
03/30/20 19:42:17 submitting: /usr/bin/condor_submit -a dag_node_name' '=' 'ele_flat2to100_PU200_hadd -a +DAGManJobId' '=' '4218112 -a DAGManJobId' '=' '4218112 -batch-name dagman.dag+4218112 -a submit_event_notes' '=' 'DAG' 'Node:' 'ele_flat2to100_PU200_hadd -a dagman_log' '=' '/afs/cern.ch/work/j/jheikkil/tools/ntuple-tools/batch_BDT_input_v1/dagman.dag.nodes.log -a +DAGManNodesMask' '=' '"0,1,2,4,5,7,9,10,11,12,13,16,17,24,27,35,36" -a priority=1 -a DAG_STATUS' '=' '0 -a FAILED_COUNT' '=' '0 -a +KeepClaimIdle' '=' '20 -a notification' '=' 'never -a +DAGParentNodeNames' '=' '"ele_flat2to100_PU200+Job_0" batch_BDT_input_v1/ele_flat2to100_PU200/batch_hadd.sub
03/30/20 19:42:17 From submit: Submitting job(s).
03/30/20 19:42:17 From submit: 1 job(s) submitted to cluster 4223943.
03/30/20 19:42:17 	assigned HTCondor ID (4223943.0.0)
03/30/20 19:42:17 Just submitted 1 job this cycle...
03/30/20 19:42:17 DAG status: 0 (DAG_STATUS_OK)
03/30/20 19:42:17 Of 3 nodes total:
03/30/20 19:42:17  Done     Pre   Queued    Post   Ready   Un-Ready   Failed
03/30/20 19:42:17   ===     ===      ===     ===     ===        ===      ===
03/30/20 19:42:17     1       0        1       0       0          1        0
03/30/20 19:42:17 0 job proc(s) currently held
03/30/20 19:42:17 DAGMan Runtime Statistics: [ EventCycleTimeAvg = 0.001576567218879007; EventCycleTimeCount = 6933.0; EventCycleTimeMax = 1.153779983520508; EventCycleTimeMin = 2.980232238769531E-05; EventCycleTimeStd = 0.02945594431096365; EventCycleTimeSum = 10.93034052848816; LogProcessCycleTimeAvg = 0.02669789791107178; LogProcessCycleTimeCount = 10.0; LogProcessCycleTimeMax = 0.1079370975494385; LogProcessCycleTimeMin = 0.0002338886260986328; LogProcessCycleTimeStd = 0.0361891202995561; LogProcessCycleTimeSum = 0.2669789791107178; SleepCycleTimeAvg = 5.004794007717712; SleepCycleTimeCount = 6933.0; SleepCycleTimeMax = 5.287952899932861; SleepCycleTimeMin = 4.004240989685059; SleepCycleTimeStd = 0.02418678986191879; SleepCycleTimeSum = 34698.2368555069; SubmitCycleTimeAvg = 0.0007477521139914549; SubmitCycleTimeCount = 6934.0; SubmitCycleTimeMax = 1.15375018119812; SubmitCycleTimeMin = 1.9073486328125E-05; SubmitCycleTimeStd = 0.02148883540606449; SubmitCycleTimeSum = 5.184913158416748; ]
03/30/20 19:42:22 Currently monitoring 1 HTCondor log file(s)
03/30/20 19:42:22 Reassigning the id of job ele_flat2to100_PU200_hadd from (4223943.0.0) to (4223943.0.0)
03/30/20 19:42:22 Event: ULOG_SUBMIT for HTCondor Node ele_flat2to100_PU200_hadd (4223943.0.0) {03/30/20 19:42:17}
03/30/20 19:42:22 Number of idle job procs: 1
03/30/20 19:47:08 Currently monitoring 1 HTCondor log file(s)
03/30/20 19:47:08 Event: ULOG_EXECUTE for HTCondor Node ele_flat2to100_PU200_hadd (4223943.0.0) {03/30/20 19:47:06}
03/30/20 19:47:08 Number of idle job procs: 0
03/30/20 19:47:18 Currently monitoring 1 HTCondor log file(s)
03/30/20 19:47:18 Event: ULOG_JOB_TERMINATED for HTCondor Node ele_flat2to100_PU200_hadd (4223943.0.0) {03/30/20 19:47:14}
03/30/20 19:47:18 Number of idle job procs: 0
03/30/20 19:47:18 Node ele_flat2to100_PU200_hadd job proc (4223943.0.0) failed with status 1.
03/30/20 19:47:18 Retrying node ele_flat2to100_PU200_hadd (retry #3 of 3)...
03/30/20 19:47:18 DAG status: 0 (DAG_STATUS_OK)
03/30/20 19:47:18 Of 3 nodes total:
03/30/20 19:47:18  Done     Pre   Queued    Post   Ready   Un-Ready   Failed
03/30/20 19:47:18   ===     ===      ===     ===     ===        ===      ===
03/30/20 19:47:18     1       0        0       0       1          1        0
03/30/20 19:47:18 0 job proc(s) currently held
03/30/20 19:47:18 DAGMan Runtime Statistics: [ EventCycleTimeAvg = 0.001629211761810639; EventCycleTimeCount = 6993.0; EventCycleTimeMax = 1.153779983520508; EventCycleTimeMin = 2.980232238769531E-05; EventCycleTimeStd = 0.029608004994743; EventCycleTimeSum = 11.3930778503418; LogProcessCycleTimeAvg = 0.03180146217346191; LogProcessCycleTimeCount = 13.0; LogProcessCycleTimeMax = 0.1369810104370117; LogProcessCycleTimeMin = 0.0002338886260986328; LogProcessCycleTimeStd = 0.04528590803184937; LogProcessCycleTimeSum = 0.4134190082550049; SleepCycleTimeAvg = 5.004801080544994; SleepCycleTimeCount = 6993.0; SleepCycleTimeMax = 5.287952899932861; SleepCycleTimeMin = 4.004240989685059; SleepCycleTimeStd = 0.02408439441706711; SleepCycleTimeSum = 34998.57395625114; SubmitCycleTimeAvg = 0.0007418389998063177; SubmitCycleTimeCount = 6994.0; SubmitCycleTimeMax = 1.15375018119812; SubmitCycleTimeMin = 1.9073486328125E-05; SubmitCycleTimeStd = 0.02139654411852081; SubmitCycleTimeSum = 5.188421964645386; ]
03/30/20 19:47:23 Reassigning the id of job ele_flat2to100_PU200_hadd from (4223943.0.0) to (-1.-1.-1)
03/30/20 19:47:23 Submitting HTCondor Node ele_flat2to100_PU200_hadd job(s)...
03/30/20 19:47:23 Adding a DAGMan workflow log /afs/cern.ch/work/j/jheikkil/tools/ntuple-tools/batch_BDT_input_v1/dagman.dag.nodes.log
03/30/20 19:47:23 Masking the events recorded in the DAGMAN workflow log
03/30/20 19:47:23 Mask for workflow log is 0,1,2,4,5,7,9,10,11,12,13,16,17,24,27,35,36
03/30/20 19:47:23 submitting: /usr/bin/condor_submit -a dag_node_name' '=' 'ele_flat2to100_PU200_hadd -a +DAGManJobId' '=' '4218112 -a DAGManJobId' '=' '4218112 -batch-name dagman.dag+4218112 -a submit_event_notes' '=' 'DAG' 'Node:' 'ele_flat2to100_PU200_hadd -a dagman_log' '=' '/afs/cern.ch/work/j/jheikkil/tools/ntuple-tools/batch_BDT_input_v1/dagman.dag.nodes.log -a +DAGManNodesMask' '=' '"0,1,2,4,5,7,9,10,11,12,13,16,17,24,27,35,36" -a priority=1 -a DAG_STATUS' '=' '0 -a FAILED_COUNT' '=' '0 -a +KeepClaimIdle' '=' '20 -a notification' '=' 'never -a +DAGParentNodeNames' '=' '"ele_flat2to100_PU200+Job_0" batch_BDT_input_v1/ele_flat2to100_PU200/batch_hadd.sub
03/30/20 19:47:24 From submit: Submitting job(s).
03/30/20 19:47:24 From submit: 1 job(s) submitted to cluster 4224010.
03/30/20 19:47:24 	assigned HTCondor ID (4224010.0.0)
03/30/20 19:47:24 Just submitted 1 job this cycle...
03/30/20 19:47:24 DAG status: 0 (DAG_STATUS_OK)
03/30/20 19:47:24 Of 3 nodes total:
03/30/20 19:47:24  Done     Pre   Queued    Post   Ready   Un-Ready   Failed
03/30/20 19:47:24   ===     ===      ===     ===     ===        ===      ===
03/30/20 19:47:24     1       0        1       0       0          1        0
03/30/20 19:47:24 0 job proc(s) currently held
03/30/20 19:47:24 DAGMan Runtime Statistics: [ EventCycleTimeAvg = 0.00170606103732922; EventCycleTimeCount = 6994.0; EventCycleTimeMax = 1.153779983520508; EventCycleTimeMin = 2.980232238769531E-05; EventCycleTimeStd = 0.03029544263011106; EventCycleTimeSum = 11.93219089508057; LogProcessCycleTimeAvg = 0.03180146217346191; LogProcessCycleTimeCount = 13.0; LogProcessCycleTimeMax = 0.1369810104370117; LogProcessCycleTimeMin = 0.0002338886260986328; LogProcessCycleTimeStd = 0.04528590803184937; LogProcessCycleTimeSum = 0.4134190082550049; SleepCycleTimeAvg = 5.004801121411202; SleepCycleTimeCount = 6994.0; SleepCycleTimeMax = 5.287952899932861; SleepCycleTimeMin = 4.004240989685059; SleepCycleTimeStd = 0.02408267256203673; SleepCycleTimeSum = 35003.57904314995; SubmitCycleTimeAvg = 0.0007661108121946933; SubmitCycleTimeCount = 6995.0; SubmitCycleTimeMax = 1.15375018119812; SubmitCycleTimeMin = 1.9073486328125E-05; SubmitCycleTimeStd = 0.02149110380860931; SubmitCycleTimeSum = 5.35894513130188; ]
03/30/20 19:47:29 Currently monitoring 1 HTCondor log file(s)
03/30/20 19:47:29 Reassigning the id of job ele_flat2to100_PU200_hadd from (4224010.0.0) to (4224010.0.0)
03/30/20 19:47:29 Event: ULOG_SUBMIT for HTCondor Node ele_flat2to100_PU200_hadd (4224010.0.0) {03/30/20 19:47:24}
03/30/20 19:47:29 Number of idle job procs: 1
03/30/20 19:51:59 Currently monitoring 1 HTCondor log file(s)
03/30/20 19:51:59 Event: ULOG_EXECUTE for HTCondor Node ele_flat2to100_PU200_hadd (4224010.0.0) {03/30/20 19:51:56}
03/30/20 19:51:59 Number of idle job procs: 0
03/30/20 19:52:04 Currently monitoring 1 HTCondor log file(s)
03/30/20 19:52:04 Event: ULOG_JOB_TERMINATED for HTCondor Node ele_flat2to100_PU200_hadd (4224010.0.0) {03/30/20 19:52:02}
03/30/20 19:52:04 Number of idle job procs: 0
03/30/20 19:52:04 Node ele_flat2to100_PU200_hadd job proc (4224010.0.0) failed with status 1.
03/30/20 19:52:04 DAG status: 2 (DAG_STATUS_NODE_FAILED)
03/30/20 19:52:04 Of 3 nodes total:
03/30/20 19:52:04  Done     Pre   Queued    Post   Ready   Un-Ready   Failed
03/30/20 19:52:04   ===     ===      ===     ===     ===        ===      ===
03/30/20 19:52:04     1       0        0       0       0          1        1
03/30/20 19:52:04 0 job proc(s) currently held
03/30/20 19:52:04 DAGMan Runtime Statistics: [ EventCycleTimeAvg = 0.001723952969760759; EventCycleTimeCount = 7050.0; EventCycleTimeMax = 1.153779983520508; EventCycleTimeMin = 2.980232238769531E-05; EventCycleTimeStd = 0.03024704036793016; EventCycleTimeSum = 12.15386843681335; LogProcessCycleTimeAvg = 0.02875612676143646; LogProcessCycleTimeCount = 16.0; LogProcessCycleTimeMax = 0.1369810104370117; LogProcessCycleTimeMin = 0.0002338886260986328; LogProcessCycleTimeStd = 0.04214360251277906; LogProcessCycleTimeSum = 0.4600980281829834; SleepCycleTimeAvg = 5.004810206907015; SleepCycleTimeCount = 7050.0; SleepCycleTimeMax = 5.287952899932861; SleepCycleTimeMin = 4.004240989685059; SleepCycleTimeStd = 0.02398807686730864; SleepCycleTimeSum = 35283.91195869446; SubmitCycleTimeAvg = 0.0007605058320818717; SubmitCycleTimeCount = 7051.0; SubmitCycleTimeMax = 1.15375018119812; SubmitCycleTimeMin = 1.9073486328125E-05; SubmitCycleTimeStd = 0.02140567064161345; SubmitCycleTimeSum = 5.362326622009277; ]
03/30/20 19:52:04 ERROR: the following job(s) failed:
03/30/20 19:52:04 ---------------------- Job ----------------------
03/30/20 19:52:04       Node Name: ele_flat2to100_PU200_hadd
03/30/20 19:52:04            Noop: false
03/30/20 19:52:04          NodeID: 1
03/30/20 19:52:04     Node Status: STATUS_ERROR    
03/30/20 19:52:04 Node return val: 1
03/30/20 19:52:04           Error: Job proc (4224010.0.0) failed with status 1 (after 3 node retries)
03/30/20 19:52:04 Job Submit File: batch_BDT_input_v1/ele_flat2to100_PU200/batch_hadd.sub
03/30/20 19:52:04           Retry: 3
03/30/20 19:52:04  HTCondor Job ID: (4224010.0.0)
03/30/20 19:52:04       Q_PARENTS: ele_flat2to100_PU200+Job_0, <END>
03/30/20 19:52:04       Q_WAITING: <END>
03/30/20 19:52:04      Q_CHILDREN: ele_flat2to100_PU200_cleanup, <END>
03/30/20 19:52:04 ---------------------------------------	<END>
03/30/20 19:52:04 Aborting DAG...
03/30/20 19:52:04 Writing Rescue DAG to batch_BDT_input_v1/dagman.dag.rescue001...
03/30/20 19:52:04 Removing submitted jobs...
03/30/20 19:52:04 Removing any/all submitted HTCondor jobs...
03/30/20 19:52:04 Running: /usr/bin/condor_rm -const DAGManJobId' '=?=' '4218112
03/30/20 19:52:04 Note: 0 total job deferrals because of -MaxJobs limit (0)
03/30/20 19:52:04 Note: 0 total job deferrals because of -MaxIdle limit (1000)
03/30/20 19:52:04 Note: 0 total job deferrals because of node category throttles
03/30/20 19:52:04 Note: 0 total PRE script deferrals because of -MaxPre limit (20) or DEFER
03/30/20 19:52:04 Note: 0 total POST script deferrals because of -MaxPost limit (20) or DEFER
03/30/20 19:52:04 DAG status: 2 (DAG_STATUS_NODE_FAILED)
03/30/20 19:52:04 Of 3 nodes total:
03/30/20 19:52:04  Done     Pre   Queued    Post   Ready   Un-Ready   Failed
03/30/20 19:52:04   ===     ===      ===     ===     ===        ===      ===
03/30/20 19:52:04     1       0        0       0       0          1        1
03/30/20 19:52:04 0 job proc(s) currently held
03/30/20 19:52:04 DAGMan Runtime Statistics: [ EventCycleTimeAvg = 0.001723952969760759; EventCycleTimeCount = 7050.0; EventCycleTimeMax = 1.153779983520508; EventCycleTimeMin = 2.980232238769531E-05; EventCycleTimeStd = 0.03024704036793016; EventCycleTimeSum = 12.15386843681335; LogProcessCycleTimeAvg = 0.02875612676143646; LogProcessCycleTimeCount = 16.0; LogProcessCycleTimeMax = 0.1369810104370117; LogProcessCycleTimeMin = 0.0002338886260986328; LogProcessCycleTimeStd = 0.04214360251277906; LogProcessCycleTimeSum = 0.4600980281829834; SleepCycleTimeAvg = 5.004810206907015; SleepCycleTimeCount = 7050.0; SleepCycleTimeMax = 5.287952899932861; SleepCycleTimeMin = 4.004240989685059; SleepCycleTimeStd = 0.02398807686730864; SleepCycleTimeSum = 35283.91195869446; SubmitCycleTimeAvg = 0.0007605058320818717; SubmitCycleTimeCount = 7051.0; SubmitCycleTimeMax = 1.15375018119812; SubmitCycleTimeMin = 1.9073486328125E-05; SubmitCycleTimeStd = 0.02140567064161345; SubmitCycleTimeSum = 5.362326622009277; ]
03/30/20 19:52:04 Wrote metrics file batch_BDT_input_v1/dagman.dag.metrics.
03/30/20 19:52:04 Metrics not sent because of PEGASUS_METRICS or CONDOR_DEVELOPERS setting.
03/30/20 19:52:04 DAGMan Runtime Statistics: [ EventCycleTimeAvg = 0.001723952969760759; EventCycleTimeCount = 7050.0; EventCycleTimeMax = 1.153779983520508; EventCycleTimeMin = 2.980232238769531E-05; EventCycleTimeStd = 0.03024704036793016; EventCycleTimeSum = 12.15386843681335; LogProcessCycleTimeAvg = 0.02875612676143646; LogProcessCycleTimeCount = 16.0; LogProcessCycleTimeMax = 0.1369810104370117; LogProcessCycleTimeMin = 0.0002338886260986328; LogProcessCycleTimeStd = 0.04214360251277906; LogProcessCycleTimeSum = 0.4600980281829834; SleepCycleTimeAvg = 5.004810206907015; SleepCycleTimeCount = 7050.0; SleepCycleTimeMax = 5.287952899932861; SleepCycleTimeMin = 4.004240989685059; SleepCycleTimeStd = 0.02398807686730864; SleepCycleTimeSum = 35283.91195869446; SubmitCycleTimeAvg = 0.0007605058320818717; SubmitCycleTimeCount = 7051.0; SubmitCycleTimeMax = 1.15375018119812; SubmitCycleTimeMin = 1.9073486328125E-05; SubmitCycleTimeStd = 0.02140567064161345; SubmitCycleTimeSum = 5.362326622009277; ]
03/30/20 19:52:04 **** condor_scheduniv_exec.4218112.0 (condor_DAGMAN) pid 611959 EXITING WITH STATUS 1
