Runnin Cluster 4233740 Job 0
Current dir: /pool/condor/dir_28485
Now in dir: /afs/cern.ch/work/j/jheikkil/tools/ntuple-tools
b7g23n0376.cern.ch
0
/afs/cern.ch/work/j/jheikkil/tools/ntuple-tools
Tue Mar 31 12:04:45 CEST 2020
/eos/user/j/jheikkil/www/triggerStudies/tmp/histos_ele_flat2to100_PU200_eg_v1_0.root
/eos/user/j/jheikkil/www/triggerStudies/tmp/histos_ele_flat2to100_PU200_eg_v1_1.root
/eos/user/j/jheikkil/www/triggerStudies/tmp/histos_ele_flat2to100_PU200_eg_v1_10.root
/eos/user/j/jheikkil/www/triggerStudies/tmp/histos_ele_flat2to100_PU200_eg_v1_100.root
/eos/user/j/jheikkil/www/triggerStudies/tmp/histos_ele_flat2to100_PU200_eg_v1_101.root
/eos/user/j/jheikkil/www/triggerStudies/tmp/histos_ele_flat2to100_PU200_eg_v1_102.root
/eos/user/j/jheikkil/www/triggerStudies/tmp/histos_ele_flat2to100_PU200_eg_v1_103.root
/eos/user/j/jheikkil/www/triggerStudies/tmp/histos_ele_flat2to100_PU200_eg_v1_104.root
/eos/user/j/jheikkil/www/triggerStudies/tmp/histos_ele_flat2to100_PU200_eg_v1_105.root
/eos/user/j/jheikkil/www/triggerStudies/tmp/histos_ele_flat2to100_PU200_eg_v1_106.root
/eos/user/j/jheikkil/www/triggerStudies/tmp/histos_ele_flat2to100_PU200_eg_v1_107.root
/eos/user/j/jheikkil/www/triggerStudies/tmp/histos_ele_flat2to100_PU200_eg_v1_108.root
/eos/user/j/jheikkil/www/triggerStudies/tmp/histos_ele_flat2to100_PU200_eg_v1_109.root
/eos/user/j/jheikkil/www/triggerStudies/tmp/histos_ele_flat2to100_PU200_eg_v1_11.root
/eos/user/j/jheikkil/www/triggerStudies/tmp/histos_ele_flat2to100_PU200_eg_v1_110.root
/eos/user/j/jheikkil/www/triggerStudies/tmp/histos_ele_flat2to100_PU200_eg_v1_111.root
/eos/user/j/jheikkil/www/triggerStudies/tmp/histos_ele_flat2to100_PU200_eg_v1_112.root
/eos/user/j/jheikkil/www/triggerStudies/tmp/histos_ele_flat2to100_PU200_eg_v1_113.root
/eos/user/j/jheikkil/www/triggerStudies/tmp/histos_ele_flat2to100_PU200_eg_v1_114.root
/eos/user/j/jheikkil/www/triggerStudies/tmp/histos_ele_flat2to100_PU200_eg_v1_115.root
/eos/user/j/jheikkil/www/triggerStudies/tmp/histos_ele_flat2to100_PU200_eg_v1_116.root
/eos/user/j/jheikkil/www/triggerStudies/tmp/histos_ele_flat2to100_PU200_eg_v1_117.root
/eos/user/j/jheikkil/www/triggerStudies/tmp/histos_ele_flat2to100_PU200_eg_v1_118.root
/eos/user/j/jheikkil/www/triggerStudies/tmp/histos_ele_flat2to100_PU200_eg_v1_119.root
/eos/user/j/jheikkil/www/triggerStudies/tmp/histos_ele_flat2to100_PU200_eg_v1_12.root
/eos/user/j/jheikkil/www/triggerStudies/tmp/histos_ele_flat2to100_PU200_eg_v1_120.root
/eos/user/j/jheikkil/www/triggerStudies/tmp/histos_ele_flat2to100_PU200_eg_v1_121.root
/eos/user/j/jheikkil/www/triggerStudies/tmp/histos_ele_flat2to100_PU200_eg_v1_122.root
/eos/user/j/jheikkil/www/triggerStudies/tmp/histos_ele_flat2to100_PU200_eg_v1_123.root
/eos/user/j/jheikkil/www/triggerStudies/tmp/histos_ele_flat2to100_PU200_eg_v1_124.root
/eos/user/j/jheikkil/www/triggerStudies/tmp/histos_ele_flat2to100_PU200_eg_v1_125.root
/eos/user/j/jheikkil/www/triggerStudies/tmp/histos_ele_flat2to100_PU200_eg_v1_126.root
/eos/user/j/jheikkil/www/triggerStudies/tmp/histos_ele_flat2to100_PU200_eg_v1_127.root
/eos/user/j/jheikkil/www/triggerStudies/tmp/histos_ele_flat2to100_PU200_eg_v1_128.root
/eos/user/j/jheikkil/www/triggerStudies/tmp/histos_ele_flat2to100_PU200_eg_v1_129.root
/eos/user/j/jheikkil/www/triggerStudies/tmp/histos_ele_flat2to100_PU200_eg_v1_13.root
/eos/user/j/jheikkil/www/triggerStudies/tmp/histos_ele_flat2to100_PU200_eg_v1_130.root
/eos/user/j/jheikkil/www/triggerStudies/tmp/histos_ele_flat2to100_PU200_eg_v1_131.root
/eos/user/j/jheikkil/www/triggerStudies/tmp/histos_ele_flat2to100_PU200_eg_v1_132.root
/eos/user/j/jheikkil/www/triggerStudies/tmp/histos_ele_flat2to100_PU200_eg_v1_133.root
/eos/user/j/jheikkil/www/triggerStudies/tmp/histos_ele_flat2to100_PU200_eg_v1_134.root
/eos/user/j/jheikkil/www/triggerStudies/tmp/histos_ele_flat2to100_PU200_eg_v1_135.root
/eos/user/j/jheikkil/www/triggerStudies/tmp/histos_ele_flat2to100_PU200_eg_v1_136.root
/eos/user/j/jheikkil/www/triggerStudies/tmp/histos_ele_flat2to100_PU200_eg_v1_138.root
/eos/user/j/jheikkil/www/triggerStudies/tmp/histos_ele_flat2to100_PU200_eg_v1_139.root
/eos/user/j/jheikkil/www/triggerStudies/tmp/histos_ele_flat2to100_PU200_eg_v1_14.root
/eos/user/j/jheikkil/www/triggerStudies/tmp/histos_ele_flat2to100_PU200_eg_v1_140.root
/eos/user/j/jheikkil/www/triggerStudies/tmp/histos_ele_flat2to100_PU200_eg_v1_141.root
/eos/user/j/jheikkil/www/triggerStudies/tmp/histos_ele_flat2to100_PU200_eg_v1_142.root
/eos/user/j/jheikkil/www/triggerStudies/tmp/histos_ele_flat2to100_PU200_eg_v1_143.root
/eos/user/j/jheikkil/www/triggerStudies/tmp/histos_ele_flat2to100_PU200_eg_v1_144.root
/eos/user/j/jheikkil/www/triggerStudies/tmp/histos_ele_flat2to100_PU200_eg_v1_145.root
/eos/user/j/jheikkil/www/triggerStudies/tmp/histos_ele_flat2to100_PU200_eg_v1_146.root
/eos/user/j/jheikkil/www/triggerStudies/tmp/histos_ele_flat2to100_PU200_eg_v1_147.root
/eos/user/j/jheikkil/www/triggerStudies/tmp/histos_ele_flat2to100_PU200_eg_v1_148.root
/eos/user/j/jheikkil/www/triggerStudies/tmp/histos_ele_flat2to100_PU200_eg_v1_149.root
/eos/user/j/jheikkil/www/triggerStudies/tmp/histos_ele_flat2to100_PU200_eg_v1_15.root
/eos/user/j/jheikkil/www/triggerStudies/tmp/histos_ele_flat2to100_PU200_eg_v1_150.root
/eos/user/j/jheikkil/www/triggerStudies/tmp/histos_ele_flat2to100_PU200_eg_v1_151.root
/eos/user/j/jheikkil/www/triggerStudies/tmp/histos_ele_flat2to100_PU200_eg_v1_152.root
/eos/user/j/jheikkil/www/triggerStudies/tmp/histos_ele_flat2to100_PU200_eg_v1_153.root
/eos/user/j/jheikkil/www/triggerStudies/tmp/histos_ele_flat2to100_PU200_eg_v1_154.root
/eos/user/j/jheikkil/www/triggerStudies/tmp/histos_ele_flat2to100_PU200_eg_v1_155.root
/eos/user/j/jheikkil/www/triggerStudies/tmp/histos_ele_flat2to100_PU200_eg_v1_156.root
/eos/user/j/jheikkil/www/triggerStudies/tmp/histos_ele_flat2to100_PU200_eg_v1_157.root
/eos/user/j/jheikkil/www/triggerStudies/tmp/histos_ele_flat2to100_PU200_eg_v1_158.root
/eos/user/j/jheikkil/www/triggerStudies/tmp/histos_ele_flat2to100_PU200_eg_v1_159.root
/eos/user/j/jheikkil/www/triggerStudies/tmp/histos_ele_flat2to100_PU200_eg_v1_16.root
/eos/user/j/jheikkil/www/triggerStudies/tmp/histos_ele_flat2to100_PU200_eg_v1_160.root
/eos/user/j/jheikkil/www/triggerStudies/tmp/histos_ele_flat2to100_PU200_eg_v1_161.root
/eos/user/j/jheikkil/www/triggerStudies/tmp/histos_ele_flat2to100_PU200_eg_v1_162.root
/eos/user/j/jheikkil/www/triggerStudies/tmp/histos_ele_flat2to100_PU200_eg_v1_163.root
/eos/user/j/jheikkil/www/triggerStudies/tmp/histos_ele_flat2to100_PU200_eg_v1_164.root
/eos/user/j/jheikkil/www/triggerStudies/tmp/histos_ele_flat2to100_PU200_eg_v1_165.root
/eos/user/j/jheikkil/www/triggerStudies/tmp/histos_ele_flat2to100_PU200_eg_v1_166.root
/eos/user/j/jheikkil/www/triggerStudies/tmp/histos_ele_flat2to100_PU200_eg_v1_167.root
/eos/user/j/jheikkil/www/triggerStudies/tmp/histos_ele_flat2to100_PU200_eg_v1_168.root
/eos/user/j/jheikkil/www/triggerStudies/tmp/histos_ele_flat2to100_PU200_eg_v1_169.root
/eos/user/j/jheikkil/www/triggerStudies/tmp/histos_ele_flat2to100_PU200_eg_v1_17.root
/eos/user/j/jheikkil/www/triggerStudies/tmp/histos_ele_flat2to100_PU200_eg_v1_170.root
/eos/user/j/jheikkil/www/triggerStudies/tmp/histos_ele_flat2to100_PU200_eg_v1_171.root
/eos/user/j/jheikkil/www/triggerStudies/tmp/histos_ele_flat2to100_PU200_eg_v1_172.root
/eos/user/j/jheikkil/www/triggerStudies/tmp/histos_ele_flat2to100_PU200_eg_v1_173.root
/eos/user/j/jheikkil/www/triggerStudies/tmp/histos_ele_flat2to100_PU200_eg_v1_174.root
/eos/user/j/jheikkil/www/triggerStudies/tmp/histos_ele_flat2to100_PU200_eg_v1_175.root
/eos/user/j/jheikkil/www/triggerStudies/tmp/histos_ele_flat2to100_PU200_eg_v1_176.root
/eos/user/j/jheikkil/www/triggerStudies/tmp/histos_ele_flat2to100_PU200_eg_v1_177.root
/eos/user/j/jheikkil/www/triggerStudies/tmp/histos_ele_flat2to100_PU200_eg_v1_178.root
/eos/user/j/jheikkil/www/triggerStudies/tmp/histos_ele_flat2to100_PU200_eg_v1_179.root
/eos/user/j/jheikkil/www/triggerStudies/tmp/histos_ele_flat2to100_PU200_eg_v1_18.root
/eos/user/j/jheikkil/www/triggerStudies/tmp/histos_ele_flat2to100_PU200_eg_v1_180.root
/eos/user/j/jheikkil/www/triggerStudies/tmp/histos_ele_flat2to100_PU200_eg_v1_181.root
/eos/user/j/jheikkil/www/triggerStudies/tmp/histos_ele_flat2to100_PU200_eg_v1_182.root
/eos/user/j/jheikkil/www/triggerStudies/tmp/histos_ele_flat2to100_PU200_eg_v1_183.root
/eos/user/j/jheikkil/www/triggerStudies/tmp/histos_ele_flat2to100_PU200_eg_v1_184.root
/eos/user/j/jheikkil/www/triggerStudies/tmp/histos_ele_flat2to100_PU200_eg_v1_185.root
/eos/user/j/jheikkil/www/triggerStudies/tmp/histos_ele_flat2to100_PU200_eg_v1_186.root
/eos/user/j/jheikkil/www/triggerStudies/tmp/histos_ele_flat2to100_PU200_eg_v1_187.root
/eos/user/j/jheikkil/www/triggerStudies/tmp/histos_ele_flat2to100_PU200_eg_v1_188.root
/eos/user/j/jheikkil/www/triggerStudies/tmp/histos_ele_flat2to100_PU200_eg_v1_189.root
/eos/user/j/jheikkil/www/triggerStudies/tmp/histos_ele_flat2to100_PU200_eg_v1_19.root
/eos/user/j/jheikkil/www/triggerStudies/tmp/histos_ele_flat2to100_PU200_eg_v1_190.root
/eos/user/j/jheikkil/www/triggerStudies/tmp/histos_ele_flat2to100_PU200_eg_v1_191.root
/eos/user/j/jheikkil/www/triggerStudies/tmp/histos_ele_flat2to100_PU200_eg_v1_192.root
/eos/user/j/jheikkil/www/triggerStudies/tmp/histos_ele_flat2to100_PU200_eg_v1_193.root
/eos/user/j/jheikkil/www/triggerStudies/tmp/histos_ele_flat2to100_PU200_eg_v1_194.root
/eos/user/j/jheikkil/www/triggerStudies/tmp/histos_ele_flat2to100_PU200_eg_v1_195.root
/eos/user/j/jheikkil/www/triggerStudies/tmp/histos_ele_flat2to100_PU200_eg_v1_196.root
/eos/user/j/jheikkil/www/triggerStudies/tmp/histos_ele_flat2to100_PU200_eg_v1_197.root
/eos/user/j/jheikkil/www/triggerStudies/tmp/histos_ele_flat2to100_PU200_eg_v1_198.root
/eos/user/j/jheikkil/www/triggerStudies/tmp/histos_ele_flat2to100_PU200_eg_v1_199.root
/eos/user/j/jheikkil/www/triggerStudies/tmp/histos_ele_flat2to100_PU200_eg_v1_2.root
/eos/user/j/jheikkil/www/triggerStudies/tmp/histos_ele_flat2to100_PU200_eg_v1_20.root
/eos/user/j/jheikkil/www/triggerStudies/tmp/histos_ele_flat2to100_PU200_eg_v1_200.root
/eos/user/j/jheikkil/www/triggerStudies/tmp/histos_ele_flat2to100_PU200_eg_v1_201.root
/eos/user/j/jheikkil/www/triggerStudies/tmp/histos_ele_flat2to100_PU200_eg_v1_202.root
/eos/user/j/jheikkil/www/triggerStudies/tmp/histos_ele_flat2to100_PU200_eg_v1_203.root
/eos/user/j/jheikkil/www/triggerStudies/tmp/histos_ele_flat2to100_PU200_eg_v1_204.root
/eos/user/j/jheikkil/www/triggerStudies/tmp/histos_ele_flat2to100_PU200_eg_v1_205.root
/eos/user/j/jheikkil/www/triggerStudies/tmp/histos_ele_flat2to100_PU200_eg_v1_206.root
/eos/user/j/jheikkil/www/triggerStudies/tmp/histos_ele_flat2to100_PU200_eg_v1_207.root
/eos/user/j/jheikkil/www/triggerStudies/tmp/histos_ele_flat2to100_PU200_eg_v1_208.root
/eos/user/j/jheikkil/www/triggerStudies/tmp/histos_ele_flat2to100_PU200_eg_v1_209.root
/eos/user/j/jheikkil/www/triggerStudies/tmp/histos_ele_flat2to100_PU200_eg_v1_21.root
/eos/user/j/jheikkil/www/triggerStudies/tmp/histos_ele_flat2to100_PU200_eg_v1_210.root
/eos/user/j/jheikkil/www/triggerStudies/tmp/histos_ele_flat2to100_PU200_eg_v1_211.root
/eos/user/j/jheikkil/www/triggerStudies/tmp/histos_ele_flat2to100_PU200_eg_v1_212.root
/eos/user/j/jheikkil/www/triggerStudies/tmp/histos_ele_flat2to100_PU200_eg_v1_213.root
/eos/user/j/jheikkil/www/triggerStudies/tmp/histos_ele_flat2to100_PU200_eg_v1_214.root
/eos/user/j/jheikkil/www/triggerStudies/tmp/histos_ele_flat2to100_PU200_eg_v1_215.root
/eos/user/j/jheikkil/www/triggerStudies/tmp/histos_ele_flat2to100_PU200_eg_v1_216.root
/eos/user/j/jheikkil/www/triggerStudies/tmp/histos_ele_flat2to100_PU200_eg_v1_217.root
/eos/user/j/jheikkil/www/triggerStudies/tmp/histos_ele_flat2to100_PU200_eg_v1_218.root
/eos/user/j/jheikkil/www/triggerStudies/tmp/histos_ele_flat2to100_PU200_eg_v1_219.root
/eos/user/j/jheikkil/www/triggerStudies/tmp/histos_ele_flat2to100_PU200_eg_v1_22.root
/eos/user/j/jheikkil/www/triggerStudies/tmp/histos_ele_flat2to100_PU200_eg_v1_220.root
/eos/user/j/jheikkil/www/triggerStudies/tmp/histos_ele_flat2to100_PU200_eg_v1_221.root
/eos/user/j/jheikkil/www/triggerStudies/tmp/histos_ele_flat2to100_PU200_eg_v1_222.root
/eos/user/j/jheikkil/www/triggerStudies/tmp/histos_ele_flat2to100_PU200_eg_v1_223.root
/eos/user/j/jheikkil/www/triggerStudies/tmp/histos_ele_flat2to100_PU200_eg_v1_224.root
/eos/user/j/jheikkil/www/triggerStudies/tmp/histos_ele_flat2to100_PU200_eg_v1_225.root
/eos/user/j/jheikkil/www/triggerStudies/tmp/histos_ele_flat2to100_PU200_eg_v1_226.root
/eos/user/j/jheikkil/www/triggerStudies/tmp/histos_ele_flat2to100_PU200_eg_v1_227.root
/eos/user/j/jheikkil/www/triggerStudies/tmp/histos_ele_flat2to100_PU200_eg_v1_228.root
/eos/user/j/jheikkil/www/triggerStudies/tmp/histos_ele_flat2to100_PU200_eg_v1_229.root
/eos/user/j/jheikkil/www/triggerStudies/tmp/histos_ele_flat2to100_PU200_eg_v1_23.root
/eos/user/j/jheikkil/www/triggerStudies/tmp/histos_ele_flat2to100_PU200_eg_v1_230.root
/eos/user/j/jheikkil/www/triggerStudies/tmp/histos_ele_flat2to100_PU200_eg_v1_231.root
/eos/user/j/jheikkil/www/triggerStudies/tmp/histos_ele_flat2to100_PU200_eg_v1_232.root
/eos/user/j/jheikkil/www/triggerStudies/tmp/histos_ele_flat2to100_PU200_eg_v1_233.root
/eos/user/j/jheikkil/www/triggerStudies/tmp/histos_ele_flat2to100_PU200_eg_v1_234.root
/eos/user/j/jheikkil/www/triggerStudies/tmp/histos_ele_flat2to100_PU200_eg_v1_235.root
/eos/user/j/jheikkil/www/triggerStudies/tmp/histos_ele_flat2to100_PU200_eg_v1_236.root
/eos/user/j/jheikkil/www/triggerStudies/tmp/histos_ele_flat2to100_PU200_eg_v1_237.root
/eos/user/j/jheikkil/www/triggerStudies/tmp/histos_ele_flat2to100_PU200_eg_v1_238.root
/eos/user/j/jheikkil/www/triggerStudies/tmp/histos_ele_flat2to100_PU200_eg_v1_239.root
/eos/user/j/jheikkil/www/triggerStudies/tmp/histos_ele_flat2to100_PU200_eg_v1_24.root
/eos/user/j/jheikkil/www/triggerStudies/tmp/histos_ele_flat2to100_PU200_eg_v1_240.root
/eos/user/j/jheikkil/www/triggerStudies/tmp/histos_ele_flat2to100_PU200_eg_v1_241.root
/eos/user/j/jheikkil/www/triggerStudies/tmp/histos_ele_flat2to100_PU200_eg_v1_242.root
/eos/user/j/jheikkil/www/triggerStudies/tmp/histos_ele_flat2to100_PU200_eg_v1_243.root
/eos/user/j/jheikkil/www/triggerStudies/tmp/histos_ele_flat2to100_PU200_eg_v1_244.root
/eos/user/j/jheikkil/www/triggerStudies/tmp/histos_ele_flat2to100_PU200_eg_v1_245.root
/eos/user/j/jheikkil/www/triggerStudies/tmp/histos_ele_flat2to100_PU200_eg_v1_246.root
/eos/user/j/jheikkil/www/triggerStudies/tmp/histos_ele_flat2to100_PU200_eg_v1_247.root
/eos/user/j/jheikkil/www/triggerStudies/tmp/histos_ele_flat2to100_PU200_eg_v1_248.root
/eos/user/j/jheikkil/www/triggerStudies/tmp/histos_ele_flat2to100_PU200_eg_v1_249.root
/eos/user/j/jheikkil/www/triggerStudies/tmp/histos_ele_flat2to100_PU200_eg_v1_25.root
/eos/user/j/jheikkil/www/triggerStudies/tmp/histos_ele_flat2to100_PU200_eg_v1_250.root
/eos/user/j/jheikkil/www/triggerStudies/tmp/histos_ele_flat2to100_PU200_eg_v1_251.root
/eos/user/j/jheikkil/www/triggerStudies/tmp/histos_ele_flat2to100_PU200_eg_v1_252.root
/eos/user/j/jheikkil/www/triggerStudies/tmp/histos_ele_flat2to100_PU200_eg_v1_253.root
/eos/user/j/jheikkil/www/triggerStudies/tmp/histos_ele_flat2to100_PU200_eg_v1_254.root
/eos/user/j/jheikkil/www/triggerStudies/tmp/histos_ele_flat2to100_PU200_eg_v1_255.root
/eos/user/j/jheikkil/www/triggerStudies/tmp/histos_ele_flat2to100_PU200_eg_v1_256.root
/eos/user/j/jheikkil/www/triggerStudies/tmp/histos_ele_flat2to100_PU200_eg_v1_257.root
/eos/user/j/jheikkil/www/triggerStudies/tmp/histos_ele_flat2to100_PU200_eg_v1_258.root
/eos/user/j/jheikkil/www/triggerStudies/tmp/histos_ele_flat2to100_PU200_eg_v1_259.root
/eos/user/j/jheikkil/www/triggerStudies/tmp/histos_ele_flat2to100_PU200_eg_v1_26.root
/eos/user/j/jheikkil/www/triggerStudies/tmp/histos_ele_flat2to100_PU200_eg_v1_260.root
/eos/user/j/jheikkil/www/triggerStudies/tmp/histos_ele_flat2to100_PU200_eg_v1_261.root
/eos/user/j/jheikkil/www/triggerStudies/tmp/histos_ele_flat2to100_PU200_eg_v1_262.root
/eos/user/j/jheikkil/www/triggerStudies/tmp/histos_ele_flat2to100_PU200_eg_v1_263.root
/eos/user/j/jheikkil/www/triggerStudies/tmp/histos_ele_flat2to100_PU200_eg_v1_264.root
/eos/user/j/jheikkil/www/triggerStudies/tmp/histos_ele_flat2to100_PU200_eg_v1_265.root
/eos/user/j/jheikkil/www/triggerStudies/tmp/histos_ele_flat2to100_PU200_eg_v1_266.root
/eos/user/j/jheikkil/www/triggerStudies/tmp/histos_ele_flat2to100_PU200_eg_v1_267.root
/eos/user/j/jheikkil/www/triggerStudies/tmp/histos_ele_flat2to100_PU200_eg_v1_268.root
/eos/user/j/jheikkil/www/triggerStudies/tmp/histos_ele_flat2to100_PU200_eg_v1_269.root
/eos/user/j/jheikkil/www/triggerStudies/tmp/histos_ele_flat2to100_PU200_eg_v1_27.root
/eos/user/j/jheikkil/www/triggerStudies/tmp/histos_ele_flat2to100_PU200_eg_v1_270.root
/eos/user/j/jheikkil/www/triggerStudies/tmp/histos_ele_flat2to100_PU200_eg_v1_271.root
/eos/user/j/jheikkil/www/triggerStudies/tmp/histos_ele_flat2to100_PU200_eg_v1_272.root
/eos/user/j/jheikkil/www/triggerStudies/tmp/histos_ele_flat2to100_PU200_eg_v1_273.root
/eos/user/j/jheikkil/www/triggerStudies/tmp/histos_ele_flat2to100_PU200_eg_v1_274.root
/eos/user/j/jheikkil/www/triggerStudies/tmp/histos_ele_flat2to100_PU200_eg_v1_275.root
/eos/user/j/jheikkil/www/triggerStudies/tmp/histos_ele_flat2to100_PU200_eg_v1_276.root
/eos/user/j/jheikkil/www/triggerStudies/tmp/histos_ele_flat2to100_PU200_eg_v1_277.root
/eos/user/j/jheikkil/www/triggerStudies/tmp/histos_ele_flat2to100_PU200_eg_v1_278.root
/eos/user/j/jheikkil/www/triggerStudies/tmp/histos_ele_flat2to100_PU200_eg_v1_279.root
/eos/user/j/jheikkil/www/triggerStudies/tmp/histos_ele_flat2to100_PU200_eg_v1_28.root
/eos/user/j/jheikkil/www/triggerStudies/tmp/histos_ele_flat2to100_PU200_eg_v1_280.root
/eos/user/j/jheikkil/www/triggerStudies/tmp/histos_ele_flat2to100_PU200_eg_v1_281.root
/eos/user/j/jheikkil/www/triggerStudies/tmp/histos_ele_flat2to100_PU200_eg_v1_282.root
/eos/user/j/jheikkil/www/triggerStudies/tmp/histos_ele_flat2to100_PU200_eg_v1_283.root
/eos/user/j/jheikkil/www/triggerStudies/tmp/histos_ele_flat2to100_PU200_eg_v1_284.root
/eos/user/j/jheikkil/www/triggerStudies/tmp/histos_ele_flat2to100_PU200_eg_v1_285.root
/eos/user/j/jheikkil/www/triggerStudies/tmp/histos_ele_flat2to100_PU200_eg_v1_286.root
/eos/user/j/jheikkil/www/triggerStudies/tmp/histos_ele_flat2to100_PU200_eg_v1_288.root
/eos/user/j/jheikkil/www/triggerStudies/tmp/histos_ele_flat2to100_PU200_eg_v1_289.root
/eos/user/j/jheikkil/www/triggerStudies/tmp/histos_ele_flat2to100_PU200_eg_v1_29.root
/eos/user/j/jheikkil/www/triggerStudies/tmp/histos_ele_flat2to100_PU200_eg_v1_290.root
/eos/user/j/jheikkil/www/triggerStudies/tmp/histos_ele_flat2to100_PU200_eg_v1_291.root
/eos/user/j/jheikkil/www/triggerStudies/tmp/histos_ele_flat2to100_PU200_eg_v1_292.root
/eos/user/j/jheikkil/www/triggerStudies/tmp/histos_ele_flat2to100_PU200_eg_v1_293.root
/eos/user/j/jheikkil/www/triggerStudies/tmp/histos_ele_flat2to100_PU200_eg_v1_294.root
/eos/user/j/jheikkil/www/triggerStudies/tmp/histos_ele_flat2to100_PU200_eg_v1_295.root
/eos/user/j/jheikkil/www/triggerStudies/tmp/histos_ele_flat2to100_PU200_eg_v1_296.root
/eos/user/j/jheikkil/www/triggerStudies/tmp/histos_ele_flat2to100_PU200_eg_v1_297.root
/eos/user/j/jheikkil/www/triggerStudies/tmp/histos_ele_flat2to100_PU200_eg_v1_298.root
/eos/user/j/jheikkil/www/triggerStudies/tmp/histos_ele_flat2to100_PU200_eg_v1_299.root
/eos/user/j/jheikkil/www/triggerStudies/tmp/histos_ele_flat2to100_PU200_eg_v1_3.root
/eos/user/j/jheikkil/www/triggerStudies/tmp/histos_ele_flat2to100_PU200_eg_v1_30.root
/eos/user/j/jheikkil/www/triggerStudies/tmp/histos_ele_flat2to100_PU200_eg_v1_300.root
/eos/user/j/jheikkil/www/triggerStudies/tmp/histos_ele_flat2to100_PU200_eg_v1_301.root
/eos/user/j/jheikkil/www/triggerStudies/tmp/histos_ele_flat2to100_PU200_eg_v1_302.root
/eos/user/j/jheikkil/www/triggerStudies/tmp/histos_ele_flat2to100_PU200_eg_v1_303.root
/eos/user/j/jheikkil/www/triggerStudies/tmp/histos_ele_flat2to100_PU200_eg_v1_304.root
/eos/user/j/jheikkil/www/triggerStudies/tmp/histos_ele_flat2to100_PU200_eg_v1_305.root
/eos/user/j/jheikkil/www/triggerStudies/tmp/histos_ele_flat2to100_PU200_eg_v1_306.root
/eos/user/j/jheikkil/www/triggerStudies/tmp/histos_ele_flat2to100_PU200_eg_v1_307.root
/eos/user/j/jheikkil/www/triggerStudies/tmp/histos_ele_flat2to100_PU200_eg_v1_308.root
/eos/user/j/jheikkil/www/triggerStudies/tmp/histos_ele_flat2to100_PU200_eg_v1_309.root
/eos/user/j/jheikkil/www/triggerStudies/tmp/histos_ele_flat2to100_PU200_eg_v1_31.root
/eos/user/j/jheikkil/www/triggerStudies/tmp/histos_ele_flat2to100_PU200_eg_v1_310.root
/eos/user/j/jheikkil/www/triggerStudies/tmp/histos_ele_flat2to100_PU200_eg_v1_311.root
/eos/user/j/jheikkil/www/triggerStudies/tmp/histos_ele_flat2to100_PU200_eg_v1_312.root
/eos/user/j/jheikkil/www/triggerStudies/tmp/histos_ele_flat2to100_PU200_eg_v1_313.root
/eos/user/j/jheikkil/www/triggerStudies/tmp/histos_ele_flat2to100_PU200_eg_v1_314.root
/eos/user/j/jheikkil/www/triggerStudies/tmp/histos_ele_flat2to100_PU200_eg_v1_315.root
/eos/user/j/jheikkil/www/triggerStudies/tmp/histos_ele_flat2to100_PU200_eg_v1_316.root
/eos/user/j/jheikkil/www/triggerStudies/tmp/histos_ele_flat2to100_PU200_eg_v1_317.root
/eos/user/j/jheikkil/www/triggerStudies/tmp/histos_ele_flat2to100_PU200_eg_v1_318.root
/eos/user/j/jheikkil/www/triggerStudies/tmp/histos_ele_flat2to100_PU200_eg_v1_319.root
/eos/user/j/jheikkil/www/triggerStudies/tmp/histos_ele_flat2to100_PU200_eg_v1_32.root
/eos/user/j/jheikkil/www/triggerStudies/tmp/histos_ele_flat2to100_PU200_eg_v1_320.root
/eos/user/j/jheikkil/www/triggerStudies/tmp/histos_ele_flat2to100_PU200_eg_v1_321.root
/eos/user/j/jheikkil/www/triggerStudies/tmp/histos_ele_flat2to100_PU200_eg_v1_322.root
/eos/user/j/jheikkil/www/triggerStudies/tmp/histos_ele_flat2to100_PU200_eg_v1_323.root
/eos/user/j/jheikkil/www/triggerStudies/tmp/histos_ele_flat2to100_PU200_eg_v1_324.root
/eos/user/j/jheikkil/www/triggerStudies/tmp/histos_ele_flat2to100_PU200_eg_v1_325.root
/eos/user/j/jheikkil/www/triggerStudies/tmp/histos_ele_flat2to100_PU200_eg_v1_326.root
/eos/user/j/jheikkil/www/triggerStudies/tmp/histos_ele_flat2to100_PU200_eg_v1_327.root
/eos/user/j/jheikkil/www/triggerStudies/tmp/histos_ele_flat2to100_PU200_eg_v1_328.root
/eos/user/j/jheikkil/www/triggerStudies/tmp/histos_ele_flat2to100_PU200_eg_v1_329.root
/eos/user/j/jheikkil/www/triggerStudies/tmp/histos_ele_flat2to100_PU200_eg_v1_33.root
/eos/user/j/jheikkil/www/triggerStudies/tmp/histos_ele_flat2to100_PU200_eg_v1_330.root
/eos/user/j/jheikkil/www/triggerStudies/tmp/histos_ele_flat2to100_PU200_eg_v1_331.root
/eos/user/j/jheikkil/www/triggerStudies/tmp/histos_ele_flat2to100_PU200_eg_v1_332.root
/eos/user/j/jheikkil/www/triggerStudies/tmp/histos_ele_flat2to100_PU200_eg_v1_333.root
/eos/user/j/jheikkil/www/triggerStudies/tmp/histos_ele_flat2to100_PU200_eg_v1_334.root
/eos/user/j/jheikkil/www/triggerStudies/tmp/histos_ele_flat2to100_PU200_eg_v1_335.root
/eos/user/j/jheikkil/www/triggerStudies/tmp/histos_ele_flat2to100_PU200_eg_v1_336.root
/eos/user/j/jheikkil/www/triggerStudies/tmp/histos_ele_flat2to100_PU200_eg_v1_337.root
/eos/user/j/jheikkil/www/triggerStudies/tmp/histos_ele_flat2to100_PU200_eg_v1_338.root
/eos/user/j/jheikkil/www/triggerStudies/tmp/histos_ele_flat2to100_PU200_eg_v1_339.root
/eos/user/j/jheikkil/www/triggerStudies/tmp/histos_ele_flat2to100_PU200_eg_v1_34.root
/eos/user/j/jheikkil/www/triggerStudies/tmp/histos_ele_flat2to100_PU200_eg_v1_340.root
/eos/user/j/jheikkil/www/triggerStudies/tmp/histos_ele_flat2to100_PU200_eg_v1_341.root
/eos/user/j/jheikkil/www/triggerStudies/tmp/histos_ele_flat2to100_PU200_eg_v1_342.root
/eos/user/j/jheikkil/www/triggerStudies/tmp/histos_ele_flat2to100_PU200_eg_v1_343.root
/eos/user/j/jheikkil/www/triggerStudies/tmp/histos_ele_flat2to100_PU200_eg_v1_344.root
/eos/user/j/jheikkil/www/triggerStudies/tmp/histos_ele_flat2to100_PU200_eg_v1_345.root
/eos/user/j/jheikkil/www/triggerStudies/tmp/histos_ele_flat2to100_PU200_eg_v1_346.root
/eos/user/j/jheikkil/www/triggerStudies/tmp/histos_ele_flat2to100_PU200_eg_v1_347.root
/eos/user/j/jheikkil/www/triggerStudies/tmp/histos_ele_flat2to100_PU200_eg_v1_348.root
/eos/user/j/jheikkil/www/triggerStudies/tmp/histos_ele_flat2to100_PU200_eg_v1_349.root
/eos/user/j/jheikkil/www/triggerStudies/tmp/histos_ele_flat2to100_PU200_eg_v1_35.root
/eos/user/j/jheikkil/www/triggerStudies/tmp/histos_ele_flat2to100_PU200_eg_v1_350.root
/eos/user/j/jheikkil/www/triggerStudies/tmp/histos_ele_flat2to100_PU200_eg_v1_351.root
/eos/user/j/jheikkil/www/triggerStudies/tmp/histos_ele_flat2to100_PU200_eg_v1_352.root
/eos/user/j/jheikkil/www/triggerStudies/tmp/histos_ele_flat2to100_PU200_eg_v1_353.root
/eos/user/j/jheikkil/www/triggerStudies/tmp/histos_ele_flat2to100_PU200_eg_v1_354.root
/eos/user/j/jheikkil/www/triggerStudies/tmp/histos_ele_flat2to100_PU200_eg_v1_355.root
/eos/user/j/jheikkil/www/triggerStudies/tmp/histos_ele_flat2to100_PU200_eg_v1_356.root
/eos/user/j/jheikkil/www/triggerStudies/tmp/histos_ele_flat2to100_PU200_eg_v1_357.root
/eos/user/j/jheikkil/www/triggerStudies/tmp/histos_ele_flat2to100_PU200_eg_v1_358.root
/eos/user/j/jheikkil/www/triggerStudies/tmp/histos_ele_flat2to100_PU200_eg_v1_359.root
/eos/user/j/jheikkil/www/triggerStudies/tmp/histos_ele_flat2to100_PU200_eg_v1_36.root
/eos/user/j/jheikkil/www/triggerStudies/tmp/histos_ele_flat2to100_PU200_eg_v1_360.root
/eos/user/j/jheikkil/www/triggerStudies/tmp/histos_ele_flat2to100_PU200_eg_v1_361.root
/eos/user/j/jheikkil/www/triggerStudies/tmp/histos_ele_flat2to100_PU200_eg_v1_362.root
/eos/user/j/jheikkil/www/triggerStudies/tmp/histos_ele_flat2to100_PU200_eg_v1_363.root
/eos/user/j/jheikkil/www/triggerStudies/tmp/histos_ele_flat2to100_PU200_eg_v1_364.root
/eos/user/j/jheikkil/www/triggerStudies/tmp/histos_ele_flat2to100_PU200_eg_v1_365.root
/eos/user/j/jheikkil/www/triggerStudies/tmp/histos_ele_flat2to100_PU200_eg_v1_366.root
/eos/user/j/jheikkil/www/triggerStudies/tmp/histos_ele_flat2to100_PU200_eg_v1_367.root
/eos/user/j/jheikkil/www/triggerStudies/tmp/histos_ele_flat2to100_PU200_eg_v1_368.root
/eos/user/j/jheikkil/www/triggerStudies/tmp/histos_ele_flat2to100_PU200_eg_v1_369.root
/eos/user/j/jheikkil/www/triggerStudies/tmp/histos_ele_flat2to100_PU200_eg_v1_37.root
/eos/user/j/jheikkil/www/triggerStudies/tmp/histos_ele_flat2to100_PU200_eg_v1_370.root
/eos/user/j/jheikkil/www/triggerStudies/tmp/histos_ele_flat2to100_PU200_eg_v1_371.root
/eos/user/j/jheikkil/www/triggerStudies/tmp/histos_ele_flat2to100_PU200_eg_v1_372.root
/eos/user/j/jheikkil/www/triggerStudies/tmp/histos_ele_flat2to100_PU200_eg_v1_373.root
/eos/user/j/jheikkil/www/triggerStudies/tmp/histos_ele_flat2to100_PU200_eg_v1_374.root
/eos/user/j/jheikkil/www/triggerStudies/tmp/histos_ele_flat2to100_PU200_eg_v1_375.root
/eos/user/j/jheikkil/www/triggerStudies/tmp/histos_ele_flat2to100_PU200_eg_v1_376.root
/eos/user/j/jheikkil/www/triggerStudies/tmp/histos_ele_flat2to100_PU200_eg_v1_377.root
/eos/user/j/jheikkil/www/triggerStudies/tmp/histos_ele_flat2to100_PU200_eg_v1_378.root
/eos/user/j/jheikkil/www/triggerStudies/tmp/histos_ele_flat2to100_PU200_eg_v1_379.root
/eos/user/j/jheikkil/www/triggerStudies/tmp/histos_ele_flat2to100_PU200_eg_v1_38.root
/eos/user/j/jheikkil/www/triggerStudies/tmp/histos_ele_flat2to100_PU200_eg_v1_380.root
/eos/user/j/jheikkil/www/triggerStudies/tmp/histos_ele_flat2to100_PU200_eg_v1_381.root
/eos/user/j/jheikkil/www/triggerStudies/tmp/histos_ele_flat2to100_PU200_eg_v1_382.root
/eos/user/j/jheikkil/www/triggerStudies/tmp/histos_ele_flat2to100_PU200_eg_v1_383.root
/eos/user/j/jheikkil/www/triggerStudies/tmp/histos_ele_flat2to100_PU200_eg_v1_384.root
/eos/user/j/jheikkil/www/triggerStudies/tmp/histos_ele_flat2to100_PU200_eg_v1_385.root
/eos/user/j/jheikkil/www/triggerStudies/tmp/histos_ele_flat2to100_PU200_eg_v1_386.root
/eos/user/j/jheikkil/www/triggerStudies/tmp/histos_ele_flat2to100_PU200_eg_v1_387.root
/eos/user/j/jheikkil/www/triggerStudies/tmp/histos_ele_flat2to100_PU200_eg_v1_388.root
/eos/user/j/jheikkil/www/triggerStudies/tmp/histos_ele_flat2to100_PU200_eg_v1_389.root
/eos/user/j/jheikkil/www/triggerStudies/tmp/histos_ele_flat2to100_PU200_eg_v1_39.root
/eos/user/j/jheikkil/www/triggerStudies/tmp/histos_ele_flat2to100_PU200_eg_v1_390.root
/eos/user/j/jheikkil/www/triggerStudies/tmp/histos_ele_flat2to100_PU200_eg_v1_391.root
/eos/user/j/jheikkil/www/triggerStudies/tmp/histos_ele_flat2to100_PU200_eg_v1_392.root
/eos/user/j/jheikkil/www/triggerStudies/tmp/histos_ele_flat2to100_PU200_eg_v1_393.root
/eos/user/j/jheikkil/www/triggerStudies/tmp/histos_ele_flat2to100_PU200_eg_v1_394.root
/eos/user/j/jheikkil/www/triggerStudies/tmp/histos_ele_flat2to100_PU200_eg_v1_395.root
/eos/user/j/jheikkil/www/triggerStudies/tmp/histos_ele_flat2to100_PU200_eg_v1_396.root
/eos/user/j/jheikkil/www/triggerStudies/tmp/histos_ele_flat2to100_PU200_eg_v1_398.root
/eos/user/j/jheikkil/www/triggerStudies/tmp/histos_ele_flat2to100_PU200_eg_v1_399.root
/eos/user/j/jheikkil/www/triggerStudies/tmp/histos_ele_flat2to100_PU200_eg_v1_4.root
/eos/user/j/jheikkil/www/triggerStudies/tmp/histos_ele_flat2to100_PU200_eg_v1_40.root
/eos/user/j/jheikkil/www/triggerStudies/tmp/histos_ele_flat2to100_PU200_eg_v1_400.root
/eos/user/j/jheikkil/www/triggerStudies/tmp/histos_ele_flat2to100_PU200_eg_v1_401.root
/eos/user/j/jheikkil/www/triggerStudies/tmp/histos_ele_flat2to100_PU200_eg_v1_402.root
/eos/user/j/jheikkil/www/triggerStudies/tmp/histos_ele_flat2to100_PU200_eg_v1_403.root
/eos/user/j/jheikkil/www/triggerStudies/tmp/histos_ele_flat2to100_PU200_eg_v1_404.root
/eos/user/j/jheikkil/www/triggerStudies/tmp/histos_ele_flat2to100_PU200_eg_v1_405.root
/eos/user/j/jheikkil/www/triggerStudies/tmp/histos_ele_flat2to100_PU200_eg_v1_406.root
/eos/user/j/jheikkil/www/triggerStudies/tmp/histos_ele_flat2to100_PU200_eg_v1_407.root
/eos/user/j/jheikkil/www/triggerStudies/tmp/histos_ele_flat2to100_PU200_eg_v1_408.root
/eos/user/j/jheikkil/www/triggerStudies/tmp/histos_ele_flat2to100_PU200_eg_v1_409.root
/eos/user/j/jheikkil/www/triggerStudies/tmp/histos_ele_flat2to100_PU200_eg_v1_41.root
/eos/user/j/jheikkil/www/triggerStudies/tmp/histos_ele_flat2to100_PU200_eg_v1_410.root
/eos/user/j/jheikkil/www/triggerStudies/tmp/histos_ele_flat2to100_PU200_eg_v1_411.root
/eos/user/j/jheikkil/www/triggerStudies/tmp/histos_ele_flat2to100_PU200_eg_v1_412.root
/eos/user/j/jheikkil/www/triggerStudies/tmp/histos_ele_flat2to100_PU200_eg_v1_413.root
/eos/user/j/jheikkil/www/triggerStudies/tmp/histos_ele_flat2to100_PU200_eg_v1_414.root
/eos/user/j/jheikkil/www/triggerStudies/tmp/histos_ele_flat2to100_PU200_eg_v1_415.root
/eos/user/j/jheikkil/www/triggerStudies/tmp/histos_ele_flat2to100_PU200_eg_v1_416.root
/eos/user/j/jheikkil/www/triggerStudies/tmp/histos_ele_flat2to100_PU200_eg_v1_417.root
/eos/user/j/jheikkil/www/triggerStudies/tmp/histos_ele_flat2to100_PU200_eg_v1_418.root
/eos/user/j/jheikkil/www/triggerStudies/tmp/histos_ele_flat2to100_PU200_eg_v1_419.root
/eos/user/j/jheikkil/www/triggerStudies/tmp/histos_ele_flat2to100_PU200_eg_v1_42.root
/eos/user/j/jheikkil/www/triggerStudies/tmp/histos_ele_flat2to100_PU200_eg_v1_420.root
/eos/user/j/jheikkil/www/triggerStudies/tmp/histos_ele_flat2to100_PU200_eg_v1_421.root
/eos/user/j/jheikkil/www/triggerStudies/tmp/histos_ele_flat2to100_PU200_eg_v1_422.root
/eos/user/j/jheikkil/www/triggerStudies/tmp/histos_ele_flat2to100_PU200_eg_v1_423.root
/eos/user/j/jheikkil/www/triggerStudies/tmp/histos_ele_flat2to100_PU200_eg_v1_424.root
/eos/user/j/jheikkil/www/triggerStudies/tmp/histos_ele_flat2to100_PU200_eg_v1_425.root
/eos/user/j/jheikkil/www/triggerStudies/tmp/histos_ele_flat2to100_PU200_eg_v1_426.root
/eos/user/j/jheikkil/www/triggerStudies/tmp/histos_ele_flat2to100_PU200_eg_v1_427.root
/eos/user/j/jheikkil/www/triggerStudies/tmp/histos_ele_flat2to100_PU200_eg_v1_428.root
/eos/user/j/jheikkil/www/triggerStudies/tmp/histos_ele_flat2to100_PU200_eg_v1_429.root
/eos/user/j/jheikkil/www/triggerStudies/tmp/histos_ele_flat2to100_PU200_eg_v1_43.root
/eos/user/j/jheikkil/www/triggerStudies/tmp/histos_ele_flat2to100_PU200_eg_v1_430.root
/eos/user/j/jheikkil/www/triggerStudies/tmp/histos_ele_flat2to100_PU200_eg_v1_431.root
/eos/user/j/jheikkil/www/triggerStudies/tmp/histos_ele_flat2to100_PU200_eg_v1_432.root
/eos/user/j/jheikkil/www/triggerStudies/tmp/histos_ele_flat2to100_PU200_eg_v1_433.root
/eos/user/j/jheikkil/www/triggerStudies/tmp/histos_ele_flat2to100_PU200_eg_v1_434.root
/eos/user/j/jheikkil/www/triggerStudies/tmp/histos_ele_flat2to100_PU200_eg_v1_435.root
/eos/user/j/jheikkil/www/triggerStudies/tmp/histos_ele_flat2to100_PU200_eg_v1_436.root
/eos/user/j/jheikkil/www/triggerStudies/tmp/histos_ele_flat2to100_PU200_eg_v1_437.root
/eos/user/j/jheikkil/www/triggerStudies/tmp/histos_ele_flat2to100_PU200_eg_v1_438.root
/eos/user/j/jheikkil/www/triggerStudies/tmp/histos_ele_flat2to100_PU200_eg_v1_439.root
/eos/user/j/jheikkil/www/triggerStudies/tmp/histos_ele_flat2to100_PU200_eg_v1_44.root
/eos/user/j/jheikkil/www/triggerStudies/tmp/histos_ele_flat2to100_PU200_eg_v1_440.root
/eos/user/j/jheikkil/www/triggerStudies/tmp/histos_ele_flat2to100_PU200_eg_v1_441.root
/eos/user/j/jheikkil/www/triggerStudies/tmp/histos_ele_flat2to100_PU200_eg_v1_442.root
/eos/user/j/jheikkil/www/triggerStudies/tmp/histos_ele_flat2to100_PU200_eg_v1_443.root
/eos/user/j/jheikkil/www/triggerStudies/tmp/histos_ele_flat2to100_PU200_eg_v1_444.root
/eos/user/j/jheikkil/www/triggerStudies/tmp/histos_ele_flat2to100_PU200_eg_v1_445.root
/eos/user/j/jheikkil/www/triggerStudies/tmp/histos_ele_flat2to100_PU200_eg_v1_446.root
/eos/user/j/jheikkil/www/triggerStudies/tmp/histos_ele_flat2to100_PU200_eg_v1_447.root
/eos/user/j/jheikkil/www/triggerStudies/tmp/histos_ele_flat2to100_PU200_eg_v1_448.root
/eos/user/j/jheikkil/www/triggerStudies/tmp/histos_ele_flat2to100_PU200_eg_v1_449.root
/eos/user/j/jheikkil/www/triggerStudies/tmp/histos_ele_flat2to100_PU200_eg_v1_45.root
/eos/user/j/jheikkil/www/triggerStudies/tmp/histos_ele_flat2to100_PU200_eg_v1_450.root
/eos/user/j/jheikkil/www/triggerStudies/tmp/histos_ele_flat2to100_PU200_eg_v1_451.root
/eos/user/j/jheikkil/www/triggerStudies/tmp/histos_ele_flat2to100_PU200_eg_v1_452.root
/eos/user/j/jheikkil/www/triggerStudies/tmp/histos_ele_flat2to100_PU200_eg_v1_453.root
/eos/user/j/jheikkil/www/triggerStudies/tmp/histos_ele_flat2to100_PU200_eg_v1_454.root
/eos/user/j/jheikkil/www/triggerStudies/tmp/histos_ele_flat2to100_PU200_eg_v1_455.root
/eos/user/j/jheikkil/www/triggerStudies/tmp/histos_ele_flat2to100_PU200_eg_v1_456.root
/eos/user/j/jheikkil/www/triggerStudies/tmp/histos_ele_flat2to100_PU200_eg_v1_457.root
/eos/user/j/jheikkil/www/triggerStudies/tmp/histos_ele_flat2to100_PU200_eg_v1_458.root
/eos/user/j/jheikkil/www/triggerStudies/tmp/histos_ele_flat2to100_PU200_eg_v1_459.root
/eos/user/j/jheikkil/www/triggerStudies/tmp/histos_ele_flat2to100_PU200_eg_v1_46.root
/eos/user/j/jheikkil/www/triggerStudies/tmp/histos_ele_flat2to100_PU200_eg_v1_460.root
/eos/user/j/jheikkil/www/triggerStudies/tmp/histos_ele_flat2to100_PU200_eg_v1_461.root
/eos/user/j/jheikkil/www/triggerStudies/tmp/histos_ele_flat2to100_PU200_eg_v1_462.root
/eos/user/j/jheikkil/www/triggerStudies/tmp/histos_ele_flat2to100_PU200_eg_v1_463.root
/eos/user/j/jheikkil/www/triggerStudies/tmp/histos_ele_flat2to100_PU200_eg_v1_464.root
/eos/user/j/jheikkil/www/triggerStudies/tmp/histos_ele_flat2to100_PU200_eg_v1_465.root
/eos/user/j/jheikkil/www/triggerStudies/tmp/histos_ele_flat2to100_PU200_eg_v1_466.root
/eos/user/j/jheikkil/www/triggerStudies/tmp/histos_ele_flat2to100_PU200_eg_v1_467.root
/eos/user/j/jheikkil/www/triggerStudies/tmp/histos_ele_flat2to100_PU200_eg_v1_468.root
/eos/user/j/jheikkil/www/triggerStudies/tmp/histos_ele_flat2to100_PU200_eg_v1_469.root
/eos/user/j/jheikkil/www/triggerStudies/tmp/histos_ele_flat2to100_PU200_eg_v1_47.root
/eos/user/j/jheikkil/www/triggerStudies/tmp/histos_ele_flat2to100_PU200_eg_v1_470.root
/eos/user/j/jheikkil/www/triggerStudies/tmp/histos_ele_flat2to100_PU200_eg_v1_471.root
/eos/user/j/jheikkil/www/triggerStudies/tmp/histos_ele_flat2to100_PU200_eg_v1_472.root
/eos/user/j/jheikkil/www/triggerStudies/tmp/histos_ele_flat2to100_PU200_eg_v1_473.root
/eos/user/j/jheikkil/www/triggerStudies/tmp/histos_ele_flat2to100_PU200_eg_v1_474.root
/eos/user/j/jheikkil/www/triggerStudies/tmp/histos_ele_flat2to100_PU200_eg_v1_475.root
/eos/user/j/jheikkil/www/triggerStudies/tmp/histos_ele_flat2to100_PU200_eg_v1_476.root
/eos/user/j/jheikkil/www/triggerStudies/tmp/histos_ele_flat2to100_PU200_eg_v1_477.root
/eos/user/j/jheikkil/www/triggerStudies/tmp/histos_ele_flat2to100_PU200_eg_v1_478.root
/eos/user/j/jheikkil/www/triggerStudies/tmp/histos_ele_flat2to100_PU200_eg_v1_479.root
/eos/user/j/jheikkil/www/triggerStudies/tmp/histos_ele_flat2to100_PU200_eg_v1_48.root
/eos/user/j/jheikkil/www/triggerStudies/tmp/histos_ele_flat2to100_PU200_eg_v1_480.root
/eos/user/j/jheikkil/www/triggerStudies/tmp/histos_ele_flat2to100_PU200_eg_v1_481.root
/eos/user/j/jheikkil/www/triggerStudies/tmp/histos_ele_flat2to100_PU200_eg_v1_482.root
/eos/user/j/jheikkil/www/triggerStudies/tmp/histos_ele_flat2to100_PU200_eg_v1_483.root
/eos/user/j/jheikkil/www/triggerStudies/tmp/histos_ele_flat2to100_PU200_eg_v1_484.root
/eos/user/j/jheikkil/www/triggerStudies/tmp/histos_ele_flat2to100_PU200_eg_v1_485.root
/eos/user/j/jheikkil/www/triggerStudies/tmp/histos_ele_flat2to100_PU200_eg_v1_486.root
/eos/user/j/jheikkil/www/triggerStudies/tmp/histos_ele_flat2to100_PU200_eg_v1_487.root
/eos/user/j/jheikkil/www/triggerStudies/tmp/histos_ele_flat2to100_PU200_eg_v1_488.root
/eos/user/j/jheikkil/www/triggerStudies/tmp/histos_ele_flat2to100_PU200_eg_v1_489.root
/eos/user/j/jheikkil/www/triggerStudies/tmp/histos_ele_flat2to100_PU200_eg_v1_49.root
/eos/user/j/jheikkil/www/triggerStudies/tmp/histos_ele_flat2to100_PU200_eg_v1_490.root
/eos/user/j/jheikkil/www/triggerStudies/tmp/histos_ele_flat2to100_PU200_eg_v1_491.root
/eos/user/j/jheikkil/www/triggerStudies/tmp/histos_ele_flat2to100_PU200_eg_v1_492.root
/eos/user/j/jheikkil/www/triggerStudies/tmp/histos_ele_flat2to100_PU200_eg_v1_493.root
/eos/user/j/jheikkil/www/triggerStudies/tmp/histos_ele_flat2to100_PU200_eg_v1_494.root
/eos/user/j/jheikkil/www/triggerStudies/tmp/histos_ele_flat2to100_PU200_eg_v1_495.root
/eos/user/j/jheikkil/www/triggerStudies/tmp/histos_ele_flat2to100_PU200_eg_v1_496.root
/eos/user/j/jheikkil/www/triggerStudies/tmp/histos_ele_flat2to100_PU200_eg_v1_497.root
/eos/user/j/jheikkil/www/triggerStudies/tmp/histos_ele_flat2to100_PU200_eg_v1_498.root
/eos/user/j/jheikkil/www/triggerStudies/tmp/histos_ele_flat2to100_PU200_eg_v1_499.root
/eos/user/j/jheikkil/www/triggerStudies/tmp/histos_ele_flat2to100_PU200_eg_v1_5.root
/eos/user/j/jheikkil/www/triggerStudies/tmp/histos_ele_flat2to100_PU200_eg_v1_50.root
/eos/user/j/jheikkil/www/triggerStudies/tmp/histos_ele_flat2to100_PU200_eg_v1_51.root
/eos/user/j/jheikkil/www/triggerStudies/tmp/histos_ele_flat2to100_PU200_eg_v1_52.root
/eos/user/j/jheikkil/www/triggerStudies/tmp/histos_ele_flat2to100_PU200_eg_v1_53.root
/eos/user/j/jheikkil/www/triggerStudies/tmp/histos_ele_flat2to100_PU200_eg_v1_54.root
/eos/user/j/jheikkil/www/triggerStudies/tmp/histos_ele_flat2to100_PU200_eg_v1_55.root
/eos/user/j/jheikkil/www/triggerStudies/tmp/histos_ele_flat2to100_PU200_eg_v1_56.root
/eos/user/j/jheikkil/www/triggerStudies/tmp/histos_ele_flat2to100_PU200_eg_v1_57.root
/eos/user/j/jheikkil/www/triggerStudies/tmp/histos_ele_flat2to100_PU200_eg_v1_58.root
/eos/user/j/jheikkil/www/triggerStudies/tmp/histos_ele_flat2to100_PU200_eg_v1_59.root
/eos/user/j/jheikkil/www/triggerStudies/tmp/histos_ele_flat2to100_PU200_eg_v1_6.root
/eos/user/j/jheikkil/www/triggerStudies/tmp/histos_ele_flat2to100_PU200_eg_v1_60.root
/eos/user/j/jheikkil/www/triggerStudies/tmp/histos_ele_flat2to100_PU200_eg_v1_61.root
/eos/user/j/jheikkil/www/triggerStudies/tmp/histos_ele_flat2to100_PU200_eg_v1_62.root
/eos/user/j/jheikkil/www/triggerStudies/tmp/histos_ele_flat2to100_PU200_eg_v1_63.root
/eos/user/j/jheikkil/www/triggerStudies/tmp/histos_ele_flat2to100_PU200_eg_v1_64.root
/eos/user/j/jheikkil/www/triggerStudies/tmp/histos_ele_flat2to100_PU200_eg_v1_65.root
/eos/user/j/jheikkil/www/triggerStudies/tmp/histos_ele_flat2to100_PU200_eg_v1_66.root
/eos/user/j/jheikkil/www/triggerStudies/tmp/histos_ele_flat2to100_PU200_eg_v1_67.root
/eos/user/j/jheikkil/www/triggerStudies/tmp/histos_ele_flat2to100_PU200_eg_v1_68.root
/eos/user/j/jheikkil/www/triggerStudies/tmp/histos_ele_flat2to100_PU200_eg_v1_69.root
/eos/user/j/jheikkil/www/triggerStudies/tmp/histos_ele_flat2to100_PU200_eg_v1_7.root
/eos/user/j/jheikkil/www/triggerStudies/tmp/histos_ele_flat2to100_PU200_eg_v1_70.root
/eos/user/j/jheikkil/www/triggerStudies/tmp/histos_ele_flat2to100_PU200_eg_v1_71.root
/eos/user/j/jheikkil/www/triggerStudies/tmp/histos_ele_flat2to100_PU200_eg_v1_72.root
/eos/user/j/jheikkil/www/triggerStudies/tmp/histos_ele_flat2to100_PU200_eg_v1_73.root
/eos/user/j/jheikkil/www/triggerStudies/tmp/histos_ele_flat2to100_PU200_eg_v1_74.root
/eos/user/j/jheikkil/www/triggerStudies/tmp/histos_ele_flat2to100_PU200_eg_v1_75.root
/eos/user/j/jheikkil/www/triggerStudies/tmp/histos_ele_flat2to100_PU200_eg_v1_76.root
/eos/user/j/jheikkil/www/triggerStudies/tmp/histos_ele_flat2to100_PU200_eg_v1_77.root
/eos/user/j/jheikkil/www/triggerStudies/tmp/histos_ele_flat2to100_PU200_eg_v1_78.root
/eos/user/j/jheikkil/www/triggerStudies/tmp/histos_ele_flat2to100_PU200_eg_v1_79.root
/eos/user/j/jheikkil/www/triggerStudies/tmp/histos_ele_flat2to100_PU200_eg_v1_8.root
/eos/user/j/jheikkil/www/triggerStudies/tmp/histos_ele_flat2to100_PU200_eg_v1_80.root
/eos/user/j/jheikkil/www/triggerStudies/tmp/histos_ele_flat2to100_PU200_eg_v1_81.root
/eos/user/j/jheikkil/www/triggerStudies/tmp/histos_ele_flat2to100_PU200_eg_v1_82.root
/eos/user/j/jheikkil/www/triggerStudies/tmp/histos_ele_flat2to100_PU200_eg_v1_83.root
/eos/user/j/jheikkil/www/triggerStudies/tmp/histos_ele_flat2to100_PU200_eg_v1_84.root
/eos/user/j/jheikkil/www/triggerStudies/tmp/histos_ele_flat2to100_PU200_eg_v1_85.root
/eos/user/j/jheikkil/www/triggerStudies/tmp/histos_ele_flat2to100_PU200_eg_v1_86.root
/eos/user/j/jheikkil/www/triggerStudies/tmp/histos_ele_flat2to100_PU200_eg_v1_87.root
/eos/user/j/jheikkil/www/triggerStudies/tmp/histos_ele_flat2to100_PU200_eg_v1_88.root
/eos/user/j/jheikkil/www/triggerStudies/tmp/histos_ele_flat2to100_PU200_eg_v1_89.root
/eos/user/j/jheikkil/www/triggerStudies/tmp/histos_ele_flat2to100_PU200_eg_v1_9.root
/eos/user/j/jheikkil/www/triggerStudies/tmp/histos_ele_flat2to100_PU200_eg_v1_90.root
/eos/user/j/jheikkil/www/triggerStudies/tmp/histos_ele_flat2to100_PU200_eg_v1_91.root
/eos/user/j/jheikkil/www/triggerStudies/tmp/histos_ele_flat2to100_PU200_eg_v1_92.root
/eos/user/j/jheikkil/www/triggerStudies/tmp/histos_ele_flat2to100_PU200_eg_v1_93.root
/eos/user/j/jheikkil/www/triggerStudies/tmp/histos_ele_flat2to100_PU200_eg_v1_94.root
/eos/user/j/jheikkil/www/triggerStudies/tmp/histos_ele_flat2to100_PU200_eg_v1_95.root
/eos/user/j/jheikkil/www/triggerStudies/tmp/histos_ele_flat2to100_PU200_eg_v1_96.root
/eos/user/j/jheikkil/www/triggerStudies/tmp/histos_ele_flat2to100_PU200_eg_v1_97.root
/eos/user/j/jheikkil/www/triggerStudies/tmp/histos_ele_flat2to100_PU200_eg_v1_98.root
/eos/user/j/jheikkil/www/triggerStudies/tmp/histos_ele_flat2to100_PU200_eg_v1_99.root
Parallelizing  with 10 processes.
hadd Target file: histos_ele_flat2to100_PU200_eg_v1.root
hadd compression setting for all ouput: 1
hadd Source file 1: histos_ele_flat2to100_PU200_eg_v1_57.root
hadd compression setting for all ouput: 1
hadd Source file 1: histos_ele_flat2to100_PU200_eg_v1_234.root
hadd compression setting for all ouput: 1
hadd Source file 1: histos_ele_flat2to100_PU200_eg_v1_144.root
hadd compression setting for all ouput: 1
hadd Source file 1: histos_ele_flat2to100_PU200_eg_v1_28.root
hadd compression setting for all ouput: 1
hadd Source file 1: histos_ele_flat2to100_PU200_eg_v1_325.root
hadd compression setting for all ouput: 1
hadd Source file 1: histos_ele_flat2to100_PU200_eg_v1_19.root
hadd compression setting for all ouput: 1
hadd Source file 1: histos_ele_flat2to100_PU200_eg_v1_416.root
hadd compression setting for all ouput: 1
hadd Source file 1: histos_ele_flat2to100_PU200_eg_v1_461.root
hadd compression setting for all ouput: 1
hadd Source file 1: histos_ele_flat2to100_PU200_eg_v1_0.root
hadd compression setting for all ouput: 1
hadd Source file 1: histos_ele_flat2to100_PU200_eg_v1_370.root
hadd Source file 2: histos_ele_flat2to100_PU200_eg_v1_235.root
hadd Source file 3: histos_ele_flat2to100_PU200_eg_v1_236.root
hadd Source file 4: histos_ele_flat2to100_PU200_eg_v1_237.root
hadd Source file 5: histos_ele_flat2to100_PU200_eg_v1_238.root
hadd Source file 6: histos_ele_flat2to100_PU200_eg_v1_239.root
hadd Source file 7: histos_ele_flat2to100_PU200_eg_v1_24.root
hadd Source file 8: histos_ele_flat2to100_PU200_eg_v1_240.root
hadd Source file 9: histos_ele_flat2to100_PU200_eg_v1_241.root
hadd Source file 10: histos_ele_flat2to100_PU200_eg_v1_242.root
hadd Source file 11: histos_ele_flat2to100_PU200_eg_v1_243.root
hadd Source file 12: histos_ele_flat2to100_PU200_eg_v1_244.root
hadd Source file 13: histos_ele_flat2to100_PU200_eg_v1_245.root
hadd Source file 14: histos_ele_flat2to100_PU200_eg_v1_246.root
hadd Source file 15: histos_ele_flat2to100_PU200_eg_v1_247.root
hadd Source file 2: histos_ele_flat2to100_PU200_eg_v1_190.root
hadd Source file 16: histos_ele_flat2to100_PU200_eg_v1_248.root
hadd Source file 2: histos_ele_flat2to100_PU200_eg_v1_417.root
hadd Source file 2: histos_ele_flat2to100_PU200_eg_v1_145.root
hadd Source file 17: histos_ele_flat2to100_PU200_eg_v1_249.root
hadd Source file 3: histos_ele_flat2to100_PU200_eg_v1_191.root
hadd Source file 18: histos_ele_flat2to100_PU200_eg_v1_25.root
hadd Source file 3: histos_ele_flat2to100_PU200_eg_v1_418.root
hadd Source file 3: histos_ele_flat2to100_PU200_eg_v1_146.root
hadd Source file 2: histos_ele_flat2to100_PU200_eg_v1_462.root
hadd Source file 19: histos_ele_flat2to100_PU200_eg_v1_250.root
hadd Source file 4: histos_ele_flat2to100_PU200_eg_v1_192.root
hadd Source file 4: histos_ele_flat2to100_PU200_eg_v1_147.root
hadd Source file 4: histos_ele_flat2to100_PU200_eg_v1_419.root
hadd Source file 20: histos_ele_flat2to100_PU200_eg_v1_251.root
hadd Source file 3: histos_ele_flat2to100_PU200_eg_v1_463.root
hadd Source file 5: histos_ele_flat2to100_PU200_eg_v1_193.root
hadd Source file 5: histos_ele_flat2to100_PU200_eg_v1_148.root
hadd Source file 5: histos_ele_flat2to100_PU200_eg_v1_42.root
hadd Source file 21: histos_ele_flat2to100_PU200_eg_v1_252.root
hadd Source file 4: histos_ele_flat2to100_PU200_eg_v1_464.root
hadd Source file 22: histos_ele_flat2to100_PU200_eg_v1_253.root
hadd Source file 6: histos_ele_flat2to100_PU200_eg_v1_194.root
hadd Source file 6: histos_ele_flat2to100_PU200_eg_v1_420.root
hadd Source file 6: histos_ele_flat2to100_PU200_eg_v1_149.root
hadd Source file 23: histos_ele_flat2to100_PU200_eg_v1_254.root
hadd Source file 5: histos_ele_flat2to100_PU200_eg_v1_465.root
hadd Source file 7: histos_ele_flat2to100_PU200_eg_v1_195.root
hadd Source file 7: histos_ele_flat2to100_PU200_eg_v1_421.root
hadd Source file 7: histos_ele_flat2to100_PU200_eg_v1_15.root
hadd Source file 2: histos_ele_flat2to100_PU200_eg_v1_326.root
hadd Source file 2: histos_ele_flat2to100_PU200_eg_v1_58.root
hadd Source file 24: histos_ele_flat2to100_PU200_eg_v1_255.root
hadd Source file 25: histos_ele_flat2to100_PU200_eg_v1_256.root
hadd Source file 8: histos_ele_flat2to100_PU200_eg_v1_196.root
hadd Source file 6: histos_ele_flat2to100_PU200_eg_v1_466.root
hadd Source file 8: histos_ele_flat2to100_PU200_eg_v1_422.root
hadd Source file 8: histos_ele_flat2to100_PU200_eg_v1_150.root
hadd Source file 26: histos_ele_flat2to100_PU200_eg_v1_257.root
hadd Source file 3: histos_ele_flat2to100_PU200_eg_v1_327.root
hadd Source file 3: histos_ele_flat2to100_PU200_eg_v1_59.root
hadd Source file 9: histos_ele_flat2to100_PU200_eg_v1_197.root
hadd Source file 9: histos_ele_flat2to100_PU200_eg_v1_151.root
hadd Source file 7: histos_ele_flat2to100_PU200_eg_v1_467.root
hadd Source file 9: histos_ele_flat2to100_PU200_eg_v1_423.root
hadd Source file 27: histos_ele_flat2to100_PU200_eg_v1_258.root
hadd Source file 28: histos_ele_flat2to100_PU200_eg_v1_259.root
hadd Source file 4: histos_ele_flat2to100_PU200_eg_v1_6.root
hadd Source file 4: histos_ele_flat2to100_PU200_eg_v1_328.root
hadd Source file 10: histos_ele_flat2to100_PU200_eg_v1_198.root
hadd Source file 10: histos_ele_flat2to100_PU200_eg_v1_424.root
hadd Source file 10: histos_ele_flat2to100_PU200_eg_v1_152.root
hadd Source file 8: histos_ele_flat2to100_PU200_eg_v1_468.root
hadd Source file 29: histos_ele_flat2to100_PU200_eg_v1_26.root
hadd Source file 5: histos_ele_flat2to100_PU200_eg_v1_329.root
hadd Source file 5: histos_ele_flat2to100_PU200_eg_v1_60.root
hadd Source file 11: histos_ele_flat2to100_PU200_eg_v1_199.root
hadd Source file 30: histos_ele_flat2to100_PU200_eg_v1_260.root
hadd Source file 11: histos_ele_flat2to100_PU200_eg_v1_425.root
hadd Source file 11: histos_ele_flat2to100_PU200_eg_v1_153.root
hadd Source file 9: histos_ele_flat2to100_PU200_eg_v1_469.root
hadd Source file 31: histos_ele_flat2to100_PU200_eg_v1_261.root
hadd Source file 12: histos_ele_flat2to100_PU200_eg_v1_2.root
hadd Source file 6: histos_ele_flat2to100_PU200_eg_v1_61.root
hadd Source file 6: histos_ele_flat2to100_PU200_eg_v1_33.root
hadd Source file 12: histos_ele_flat2to100_PU200_eg_v1_154.root
hadd Source file 12: histos_ele_flat2to100_PU200_eg_v1_426.root
hadd Source file 32: histos_ele_flat2to100_PU200_eg_v1_262.root
hadd Source file 10: histos_ele_flat2to100_PU200_eg_v1_47.root
hadd Source file 33: histos_ele_flat2to100_PU200_eg_v1_263.root
hadd Source file 13: histos_ele_flat2to100_PU200_eg_v1_20.root
hadd Source file 13: histos_ele_flat2to100_PU200_eg_v1_155.root
hadd Source file 13: histos_ele_flat2to100_PU200_eg_v1_427.root
hadd Source file 7: histos_ele_flat2to100_PU200_eg_v1_62.root
hadd Source file 7: histos_ele_flat2to100_PU200_eg_v1_330.root
hadd Source file 2: histos_ele_flat2to100_PU200_eg_v1_280.root
hadd Source file 34: histos_ele_flat2to100_PU200_eg_v1_264.root
hadd Source file 11: histos_ele_flat2to100_PU200_eg_v1_470.root
hadd Source file 14: histos_ele_flat2to100_PU200_eg_v1_200.root
hadd Source file 14: histos_ele_flat2to100_PU200_eg_v1_428.root
hadd Source file 14: histos_ele_flat2to100_PU200_eg_v1_156.root
hadd Source file 35: histos_ele_flat2to100_PU200_eg_v1_265.root
hadd Source file 8: histos_ele_flat2to100_PU200_eg_v1_63.root
hadd Source file 8: histos_ele_flat2to100_PU200_eg_v1_331.root
hadd Source file 3: histos_ele_flat2to100_PU200_eg_v1_281.root
hadd Source file 12: histos_ele_flat2to100_PU200_eg_v1_471.root
hadd Source file 15: histos_ele_flat2to100_PU200_eg_v1_201.root
hadd Source file 15: histos_ele_flat2to100_PU200_eg_v1_157.root
hadd Source file 15: histos_ele_flat2to100_PU200_eg_v1_429.root
hadd Source file 36: histos_ele_flat2to100_PU200_eg_v1_266.root
hadd Source file 9: histos_ele_flat2to100_PU200_eg_v1_332.root
hadd Source file 9: histos_ele_flat2to100_PU200_eg_v1_64.root
hadd Source file 4: histos_ele_flat2to100_PU200_eg_v1_282.root
hadd Source file 13: histos_ele_flat2to100_PU200_eg_v1_472.root
hadd Source file 2: histos_ele_flat2to100_PU200_eg_v1_1.root
hadd Source file 37: histos_ele_flat2to100_PU200_eg_v1_267.root
hadd Source file 16: histos_ele_flat2to100_PU200_eg_v1_202.root
hadd Source file 16: histos_ele_flat2to100_PU200_eg_v1_158.root
hadd Source file 16: histos_ele_flat2to100_PU200_eg_v1_43.root
hadd Source file 5: histos_ele_flat2to100_PU200_eg_v1_283.root
hadd Source file 38: histos_ele_flat2to100_PU200_eg_v1_268.root
hadd Source file 10: histos_ele_flat2to100_PU200_eg_v1_333.root
hadd Source file 10: histos_ele_flat2to100_PU200_eg_v1_65.root
hadd Source file 14: histos_ele_flat2to100_PU200_eg_v1_473.root
hadd Source file 3: histos_ele_flat2to100_PU200_eg_v1_10.root
hadd Source file 17: histos_ele_flat2to100_PU200_eg_v1_203.root
hadd Source file 17: histos_ele_flat2to100_PU200_eg_v1_430.root
hadd Source file 17: histos_ele_flat2to100_PU200_eg_v1_159.root
hadd Source file 39: histos_ele_flat2to100_PU200_eg_v1_269.root
hadd Source file 6: histos_ele_flat2to100_PU200_eg_v1_284.root
hadd Source file 15: histos_ele_flat2to100_PU200_eg_v1_474.root
hadd Source file 11: histos_ele_flat2to100_PU200_eg_v1_334.root
hadd Source file 11: histos_ele_flat2to100_PU200_eg_v1_66.root
hadd Source file 4: histos_ele_flat2to100_PU200_eg_v1_100.root
hadd Source file 40: histos_ele_flat2to100_PU200_eg_v1_27.root
hadd Source file 18: histos_ele_flat2to100_PU200_eg_v1_204.root
hadd Source file 18: histos_ele_flat2to100_PU200_eg_v1_431.root
hadd Source file 18: histos_ele_flat2to100_PU200_eg_v1_16.root
hadd Source file 7: histos_ele_flat2to100_PU200_eg_v1_285.root
hadd Source file 41: histos_ele_flat2to100_PU200_eg_v1_270.root
hadd Source file 16: histos_ele_flat2to100_PU200_eg_v1_475.root
hadd Source file 19: histos_ele_flat2to100_PU200_eg_v1_205.root
hadd Source file 12: histos_ele_flat2to100_PU200_eg_v1_335.root
hadd Source file 12: histos_ele_flat2to100_PU200_eg_v1_67.root
hadd Source file 19: histos_ele_flat2to100_PU200_eg_v1_160.root
hadd Source file 19: histos_ele_flat2to100_PU200_eg_v1_432.root
hadd Source file 5: histos_ele_flat2to100_PU200_eg_v1_101.root
hadd Source file 42: histos_ele_flat2to100_PU200_eg_v1_271.root
hadd Source file 8: histos_ele_flat2to100_PU200_eg_v1_286.root
hadd Source file 20: histos_ele_flat2to100_PU200_eg_v1_206.root
hadd Source file 43: histos_ele_flat2to100_PU200_eg_v1_272.root
hadd Source file 20: histos_ele_flat2to100_PU200_eg_v1_433.root
hadd Source file 20: histos_ele_flat2to100_PU200_eg_v1_161.root
hadd Source file 13: histos_ele_flat2to100_PU200_eg_v1_68.root
hadd Source file 13: histos_ele_flat2to100_PU200_eg_v1_336.root
hadd Source file 17: histos_ele_flat2to100_PU200_eg_v1_476.root
hadd Source file 6: histos_ele_flat2to100_PU200_eg_v1_102.root
hadd Source file 9: histos_ele_flat2to100_PU200_eg_v1_288.root
hadd Source file 44: histos_ele_flat2to100_PU200_eg_v1_273.root
hadd Source file 21: histos_ele_flat2to100_PU200_eg_v1_207.root
hadd Source file 21: histos_ele_flat2to100_PU200_eg_v1_434.root
hadd Source file 21: histos_ele_flat2to100_PU200_eg_v1_162.root
hadd Source file 18: histos_ele_flat2to100_PU200_eg_v1_477.root
hadd Source file 14: histos_ele_flat2to100_PU200_eg_v1_337.root
hadd Source file 14: histos_ele_flat2to100_PU200_eg_v1_69.root
hadd Source file 7: histos_ele_flat2to100_PU200_eg_v1_103.root
hadd Source file 45: histos_ele_flat2to100_PU200_eg_v1_274.root
hadd Source file 10: histos_ele_flat2to100_PU200_eg_v1_289.root
hadd Source file 22: histos_ele_flat2to100_PU200_eg_v1_208.root
hadd Source file 22: histos_ele_flat2to100_PU200_eg_v1_435.root
hadd Source file 22: histos_ele_flat2to100_PU200_eg_v1_163.root
hadd Source file 46: histos_ele_flat2to100_PU200_eg_v1_275.root
hadd Source file 19: histos_ele_flat2to100_PU200_eg_v1_478.root
hadd Source file 8: histos_ele_flat2to100_PU200_eg_v1_104.root
hadd Source file 11: histos_ele_flat2to100_PU200_eg_v1_29.root
hadd Source file 15: histos_ele_flat2to100_PU200_eg_v1_7.root
hadd Source file 15: histos_ele_flat2to100_PU200_eg_v1_338.root
hadd Source file 47: histos_ele_flat2to100_PU200_eg_v1_276.root
hadd Source file 23: histos_ele_flat2to100_PU200_eg_v1_209.root
hadd Source file 23: histos_ele_flat2to100_PU200_eg_v1_436.root
hadd Source file 23: histos_ele_flat2to100_PU200_eg_v1_164.root
hadd Source file 20: histos_ele_flat2to100_PU200_eg_v1_479.root
hadd Source file 9: histos_ele_flat2to100_PU200_eg_v1_105.root
hadd Source file 12: histos_ele_flat2to100_PU200_eg_v1_290.root
hadd Source file 48: histos_ele_flat2to100_PU200_eg_v1_277.root
hadd Source file 16: histos_ele_flat2to100_PU200_eg_v1_70.root
hadd Source file 16: histos_ele_flat2to100_PU200_eg_v1_339.root
hadd Source file 24: histos_ele_flat2to100_PU200_eg_v1_21.root
hadd Source file 24: histos_ele_flat2to100_PU200_eg_v1_437.root
hadd Source file 24: histos_ele_flat2to100_PU200_eg_v1_165.root
hadd Source file 21: histos_ele_flat2to100_PU200_eg_v1_48.root
hadd Source file 49: histos_ele_flat2to100_PU200_eg_v1_278.root
hadd Source file 10: histos_ele_flat2to100_PU200_eg_v1_106.root
hadd Source file 13: histos_ele_flat2to100_PU200_eg_v1_291.root
hadd Source file 17: histos_ele_flat2to100_PU200_eg_v1_71.root
hadd Source file 17: histos_ele_flat2to100_PU200_eg_v1_34.root
hadd Source file 25: histos_ele_flat2to100_PU200_eg_v1_210.root
hadd Source file 25: histos_ele_flat2to100_PU200_eg_v1_166.root
hadd Source file 25: histos_ele_flat2to100_PU200_eg_v1_438.root
hadd Source file 50: histos_ele_flat2to100_PU200_eg_v1_279.root
hadd Source file 11: histos_ele_flat2to100_PU200_eg_v1_107.root
hadd Source file 22: histos_ele_flat2to100_PU200_eg_v1_480.root
hadd Source file 14: histos_ele_flat2to100_PU200_eg_v1_292.root
hadd Target path: /pool/condor/dir_28485/tmp/partial3_4d628840-7337-11ea-b508-d4d2b8bcbeef.root:/
hadd Source file 18: histos_ele_flat2to100_PU200_eg_v1_72.root
hadd Source file 18: histos_ele_flat2to100_PU200_eg_v1_340.root
hadd Source file 26: histos_ele_flat2to100_PU200_eg_v1_211.root
hadd Source file 26: histos_ele_flat2to100_PU200_eg_v1_167.root
hadd Source file 26: histos_ele_flat2to100_PU200_eg_v1_439.root
hadd Source file 15: histos_ele_flat2to100_PU200_eg_v1_293.root
hadd Source file 23: histos_ele_flat2to100_PU200_eg_v1_481.root
hadd Source file 12: histos_ele_flat2to100_PU200_eg_v1_108.root
hadd Source file 27: histos_ele_flat2to100_PU200_eg_v1_212.root
hadd Source file 27: histos_ele_flat2to100_PU200_eg_v1_44.root
hadd Source file 27: histos_ele_flat2to100_PU200_eg_v1_168.root
hadd Source file 19: histos_ele_flat2to100_PU200_eg_v1_73.root
hadd Source file 19: histos_ele_flat2to100_PU200_eg_v1_341.root
hadd Source file 16: histos_ele_flat2to100_PU200_eg_v1_294.root
hadd Source file 13: histos_ele_flat2to100_PU200_eg_v1_109.root
hadd Source file 24: histos_ele_flat2to100_PU200_eg_v1_482.root
hadd Source file 28: histos_ele_flat2to100_PU200_eg_v1_213.root
hadd Source file 28: histos_ele_flat2to100_PU200_eg_v1_169.root
hadd Source file 28: histos_ele_flat2to100_PU200_eg_v1_440.root
hadd Source file 17: histos_ele_flat2to100_PU200_eg_v1_295.root
hadd Source file 20: histos_ele_flat2to100_PU200_eg_v1_342.root
hadd Source file 20: histos_ele_flat2to100_PU200_eg_v1_74.root
hadd Source file 25: histos_ele_flat2to100_PU200_eg_v1_483.root
hadd Source file 14: histos_ele_flat2to100_PU200_eg_v1_11.root
hadd Source file 29: histos_ele_flat2to100_PU200_eg_v1_214.root
hadd Source file 29: histos_ele_flat2to100_PU200_eg_v1_441.root
hadd Source file 29: histos_ele_flat2to100_PU200_eg_v1_17.root
hadd Source file 18: histos_ele_flat2to100_PU200_eg_v1_296.root
hadd Source file 26: histos_ele_flat2to100_PU200_eg_v1_484.root
hadd Source file 15: histos_ele_flat2to100_PU200_eg_v1_110.root
hadd Source file 21: histos_ele_flat2to100_PU200_eg_v1_75.root
hadd Source file 21: histos_ele_flat2to100_PU200_eg_v1_343.root
hadd Source file 30: histos_ele_flat2to100_PU200_eg_v1_215.root
hadd Source file 30: histos_ele_flat2to100_PU200_eg_v1_170.root
hadd Source file 30: histos_ele_flat2to100_PU200_eg_v1_442.root
hadd Source file 19: histos_ele_flat2to100_PU200_eg_v1_297.root
hadd Source file 27: histos_ele_flat2to100_PU200_eg_v1_485.root
hadd Source file 16: histos_ele_flat2to100_PU200_eg_v1_111.root
hadd Source file 22: histos_ele_flat2to100_PU200_eg_v1_344.root
hadd Source file 22: histos_ele_flat2to100_PU200_eg_v1_76.root
hadd Source file 31: histos_ele_flat2to100_PU200_eg_v1_216.root
hadd Source file 31: histos_ele_flat2to100_PU200_eg_v1_171.root
hadd Source file 31: histos_ele_flat2to100_PU200_eg_v1_443.root
hadd Source file 20: histos_ele_flat2to100_PU200_eg_v1_298.root
hadd Source file 17: histos_ele_flat2to100_PU200_eg_v1_112.root
hadd Source file 28: histos_ele_flat2to100_PU200_eg_v1_486.root
hadd Source file 23: histos_ele_flat2to100_PU200_eg_v1_77.root
hadd Source file 23: histos_ele_flat2to100_PU200_eg_v1_345.root
hadd Source file 32: histos_ele_flat2to100_PU200_eg_v1_217.root
hadd Source file 32: histos_ele_flat2to100_PU200_eg_v1_444.root
hadd Source file 32: histos_ele_flat2to100_PU200_eg_v1_172.root
hadd Source file 21: histos_ele_flat2to100_PU200_eg_v1_299.root
hadd Source file 29: histos_ele_flat2to100_PU200_eg_v1_487.root
hadd Source file 18: histos_ele_flat2to100_PU200_eg_v1_113.root
hadd Source file 24: histos_ele_flat2to100_PU200_eg_v1_78.root
hadd Source file 24: histos_ele_flat2to100_PU200_eg_v1_346.root
hadd Source file 33: histos_ele_flat2to100_PU200_eg_v1_218.root
hadd Source file 22: histos_ele_flat2to100_PU200_eg_v1_3.root
hadd Source file 33: histos_ele_flat2to100_PU200_eg_v1_173.root
hadd Source file 33: histos_ele_flat2to100_PU200_eg_v1_445.root
hadd Source file 19: histos_ele_flat2to100_PU200_eg_v1_114.root
hadd Source file 30: histos_ele_flat2to100_PU200_eg_v1_488.root
hadd Source file 34: histos_ele_flat2to100_PU200_eg_v1_219.root
hadd Source file 23: histos_ele_flat2to100_PU200_eg_v1_30.root
hadd Source file 25: histos_ele_flat2to100_PU200_eg_v1_347.root
hadd Source file 25: histos_ele_flat2to100_PU200_eg_v1_79.root
hadd Source file 34: histos_ele_flat2to100_PU200_eg_v1_446.root
hadd Source file 34: histos_ele_flat2to100_PU200_eg_v1_174.root
hadd Source file 20: histos_ele_flat2to100_PU200_eg_v1_115.root
hadd Source file 31: histos_ele_flat2to100_PU200_eg_v1_489.root
hadd Source file 35: histos_ele_flat2to100_PU200_eg_v1_22.root
hadd Source file 24: histos_ele_flat2to100_PU200_eg_v1_300.root
hadd Source file 35: histos_ele_flat2to100_PU200_eg_v1_447.root
hadd Source file 35: histos_ele_flat2to100_PU200_eg_v1_175.root
hadd Source file 26: histos_ele_flat2to100_PU200_eg_v1_8.root
hadd Source file 26: histos_ele_flat2to100_PU200_eg_v1_348.root
hadd Source file 21: histos_ele_flat2to100_PU200_eg_v1_116.root
hadd Source file 32: histos_ele_flat2to100_PU200_eg_v1_49.root
hadd Source file 36: histos_ele_flat2to100_PU200_eg_v1_220.root
hadd Source file 25: histos_ele_flat2to100_PU200_eg_v1_301.root
hadd Source file 36: histos_ele_flat2to100_PU200_eg_v1_448.root
hadd Source file 36: histos_ele_flat2to100_PU200_eg_v1_176.root
hadd Source file 27: histos_ele_flat2to100_PU200_eg_v1_80.root
hadd Source file 27: histos_ele_flat2to100_PU200_eg_v1_349.root
hadd Source file 33: histos_ele_flat2to100_PU200_eg_v1_490.root
hadd Source file 22: histos_ele_flat2to100_PU200_eg_v1_117.root
hadd Source file 26: histos_ele_flat2to100_PU200_eg_v1_302.root
hadd Source file 37: histos_ele_flat2to100_PU200_eg_v1_221.root
hadd Source file 37: histos_ele_flat2to100_PU200_eg_v1_177.root
hadd Source file 37: histos_ele_flat2to100_PU200_eg_v1_449.root
hadd Source file 34: histos_ele_flat2to100_PU200_eg_v1_491.root
hadd Source file 23: histos_ele_flat2to100_PU200_eg_v1_118.root
hadd Source file 28: histos_ele_flat2to100_PU200_eg_v1_81.root
hadd Source file 28: histos_ele_flat2to100_PU200_eg_v1_35.root
hadd Source file 27: histos_ele_flat2to100_PU200_eg_v1_303.root
hadd Source file 38: histos_ele_flat2to100_PU200_eg_v1_222.root
hadd Source file 38: histos_ele_flat2to100_PU200_eg_v1_45.root
hadd Source file 38: histos_ele_flat2to100_PU200_eg_v1_178.root
hadd Source file 24: histos_ele_flat2to100_PU200_eg_v1_119.root
hadd Source file 35: histos_ele_flat2to100_PU200_eg_v1_492.root
hadd Source file 29: histos_ele_flat2to100_PU200_eg_v1_350.root
hadd Source file 29: histos_ele_flat2to100_PU200_eg_v1_82.root
hadd Source file 28: histos_ele_flat2to100_PU200_eg_v1_304.root
hadd Source file 39: histos_ele_flat2to100_PU200_eg_v1_223.root
hadd Source file 39: histos_ele_flat2to100_PU200_eg_v1_450.root
hadd Source file 39: histos_ele_flat2to100_PU200_eg_v1_179.root
hadd Source file 25: histos_ele_flat2to100_PU200_eg_v1_12.root
hadd Source file 36: histos_ele_flat2to100_PU200_eg_v1_493.root
hadd Source file 29: histos_ele_flat2to100_PU200_eg_v1_305.root
hadd Source file 40: histos_ele_flat2to100_PU200_eg_v1_224.root
hadd Source file 30: histos_ele_flat2to100_PU200_eg_v1_351.root
hadd Source file 30: histos_ele_flat2to100_PU200_eg_v1_83.root
hadd Target path: /pool/condor/dir_28485/tmp/partial3_4d628840-7337-11ea-b508-d4d2b8bcbeef.root:/Cluster3DHistos
hadd Source file 40: histos_ele_flat2to100_PU200_eg_v1_18.root
hadd Source file 40: histos_ele_flat2to100_PU200_eg_v1_451.root
hadd Source file 37: histos_ele_flat2to100_PU200_eg_v1_494.root
hadd Source file 26: histos_ele_flat2to100_PU200_eg_v1_120.root
hadd Source file 30: histos_ele_flat2to100_PU200_eg_v1_306.root
hadd Source file 41: histos_ele_flat2to100_PU200_eg_v1_225.root
hadd Source file 41: histos_ele_flat2to100_PU200_eg_v1_452.root
hadd Source file 41: histos_ele_flat2to100_PU200_eg_v1_180.root
hadd Source file 31: histos_ele_flat2to100_PU200_eg_v1_84.root
hadd Source file 31: histos_ele_flat2to100_PU200_eg_v1_352.root
hadd Source file 27: histos_ele_flat2to100_PU200_eg_v1_121.root
hadd Source file 31: histos_ele_flat2to100_PU200_eg_v1_307.root
hadd Source file 38: histos_ele_flat2to100_PU200_eg_v1_495.root
hadd Source file 42: histos_ele_flat2to100_PU200_eg_v1_226.root
hadd Source file 42: histos_ele_flat2to100_PU200_eg_v1_181.root
hadd Source file 42: histos_ele_flat2to100_PU200_eg_v1_453.root
hadd Source file 32: histos_ele_flat2to100_PU200_eg_v1_85.root
hadd Source file 32: histos_ele_flat2to100_PU200_eg_v1_353.root
hadd Source file 32: histos_ele_flat2to100_PU200_eg_v1_308.root
hadd Source file 28: histos_ele_flat2to100_PU200_eg_v1_122.root
hadd Source file 39: histos_ele_flat2to100_PU200_eg_v1_496.root
hadd Source file 43: histos_ele_flat2to100_PU200_eg_v1_227.root
hadd Source file 43: histos_ele_flat2to100_PU200_eg_v1_182.root
hadd Source file 43: histos_ele_flat2to100_PU200_eg_v1_454.root
hadd Source file 33: histos_ele_flat2to100_PU200_eg_v1_86.root
hadd Source file 33: histos_ele_flat2to100_PU200_eg_v1_354.root
hadd Source file 33: histos_ele_flat2to100_PU200_eg_v1_309.root
hadd Source file 29: histos_ele_flat2to100_PU200_eg_v1_123.root
hadd Source file 40: histos_ele_flat2to100_PU200_eg_v1_497.root
hadd Source file 44: histos_ele_flat2to100_PU200_eg_v1_228.root
hadd Source file 44: histos_ele_flat2to100_PU200_eg_v1_455.root
hadd Source file 44: histos_ele_flat2to100_PU200_eg_v1_183.root
hadd Source file 34: histos_ele_flat2to100_PU200_eg_v1_87.root
hadd Source file 34: histos_ele_flat2to100_PU200_eg_v1_355.root
hadd Source file 34: histos_ele_flat2to100_PU200_eg_v1_31.root
hadd Source file 30: histos_ele_flat2to100_PU200_eg_v1_124.root
hadd Source file 41: histos_ele_flat2to100_PU200_eg_v1_498.root
hadd Source file 45: histos_ele_flat2to100_PU200_eg_v1_229.root
hadd Source file 45: histos_ele_flat2to100_PU200_eg_v1_456.root
hadd Source file 45: histos_ele_flat2to100_PU200_eg_v1_184.root
hadd Source file 35: histos_ele_flat2to100_PU200_eg_v1_310.root
hadd Source file 35: histos_ele_flat2to100_PU200_eg_v1_356.root
hadd Source file 35: histos_ele_flat2to100_PU200_eg_v1_88.root
hadd Source file 42: histos_ele_flat2to100_PU200_eg_v1_499.root
hadd Source file 31: histos_ele_flat2to100_PU200_eg_v1_125.root
hadd Source file 46: histos_ele_flat2to100_PU200_eg_v1_23.root
hadd Source file 46: histos_ele_flat2to100_PU200_eg_v1_185.root
hadd Source file 46: histos_ele_flat2to100_PU200_eg_v1_457.root
hadd Source file 36: histos_ele_flat2to100_PU200_eg_v1_311.root
hadd Source file 32: histos_ele_flat2to100_PU200_eg_v1_126.root
hadd Source file 43: histos_ele_flat2to100_PU200_eg_v1_5.root
hadd Source file 36: histos_ele_flat2to100_PU200_eg_v1_357.root
hadd Source file 36: histos_ele_flat2to100_PU200_eg_v1_89.root
hadd Source file 47: histos_ele_flat2to100_PU200_eg_v1_230.root
hadd Source file 47: histos_ele_flat2to100_PU200_eg_v1_186.root
hadd Source file 47: histos_ele_flat2to100_PU200_eg_v1_458.root
hadd Source file 37: histos_ele_flat2to100_PU200_eg_v1_312.root
hadd Source file 44: histos_ele_flat2to100_PU200_eg_v1_50.root
hadd Source file 33: histos_ele_flat2to100_PU200_eg_v1_127.root
hadd Source file 48: histos_ele_flat2to100_PU200_eg_v1_231.root
hadd Source file 37: histos_ele_flat2to100_PU200_eg_v1_9.root
hadd Source file 37: histos_ele_flat2to100_PU200_eg_v1_358.root
hadd Source file 48: histos_ele_flat2to100_PU200_eg_v1_187.root
hadd Source file 48: histos_ele_flat2to100_PU200_eg_v1_459.root
hadd Source file 38: histos_ele_flat2to100_PU200_eg_v1_313.root
hadd Source file 45: histos_ele_flat2to100_PU200_eg_v1_51.root
hadd Source file 34: histos_ele_flat2to100_PU200_eg_v1_128.root
hadd Source file 49: histos_ele_flat2to100_PU200_eg_v1_232.root
hadd Source file 49: histos_ele_flat2to100_PU200_eg_v1_46.root
hadd Source file 49: histos_ele_flat2to100_PU200_eg_v1_188.root
hadd Source file 38: histos_ele_flat2to100_PU200_eg_v1_90.root
hadd Source file 38: histos_ele_flat2to100_PU200_eg_v1_359.root
hadd Source file 39: histos_ele_flat2to100_PU200_eg_v1_314.root
hadd Source file 35: histos_ele_flat2to100_PU200_eg_v1_129.root
hadd Source file 46: histos_ele_flat2to100_PU200_eg_v1_52.root
hadd Source file 50: histos_ele_flat2to100_PU200_eg_v1_233.root
hadd Source file 50: histos_ele_flat2to100_PU200_eg_v1_189.root
hadd Source file 50: histos_ele_flat2to100_PU200_eg_v1_460.root
hadd Source file 39: histos_ele_flat2to100_PU200_eg_v1_36.root
hadd Source file 39: histos_ele_flat2to100_PU200_eg_v1_91.root
hadd Source file 40: histos_ele_flat2to100_PU200_eg_v1_315.root
hadd Source file 47: histos_ele_flat2to100_PU200_eg_v1_53.root
hadd Source file 36: histos_ele_flat2to100_PU200_eg_v1_13.root
hadd Target path: /pool/condor/dir_28485/tmp/partial2_4d628840-7337-11ea-b508-d4d2b8bcbeef.root:/
hadd Target path: /pool/condor/dir_28485/tmp/partial7_4d628840-7337-11ea-b508-d4d2b8bcbeef.root:/
hadd Target path: /pool/condor/dir_28485/tmp/partial1_4d628840-7337-11ea-b508-d4d2b8bcbeef.root:/
hadd Source file 41: histos_ele_flat2to100_PU200_eg_v1_316.root
hadd Source file 40: histos_ele_flat2to100_PU200_eg_v1_360.root
hadd Source file 40: histos_ele_flat2to100_PU200_eg_v1_92.root
hadd Source file 48: histos_ele_flat2to100_PU200_eg_v1_54.root
hadd Source file 37: histos_ele_flat2to100_PU200_eg_v1_130.root
hadd Source file 42: histos_ele_flat2to100_PU200_eg_v1_317.root
hadd Source file 41: histos_ele_flat2to100_PU200_eg_v1_361.root
hadd Source file 41: histos_ele_flat2to100_PU200_eg_v1_93.root
hadd Source file 38: histos_ele_flat2to100_PU200_eg_v1_131.root
hadd Source file 49: histos_ele_flat2to100_PU200_eg_v1_55.root
hadd Source file 43: histos_ele_flat2to100_PU200_eg_v1_318.root
hadd Source file 42: histos_ele_flat2to100_PU200_eg_v1_94.root
hadd Source file 42: histos_ele_flat2to100_PU200_eg_v1_362.root
hadd Source file 50: histos_ele_flat2to100_PU200_eg_v1_56.root
hadd Source file 39: histos_ele_flat2to100_PU200_eg_v1_132.root
hadd Source file 44: histos_ele_flat2to100_PU200_eg_v1_319.root
hadd Source file 40: histos_ele_flat2to100_PU200_eg_v1_133.root
hadd Target path: /pool/condor/dir_28485/tmp/partial8_4d628840-7337-11ea-b508-d4d2b8bcbeef.root:/
hadd Source file 43: histos_ele_flat2to100_PU200_eg_v1_363.root
hadd Source file 43: histos_ele_flat2to100_PU200_eg_v1_95.root
hadd Source file 45: histos_ele_flat2to100_PU200_eg_v1_32.root
hadd Source file 41: histos_ele_flat2to100_PU200_eg_v1_134.root
hadd Source file 44: histos_ele_flat2to100_PU200_eg_v1_364.root
hadd Source file 44: histos_ele_flat2to100_PU200_eg_v1_96.root
hadd Source file 46: histos_ele_flat2to100_PU200_eg_v1_320.root
hadd Source file 42: histos_ele_flat2to100_PU200_eg_v1_135.root
hadd Source file 47: histos_ele_flat2to100_PU200_eg_v1_321.root
hadd Source file 45: histos_ele_flat2to100_PU200_eg_v1_365.root
hadd Source file 45: histos_ele_flat2to100_PU200_eg_v1_97.root
hadd Source file 43: histos_ele_flat2to100_PU200_eg_v1_136.root
hadd Source file 48: histos_ele_flat2to100_PU200_eg_v1_322.root
hadd Source file 46: histos_ele_flat2to100_PU200_eg_v1_366.root
hadd Source file 46: histos_ele_flat2to100_PU200_eg_v1_98.root
hadd Source file 2: histos_ele_flat2to100_PU200_eg_v1_371.root
hadd Source file 44: histos_ele_flat2to100_PU200_eg_v1_138.root
hadd Source file 49: histos_ele_flat2to100_PU200_eg_v1_323.root
hadd Source file 47: histos_ele_flat2to100_PU200_eg_v1_367.root
hadd Source file 47: histos_ele_flat2to100_PU200_eg_v1_99.root
hadd Source file 50: histos_ele_flat2to100_PU200_eg_v1_324.root
hadd Source file 45: histos_ele_flat2to100_PU200_eg_v1_139.root
hadd Source file 3: histos_ele_flat2to100_PU200_eg_v1_372.root
hadd Source file 48: histos_ele_flat2to100_PU200_eg_v1_368.root
hadd Target path: /pool/condor/dir_28485/tmp/partial9_4d628840-7337-11ea-b508-d4d2b8bcbeef.root:/
hadd Target path: /pool/condor/dir_28485/tmp/partial4_4d628840-7337-11ea-b508-d4d2b8bcbeef.root:/
hadd Source file 46: histos_ele_flat2to100_PU200_eg_v1_14.root
hadd Source file 4: histos_ele_flat2to100_PU200_eg_v1_373.root
hadd Source file 49: histos_ele_flat2to100_PU200_eg_v1_369.root
hadd Source file 5: histos_ele_flat2to100_PU200_eg_v1_374.root
hadd Target path: /pool/condor/dir_28485/tmp/partial2_4d628840-7337-11ea-b508-d4d2b8bcbeef.root:/Cluster3DHistos
hadd Source file 47: histos_ele_flat2to100_PU200_eg_v1_140.root
hadd Source file 50: histos_ele_flat2to100_PU200_eg_v1_37.root
hadd Source file 6: histos_ele_flat2to100_PU200_eg_v1_375.root
hadd Source file 48: histos_ele_flat2to100_PU200_eg_v1_141.root
hadd Source file 7: histos_ele_flat2to100_PU200_eg_v1_376.root
hadd Target path: /pool/condor/dir_28485/tmp/partial5_4d628840-7337-11ea-b508-d4d2b8bcbeef.root:/
hadd Source file 49: histos_ele_flat2to100_PU200_eg_v1_142.root
hadd Source file 8: histos_ele_flat2to100_PU200_eg_v1_377.root
hadd Source file 50: histos_ele_flat2to100_PU200_eg_v1_143.root
hadd Source file 9: histos_ele_flat2to100_PU200_eg_v1_378.root
hadd Target path: /pool/condor/dir_28485/tmp/partial7_4d628840-7337-11ea-b508-d4d2b8bcbeef.root:/Cluster3DHistos
hadd Target path: /pool/condor/dir_28485/tmp/partial1_4d628840-7337-11ea-b508-d4d2b8bcbeef.root:/Cluster3DHistos
hadd Source file 10: histos_ele_flat2to100_PU200_eg_v1_379.root
hadd Target path: /pool/condor/dir_28485/tmp/partial0_4d628840-7337-11ea-b508-d4d2b8bcbeef.root:/
hadd Source file 11: histos_ele_flat2to100_PU200_eg_v1_38.root
hadd Source file 12: histos_ele_flat2to100_PU200_eg_v1_380.root
hadd Source file 13: histos_ele_flat2to100_PU200_eg_v1_381.root
hadd Source file 14: histos_ele_flat2to100_PU200_eg_v1_382.root
hadd Target path: /pool/condor/dir_28485/tmp/partial8_4d628840-7337-11ea-b508-d4d2b8bcbeef.root:/Cluster3DHistos
hadd Source file 15: histos_ele_flat2to100_PU200_eg_v1_383.root
hadd Source file 16: histos_ele_flat2to100_PU200_eg_v1_384.root
hadd Source file 17: histos_ele_flat2to100_PU200_eg_v1_385.root
hadd Source file 18: histos_ele_flat2to100_PU200_eg_v1_386.root
hadd Source file 19: histos_ele_flat2to100_PU200_eg_v1_387.root
hadd Target path: /pool/condor/dir_28485/tmp/partial4_4d628840-7337-11ea-b508-d4d2b8bcbeef.root:/Cluster3DHistos
hadd Target path: /pool/condor/dir_28485/tmp/partial9_4d628840-7337-11ea-b508-d4d2b8bcbeef.root:/Cluster3DHistos
hadd Source file 20: histos_ele_flat2to100_PU200_eg_v1_388.root
hadd Source file 21: histos_ele_flat2to100_PU200_eg_v1_389.root
hadd Source file 22: histos_ele_flat2to100_PU200_eg_v1_39.root
hadd Source file 23: histos_ele_flat2to100_PU200_eg_v1_390.root
hadd Target path: /pool/condor/dir_28485/tmp/partial5_4d628840-7337-11ea-b508-d4d2b8bcbeef.root:/Cluster3DHistos
hadd Source file 24: histos_ele_flat2to100_PU200_eg_v1_391.root
hadd Source file 25: histos_ele_flat2to100_PU200_eg_v1_392.root
hadd Source file 26: histos_ele_flat2to100_PU200_eg_v1_393.root
hadd Source file 27: histos_ele_flat2to100_PU200_eg_v1_394.root
hadd Target path: /pool/condor/dir_28485/tmp/partial0_4d628840-7337-11ea-b508-d4d2b8bcbeef.root:/Cluster3DHistos
hadd Source file 28: histos_ele_flat2to100_PU200_eg_v1_395.root
hadd Source file 29: histos_ele_flat2to100_PU200_eg_v1_396.root
hadd Source file 30: histos_ele_flat2to100_PU200_eg_v1_398.root
hadd Source file 31: histos_ele_flat2to100_PU200_eg_v1_399.root
hadd Source file 32: histos_ele_flat2to100_PU200_eg_v1_4.root
hadd Source file 33: histos_ele_flat2to100_PU200_eg_v1_40.root
hadd Source file 34: histos_ele_flat2to100_PU200_eg_v1_400.root
hadd Source file 35: histos_ele_flat2to100_PU200_eg_v1_401.root
hadd Source file 36: histos_ele_flat2to100_PU200_eg_v1_402.root
hadd Source file 37: histos_ele_flat2to100_PU200_eg_v1_403.root
hadd Source file 38: histos_ele_flat2to100_PU200_eg_v1_404.root
hadd Source file 39: histos_ele_flat2to100_PU200_eg_v1_405.root
hadd Source file 40: histos_ele_flat2to100_PU200_eg_v1_406.root
hadd Source file 41: histos_ele_flat2to100_PU200_eg_v1_407.root
hadd Source file 42: histos_ele_flat2to100_PU200_eg_v1_408.root
hadd Source file 43: histos_ele_flat2to100_PU200_eg_v1_409.root
hadd Source file 44: histos_ele_flat2to100_PU200_eg_v1_41.root
hadd Source file 45: histos_ele_flat2to100_PU200_eg_v1_410.root
hadd Source file 46: histos_ele_flat2to100_PU200_eg_v1_411.root
hadd Source file 47: histos_ele_flat2to100_PU200_eg_v1_412.root
hadd Source file 48: histos_ele_flat2to100_PU200_eg_v1_413.root
hadd Source file 49: histos_ele_flat2to100_PU200_eg_v1_414.root
hadd Source file 50: histos_ele_flat2to100_PU200_eg_v1_415.root
hadd Target path: /pool/condor/dir_28485/tmp/partial6_4d628840-7337-11ea-b508-d4d2b8bcbeef.root:/
hadd Target path: /pool/condor/dir_28485/tmp/partial6_4d628840-7337-11ea-b508-d4d2b8bcbeef.root:/Cluster3DHistos
hadd Target path: /pool/condor/dir_28485/tmp/partial9_4d628840-7337-11ea-b508-d4d2b8bcbeef.root:/GenParticleHistos
hadd Target path: /pool/condor/dir_28485/tmp/partial1_4d628840-7337-11ea-b508-d4d2b8bcbeef.root:/GenParticleHistos
hadd Target path: /pool/condor/dir_28485/tmp/partial3_4d628840-7337-11ea-b508-d4d2b8bcbeef.root:/GenParticleHistos
hadd Target path: /pool/condor/dir_28485/tmp/partial6_4d628840-7337-11ea-b508-d4d2b8bcbeef.root:/GenParticleHistos
hadd Target path: /pool/condor/dir_28485/tmp/partial2_4d628840-7337-11ea-b508-d4d2b8bcbeef.root:/GenParticleHistos
hadd Target path: /pool/condor/dir_28485/tmp/partial5_4d628840-7337-11ea-b508-d4d2b8bcbeef.root:/GenParticleHistos
hadd Target path: /pool/condor/dir_28485/tmp/partial4_4d628840-7337-11ea-b508-d4d2b8bcbeef.root:/GenParticleHistos
hadd Target path: /pool/condor/dir_28485/tmp/partial8_4d628840-7337-11ea-b508-d4d2b8bcbeef.root:/GenParticleHistos
hadd Target path: /pool/condor/dir_28485/tmp/partial7_4d628840-7337-11ea-b508-d4d2b8bcbeef.root:/GenParticleHistos
hadd Target path: /pool/condor/dir_28485/tmp/partial0_4d628840-7337-11ea-b508-d4d2b8bcbeef.root:/GenParticleHistos
hadd compression setting for all ouput: 1
hadd Source file 1: /pool/condor/dir_28485/tmp/partial0_4d628840-7337-11ea-b508-d4d2b8bcbeef.root
hadd Source file 2: /pool/condor/dir_28485/tmp/partial1_4d628840-7337-11ea-b508-d4d2b8bcbeef.root
hadd Source file 3: /pool/condor/dir_28485/tmp/partial2_4d628840-7337-11ea-b508-d4d2b8bcbeef.root
hadd Source file 4: /pool/condor/dir_28485/tmp/partial3_4d628840-7337-11ea-b508-d4d2b8bcbeef.root
hadd Source file 5: /pool/condor/dir_28485/tmp/partial4_4d628840-7337-11ea-b508-d4d2b8bcbeef.root
hadd Source file 6: /pool/condor/dir_28485/tmp/partial5_4d628840-7337-11ea-b508-d4d2b8bcbeef.root
hadd Source file 7: /pool/condor/dir_28485/tmp/partial6_4d628840-7337-11ea-b508-d4d2b8bcbeef.root
hadd Source file 8: /pool/condor/dir_28485/tmp/partial7_4d628840-7337-11ea-b508-d4d2b8bcbeef.root
hadd Source file 9: /pool/condor/dir_28485/tmp/partial8_4d628840-7337-11ea-b508-d4d2b8bcbeef.root
hadd Source file 10: /pool/condor/dir_28485/tmp/partial9_4d628840-7337-11ea-b508-d4d2b8bcbeef.root
hadd Target path: histos_ele_flat2to100_PU200_eg_v1.root:/
hadd Target path: histos_ele_flat2to100_PU200_eg_v1.root:/Cluster3DHistos
hadd Target path: histos_ele_flat2to100_PU200_eg_v1.root:/GenParticleHistos
