/afs/cern.ch/cms/caf/scripts:/cvmfs/cms.cern.ch/common:/usr/sue/bin:/bin:/usr/condabin:/usr/local/bin:/usr/bin:/usr/local/sbin:/usr/sbin:/opt/puppetlabs/bin
Runnin Cluster 4232713 Job 66
Current dir: /pool/condor/dir_2952
b7g42n0049.cern.ch
0
/pool/condor/dir_2952
Tue Mar 31 11:04:10 CEST 2020
gen_part_selections: 14
--- Collection: BDT_input with samples: ['ele_flat2to100_PU200']
{'ele_flat2to100_PU200': 1}
About to process samples: [ele_flat2to100_PU200]
Name: ele_flat2to100_PU200,
                 clusterize: False
                 compute density: False
                 maxEvents: -1
                 output file: /pool/condor/dir_2952/histos_ele_flat2to100_PU200_eg_v1_66.root
                 events per job: 200
                 debug: 0
This is batch processing...
dir already indexed, will read metadata...
['[eos-cp] copied 1/1 files and 11.01 kB in 0.10 seconds with 106.65 kB/s\n']
# of jobs: 500
['[eos-cp] copied 1/1 files and 639.81 MB in 5.07 seconds with 126.23 MB/s\n']
['[eos-cp] copied 1/1 files and 633.60 MB in 8.20 seconds with 77.30 MB/s\n']
- will read 2 files from dir SingleE_FlatPt-2to100/SingleE_FlatPt-2to100_PU200_v0/200319_124134/0000/:
        - ntuple_DY_1-6.root
        - ntuple_DY_1-7.root
- created TChain containing 1008 events
- reading from event: 476 to event 675
Resetting cache: 0
Setting new cache size: 0
Setting # of entries for cache learning: None to 1
Setting cache entry range: 0
Cache size: 400000000
[<Cluster3DGenMatchPlotter tps: HMvDR, tps_s: ['all', 'Pt10', 'Pt20', 'Pt30', 'Em', 'EmPt10', 'EmPt20', 'EmPt30'], gen:GEN, gen_s:['GEN', 'GENPt15', 'GENPt10to25', 'GENPt30', 'GENPt35', 'GENPt40', 'GENEtaD', 'GENEtaDPt15', 'GENEtaDE', 'GENEtaDEPt15', 'GENEtaBC', 'GENEtaBCPt15', 'GENEtaBCD', 'GENEtaBCDPt15']> ]
[EventManager] registering collection as active: MC
[EventManager] registering collection as active: GEN
[EventManager] registering collection as active: TC
[EventManager] registering collection as active: HMvDR
all HMvDR
Pt10 HMvDR
Pt20 HMvDR
Pt30 HMvDR
Em HMvDR
EmPt10 HMvDR
EmPt20 HMvDR
EmPt30 HMvDR
--- Event 500, @ 2020-03-31 11:07:05.693285
    run: 0, lumi: 0, event: 0
--- Event 600, @ 2020-03-31 11:17:19.607823
    run: 0, lumi: 0, event: 0
Processed 200 events/1008 TOT events
Writing histos to file /pool/condor/dir_2952/histos_ele_flat2to100_PU200_eg_v1_66.root
Read bytes: 55791, # of transaction: 21
