/afs/cern.ch/cms/caf/scripts:/cvmfs/cms.cern.ch/common:/usr/sue/bin:/bin:/usr/condabin:/usr/local/bin:/usr/bin:/usr/local/sbin:/usr/sbin:/opt/puppetlabs/bin
Runnin Cluster 4232633 Job 12
Current dir: /pool/condor/dir_30642
b7g24n0634.cern.ch
0
/pool/condor/dir_30642
Tue Mar 31 11:04:10 CEST 2020
gen_part_selections: 14
--- Collection: BDT_input with samples: ['ele_flat2to100_PU200']
{'ele_flat2to100_PU200': 1}
About to process samples: [ele_flat2to100_PU200]
Name: ele_flat2to100_PU200,
                 clusterize: False
                 compute density: False
                 maxEvents: -1
                 output file: /pool/condor/dir_30642/histos_ele_flat2to100_PU200_eg_v1_12.root
                 events per job: 200
                 debug: 0
This is batch processing...
dir already indexed, will read metadata...
['[eos-cp] copied 1/1 files and 11.01 kB in 0.11 seconds with 97.96 kB/s\n']
# of jobs: 500
['[eos-cp] copied 1/1 files and 635.11 MB in 9.28 seconds with 68.43 MB/s\n']
['[eos-cp] copied 1/1 files and 761.94 MB in 12.65 seconds with 60.21 MB/s\n']
- will read 2 files from dir SingleE_FlatPt-2to100/SingleE_FlatPt-2to100_PU200_v0/200319_124134/0000/:
        - ntuple_DY_1-13.root
        - ntuple_DY_1-14.root
- created TChain containing 1008 events
- reading from event: 384 to event 583
Resetting cache: 0
Setting new cache size: 0
Setting # of entries for cache learning: None to 1
Setting cache entry range: 0
Cache size: 400000000
[<Cluster3DGenMatchPlotter tps: HMvDR, tps_s: ['all', 'Pt10', 'Pt20', 'Pt30', 'Em', 'EmPt10', 'EmPt20', 'EmPt30'], gen:GEN, gen_s:['GEN', 'GENPt15', 'GENPt10to25', 'GENPt30', 'GENPt35', 'GENPt40', 'GENEtaD', 'GENEtaDPt15', 'GENEtaDE', 'GENEtaDEPt15', 'GENEtaBC', 'GENEtaBCPt15', 'GENEtaBCD', 'GENEtaBCDPt15']> ]
[EventManager] registering collection as active: MC
[EventManager] registering collection as active: GEN
[EventManager] registering collection as active: TC
[EventManager] registering collection as active: HMvDR
all HMvDR
Pt10 HMvDR
Pt20 HMvDR
Pt30 HMvDR
Em HMvDR
EmPt10 HMvDR
EmPt20 HMvDR
EmPt30 HMvDR
--- Event 400, @ 2020-03-31 11:06:33.923537
    run: 0, lumi: 0, event: 0
--- Event 500, @ 2020-03-31 11:15:34.667804
    run: 0, lumi: 0, event: 0
Processed 200 events/1008 TOT events
Writing histos to file /pool/condor/dir_30642/histos_ele_flat2to100_PU200_eg_v1_12.root
Read bytes: 78540, # of transaction: 28
