/afs/cern.ch/cms/caf/scripts:/cvmfs/cms.cern.ch/common:/usr/sue/bin:/bin:/usr/condabin:/usr/local/bin:/usr/bin:/usr/local/sbin:/usr/sbin:/opt/puppetlabs/bin
Runnin Cluster 4232912 Job 208
Current dir: /pool/condor/dir_19168
b7g23n0267.cern.ch
0
/pool/condor/dir_19168
Tue Mar 31 11:04:37 CEST 2020
gen_part_selections: 14
--- Collection: BDT_input with samples: ['ele_flat2to100_PU200']
{'ele_flat2to100_PU200': 1}
About to process samples: [ele_flat2to100_PU200]
Name: ele_flat2to100_PU200,
                 clusterize: False
                 compute density: False
                 maxEvents: -1
                 output file: /pool/condor/dir_19168/histos_ele_flat2to100_PU200_eg_v1_208.root
                 events per job: 200
                 debug: 0
This is batch processing...
dir already indexed, will read metadata...
['[eos-cp] copied 1/1 files and 11.01 kB in 0.07 seconds with 169.21 kB/s\n']
# of jobs: 500
['[eos-cp] copied 1/1 files and 2.22 GB in 25.24 seconds with 87.78 MB/s\n']
['[eos-cp] copied 1/1 files and 2.22 GB in 11.63 seconds with 190.87 MB/s\n']
- will read 2 files from dir SingleE_FlatPt-2to100/SingleE_FlatPt-2to100_PU200_v0/200319_124134/0000/:
        - ntuple_DY_28.root
        - ntuple_DY_29.root
- created TChain containing 3528 events
- reading from event: 1600 to event 1799
Resetting cache: 0
Setting new cache size: 0
Setting # of entries for cache learning: None to 1
Setting cache entry range: 0
Cache size: 400000000
[<Cluster3DGenMatchPlotter tps: HMvDR, tps_s: ['all', 'Pt10', 'Pt20', 'Pt30', 'Em', 'EmPt10', 'EmPt20', 'EmPt30'], gen:GEN, gen_s:['GEN', 'GENPt15', 'GENPt10to25', 'GENPt30', 'GENPt35', 'GENPt40', 'GENEtaD', 'GENEtaDPt15', 'GENEtaDE', 'GENEtaDEPt15', 'GENEtaBC', 'GENEtaBCPt15', 'GENEtaBCD', 'GENEtaBCDPt15']> ]
[EventManager] registering collection as active: MC
[EventManager] registering collection as active: GEN
[EventManager] registering collection as active: TC
[EventManager] registering collection as active: HMvDR
all HMvDR
Pt10 HMvDR
Pt20 HMvDR
Pt30 HMvDR
Em HMvDR
EmPt10 HMvDR
EmPt20 HMvDR
EmPt30 HMvDR
--- Event 1600, @ 2020-03-31 11:05:35.319497
    run: 0, lumi: 0, event: 0
--- Event 1700, @ 2020-03-31 11:12:59.427585
    run: 0, lumi: 0, event: 0
Processed 200 events/3528 TOT events
Writing histos to file /pool/condor/dir_19168/histos_ele_flat2to100_PU200_eg_v1_208.root
Read bytes: 154633, # of transaction: 80
