/afs/cern.ch/cms/caf/scripts:/cvmfs/cms.cern.ch/common:/usr/sue/bin:/bin:/usr/condabin:/usr/local/bin:/usr/bin:/usr/local/sbin:/usr/sbin:/opt/puppetlabs/bin
Runnin Cluster 4233245 Job 442
Current dir: /pool/condor/dir_31312
b7s10n9978.cern.ch
0
/pool/condor/dir_31312
Tue Mar 31 11:21:43 CEST 2020
gen_part_selections: 14
--- Collection: BDT_input with samples: ['ele_flat2to100_PU200']
{'ele_flat2to100_PU200': 1}
About to process samples: [ele_flat2to100_PU200]
Name: ele_flat2to100_PU200,
                 clusterize: False
                 compute density: False
                 maxEvents: -1
                 output file: /pool/condor/dir_31312/histos_ele_flat2to100_PU200_eg_v1_442.root
                 events per job: 200
                 debug: 0
This is batch processing...
dir already indexed, will read metadata...
['[eos-cp] copied 1/1 files and 11.01 kB in 0.04 seconds with 251.55 kB/s\n']
# of jobs: 500
['[eos-cp] copied 1/1 files and 2.21 GB in 12.48 seconds with 176.97 MB/s\n']
['[eos-cp] copied 1/1 files and 2.14 GB in 12.83 seconds with 166.50 MB/s\n']
- will read 2 files from dir SingleE_FlatPt-2to100/SingleE_FlatPt-2to100_PU200_v0/200319_124134/0000/:
        - ntuple_DY_53.root
        - ntuple_DY_54.root
- created TChain containing 3464 events
- reading from event: 1596 to event 1795
Resetting cache: 0
Setting new cache size: 0
Setting # of entries for cache learning: None to 1
Setting cache entry range: 0
Cache size: 400000000
[<Cluster3DGenMatchPlotter tps: HMvDR, tps_s: ['all', 'Pt10', 'Pt20', 'Pt30', 'Em', 'EmPt10', 'EmPt20', 'EmPt30'], gen:GEN, gen_s:['GEN', 'GENPt15', 'GENPt10to25', 'GENPt30', 'GENPt35', 'GENPt40', 'GENEtaD', 'GENEtaDPt15', 'GENEtaDE', 'GENEtaDEPt15', 'GENEtaBC', 'GENEtaBCPt15', 'GENEtaBCD', 'GENEtaBCDPt15']> ]
[EventManager] registering collection as active: MC
[EventManager] registering collection as active: GEN
[EventManager] registering collection as active: TC
[EventManager] registering collection as active: HMvDR
all HMvDR
Pt10 HMvDR
Pt20 HMvDR
Pt30 HMvDR
Em HMvDR
EmPt10 HMvDR
EmPt20 HMvDR
EmPt30 HMvDR
--- Event 1600, @ 2020-03-31 11:22:29.866357
    run: 0, lumi: 0, event: 0
--- Event 1700, @ 2020-03-31 11:27:04.930432
    run: 0, lumi: 0, event: 0
Processed 200 events/3464 TOT events
Writing histos to file /pool/condor/dir_31312/histos_ele_flat2to100_PU200_eg_v1_442.root
Read bytes: 155038, # of transaction: 77
