/afs/cern.ch/cms/caf/scripts:/cvmfs/cms.cern.ch/common:/usr/sue/bin:/bin:/usr/condabin:/usr/local/bin:/usr/bin:/usr/local/sbin:/usr/sbin:/opt/puppetlabs/bin
Runnin Cluster 4233290 Job 460
Current dir: /pool/condor/dir_5964
b7s09n3023.cern.ch
0
/pool/condor/dir_5964
Tue Mar 31 11:22:22 CEST 2020
gen_part_selections: 14
--- Collection: BDT_input with samples: ['ele_flat2to100_PU200']
{'ele_flat2to100_PU200': 1}
About to process samples: [ele_flat2to100_PU200]
Name: ele_flat2to100_PU200,
                 clusterize: False
                 compute density: False
                 maxEvents: -1
                 output file: /pool/condor/dir_5964/histos_ele_flat2to100_PU200_eg_v1_460.root
                 events per job: 200
                 debug: 0
This is batch processing...
dir already indexed, will read metadata...
['[eos-cp] copied 1/1 files and 11.01 kB in 0.06 seconds with 179.34 kB/s\n']
# of jobs: 500
['[eos-cp] copied 1/1 files and 2.21 GB in 10.35 seconds with 213.39 MB/s\n']
['[eos-cp] copied 1/1 files and 906.00 MB in 4.61 seconds with 196.60 MB/s\n']
- will read 2 files from dir SingleE_FlatPt-2to100/SingleE_FlatPt-2to100_PU200_v0/200319_124134/0000/:
        - ntuple_DY_55.root
        - ntuple_DY_56.root
- created TChain containing 2488 events
- reading from event: 1732 to event 1931
Resetting cache: 0
Setting new cache size: 0
Setting # of entries for cache learning: None to 1
Setting cache entry range: 0
Cache size: 400000000
[<Cluster3DGenMatchPlotter tps: HMvDR, tps_s: ['all', 'Pt10', 'Pt20', 'Pt30', 'Em', 'EmPt10', 'EmPt20', 'EmPt30'], gen:GEN, gen_s:['GEN', 'GENPt15', 'GENPt10to25', 'GENPt30', 'GENPt35', 'GENPt40', 'GENEtaD', 'GENEtaDPt15', 'GENEtaDE', 'GENEtaDEPt15', 'GENEtaBC', 'GENEtaBCPt15', 'GENEtaBCD', 'GENEtaBCDPt15']> ]
[EventManager] registering collection as active: MC
[EventManager] registering collection as active: GEN
[EventManager] registering collection as active: TC
[EventManager] registering collection as active: HMvDR
all HMvDR
Pt10 HMvDR
Pt20 HMvDR
Pt30 HMvDR
Em HMvDR
EmPt10 HMvDR
EmPt20 HMvDR
EmPt30 HMvDR
--- Event 1800, @ 2020-03-31 11:27:49.883032
    run: 0, lumi: 0, event: 0
--- Event 1900, @ 2020-03-31 11:35:59.485096
    run: 0, lumi: 0, event: 0
Processed 200 events/2488 TOT events
Writing histos to file /pool/condor/dir_5964/histos_ele_flat2to100_PU200_eg_v1_460.root
Read bytes: 78703, # of transaction: 32
