03/30/20 20:28:34 ******************************************************
03/30/20 20:28:34 ** condor_scheduniv_exec.4225055.0 (CONDOR_DAGMAN) STARTING UP
03/30/20 20:28:34 ** /usr/bin/condor_dagman
03/30/20 20:28:34 ** SubsystemInfo: name=DAGMAN type=DAGMAN(10) class=DAEMON(1)
03/30/20 20:28:34 ** Configuration: subsystem:DAGMAN local:<NONE> class:DAEMON
03/30/20 20:28:34 ** $CondorVersion: 8.9.2 Jun 04 2019 BuildID: 471265 PackageID: 8.9.2-1 $
03/30/20 20:28:34 ** $CondorPlatform: x86_64_RedHat7 $
03/30/20 20:28:34 ** PID = 1435515
03/30/20 20:28:34 ** Log last touched time unavailable (No such file or directory)
03/30/20 20:28:34 ******************************************************
03/30/20 20:28:34 Using config source: /etc/condor/condor_config
03/30/20 20:28:34 Using local config sources: 
03/30/20 20:28:34    /etc/condor/config.d/10_security.config
03/30/20 20:28:34    /etc/condor/config.d/11_fairshares.config
03/30/20 20:28:34    /etc/condor/config.d/12_resourcelimits.config
03/30/20 20:28:34    /etc/condor/config.d/14_network.config
03/30/20 20:28:34    /etc/condor/config.d/21_schedd.config
03/30/20 20:28:34    /etc/condor/config.d/21_submit_requirements.config
03/30/20 20:28:34    /etc/condor/config.d/31_krbrenewal.config
03/30/20 20:28:34    /etc/condor/config.d/41_job_transform.config
03/30/20 20:28:34    /etc/condor/config.d/99_local.config
03/30/20 20:28:34    /etc/condor/condor_config.local
03/30/20 20:28:34 config Macros = 233, Sorted = 233, StringBytes = 20664, TablesBytes = 8508
03/30/20 20:28:34 CLASSAD_CACHING is ENABLED
03/30/20 20:28:34 Daemon Log is logging: D_ALWAYS D_ERROR
03/30/20 20:28:34 DaemonCore: No command port requested.
03/30/20 20:28:34 DAGMAN_USE_STRICT setting: 1
03/30/20 20:28:34 DAGMAN_VERBOSITY setting: 3
03/30/20 20:28:34 DAGMAN_DEBUG_CACHE_SIZE setting: 5242880
03/30/20 20:28:34 DAGMAN_DEBUG_CACHE_ENABLE setting: False
03/30/20 20:28:34 DAGMAN_SUBMIT_DELAY setting: 0
03/30/20 20:28:34 DAGMAN_MAX_SUBMIT_ATTEMPTS setting: 6
03/30/20 20:28:34 DAGMAN_STARTUP_CYCLE_DETECT setting: False
03/30/20 20:28:34 DAGMAN_MAX_SUBMITS_PER_INTERVAL setting: 100
03/30/20 20:28:34 DAGMAN_AGGRESSIVE_SUBMIT setting: False
03/30/20 20:28:34 DAGMAN_USER_LOG_SCAN_INTERVAL setting: 5
03/30/20 20:28:34 DAGMAN_QUEUE_UPDATE_INTERVAL setting: 300
03/30/20 20:28:34 DAGMAN_DEFAULT_PRIORITY setting: 0
03/30/20 20:28:34 DAGMAN_SUPPRESS_NOTIFICATION setting: True
03/30/20 20:28:34 allow_events (DAGMAN_ALLOW_EVENTS) setting: 114
03/30/20 20:28:34 DAGMAN_RETRY_SUBMIT_FIRST setting: True
03/30/20 20:28:34 DAGMAN_RETRY_NODE_FIRST setting: False
03/30/20 20:28:34 DAGMAN_MAX_JOBS_IDLE setting: 1000
03/30/20 20:28:34 DAGMAN_MAX_JOBS_SUBMITTED setting: 0
03/30/20 20:28:34 DAGMAN_MAX_PRE_SCRIPTS setting: 20
03/30/20 20:28:34 DAGMAN_MAX_POST_SCRIPTS setting: 20
03/30/20 20:28:34 DAGMAN_MUNGE_NODE_NAMES setting: True
03/30/20 20:28:34 DAGMAN_PROHIBIT_MULTI_JOBS setting: False
03/30/20 20:28:34 DAGMAN_SUBMIT_DEPTH_FIRST setting: False
03/30/20 20:28:34 DAGMAN_ALWAYS_RUN_POST setting: False
03/30/20 20:28:34 DAGMAN_ABORT_DUPLICATES setting: True
03/30/20 20:28:34 DAGMAN_ABORT_ON_SCARY_SUBMIT setting: True
03/30/20 20:28:34 DAGMAN_PENDING_REPORT_INTERVAL setting: 600
03/30/20 20:28:34 DAGMAN_AUTO_RESCUE setting: True
03/30/20 20:28:34 DAGMAN_MAX_RESCUE_NUM setting: 100
03/30/20 20:28:34 DAGMAN_WRITE_PARTIAL_RESCUE setting: True
03/30/20 20:28:34 DAGMAN_DEFAULT_NODE_LOG setting: @(DAG_DIR)/@(DAG_FILE).nodes.log
03/30/20 20:28:34 DAGMAN_GENERATE_SUBDAG_SUBMITS setting: True
03/30/20 20:28:34 DAGMAN_MAX_JOB_HOLDS setting: 100
03/30/20 20:28:34 DAGMAN_HOLD_CLAIM_TIME setting: 20
03/30/20 20:28:34 ALL_DEBUG setting: 
03/30/20 20:28:34 DAGMAN_DEBUG setting: 
03/30/20 20:28:34 DAGMAN_SUPPRESS_JOB_LOGS setting: False
03/30/20 20:28:34 DAGMAN_REMOVE_NODE_JOBS setting: True
03/30/20 20:28:34 argv[0] == "condor_scheduniv_exec.4225055.0"
03/30/20 20:28:34 argv[1] == "-Lockfile"
03/30/20 20:28:34 argv[2] == "batch_BDT_input_v2/dagman.dag.lock"
03/30/20 20:28:34 argv[3] == "-AutoRescue"
03/30/20 20:28:34 argv[4] == "1"
03/30/20 20:28:34 argv[5] == "-DoRescueFrom"
03/30/20 20:28:34 argv[6] == "0"
03/30/20 20:28:34 argv[7] == "-Dag"
03/30/20 20:28:34 argv[8] == "batch_BDT_input_v2/dagman.dag"
03/30/20 20:28:34 argv[9] == "-Suppress_notification"
03/30/20 20:28:34 argv[10] == "-CsdVersion"
03/30/20 20:28:34 argv[11] == "$CondorVersion: 8.8.7 Dec 24 2019 BuildID: 493225 PackageID: 8.8.7-1 $"
03/30/20 20:28:34 argv[12] == "-Dagman"
03/30/20 20:28:34 argv[13] == "/usr/bin/condor_dagman"
03/30/20 20:28:34 Workflow batch-name: <dagman.dag+4225055>
03/30/20 20:28:35 Workflow accounting_group: <>
03/30/20 20:28:35 Workflow accounting_group_user: <>
03/30/20 20:28:35 Warning: failed to get attribute DAGNodeName
03/30/20 20:28:35 DAGMAN_LOG_ON_NFS_IS_ERROR setting: False
03/30/20 20:28:35 Default node log file is: </afs/cern.ch/work/j/jheikkil/tools/ntuple-tools/batch_BDT_input_v2/dagman.dag.nodes.log>
03/30/20 20:28:35 Note: the version ($CondorVersion: 8.8.7 Dec 24 2019 BuildID: 493225 PackageID: 8.8.7-1 $) of this DAG's HTCondor submit file (created by condor_submit_dag) differs from condor_dagman version ($CondorVersion: 8.9.2 Jun 04 2019 BuildID: 471265 PackageID: 8.9.2-1 $), but the difference is permissible
03/30/20 20:28:35 DAG Lockfile will be written to batch_BDT_input_v2/dagman.dag.lock
03/30/20 20:28:35 DAG Input file is batch_BDT_input_v2/dagman.dag
03/30/20 20:28:35 Parsing 1 dagfiles
03/30/20 20:28:35 Parsing batch_BDT_input_v2/dagman.dag ...
03/30/20 20:28:35 Parsing Splice ele_flat2to100_PU200 in directory batch_BDT_input_v2/ele_flat2to100_PU200 with file ele_flat2to100_PU200.spl
03/30/20 20:28:35 Dag contains 7 total jobs
03/30/20 20:28:35 Sleeping for 3 seconds to ensure ProcessId uniqueness
03/30/20 20:28:38 Bootstrapping...
03/30/20 20:28:38 Number of pre-completed nodes: 0
03/30/20 20:28:38 MultiLogFiles: truncating log file /afs/cern.ch/work/j/jheikkil/tools/ntuple-tools/batch_BDT_input_v2/dagman.dag.nodes.log
03/30/20 20:28:38 DAG status: 0 (DAG_STATUS_OK)
03/30/20 20:28:38 Of 7 nodes total:
03/30/20 20:28:38  Done     Pre   Queued    Post   Ready   Un-Ready   Failed
03/30/20 20:28:38   ===     ===      ===     ===     ===        ===      ===
03/30/20 20:28:38     0       0        0       0       5          2        0
03/30/20 20:28:38 0 job proc(s) currently held
03/30/20 20:28:38 DAGMan Runtime Statistics: [ EventCycleTimeCount = 0.0; EventCycleTimeSum = 0.0; LogProcessCycleTimeCount = 0.0; LogProcessCycleTimeSum = 0.0; SleepCycleTimeCount = 0.0; SleepCycleTimeSum = 0.0; SubmitCycleTimeCount = 0.0; SubmitCycleTimeSum = 0.0; ]
03/30/20 20:28:38 Registering condor_event_timer...
03/30/20 20:28:39 Submitting HTCondor Node ele_flat2to100_PU200+Job_0 job(s)...
03/30/20 20:28:39 Adding a DAGMan workflow log /afs/cern.ch/work/j/jheikkil/tools/ntuple-tools/batch_BDT_input_v2/dagman.dag.nodes.log
03/30/20 20:28:39 Masking the events recorded in the DAGMAN workflow log
03/30/20 20:28:39 Mask for workflow log is 0,1,2,4,5,7,9,10,11,12,13,16,17,24,27,35,36
03/30/20 20:28:39 submitting: /usr/bin/condor_submit -a dag_node_name' '=' 'ele_flat2to100_PU200+Job_0 -a +DAGManJobId' '=' '4225055 -a DAGManJobId' '=' '4225055 -batch-name dagman.dag+4225055 -a submit_event_notes' '=' 'DAG' 'Node:' 'ele_flat2to100_PU200+Job_0 -a dagman_log' '=' '/afs/cern.ch/work/j/jheikkil/tools/ntuple-tools/batch_BDT_input_v2/dagman.dag.nodes.log -a +DAGManNodesMask' '=' '"0,1,2,4,5,7,9,10,11,12,13,16,17,24,27,35,36" -a priority=1 -a JOB_ID' '=' '0 -a DAG_STATUS' '=' '0 -a FAILED_COUNT' '=' '0 -a +KeepClaimIdle' '=' '20 -a notification' '=' 'never -a +DAGParentNodeNames' '=' '"" batch.sub
03/30/20 20:28:42 From submit: Submitting job(s).
03/30/20 20:28:42 From submit: 1 job(s) submitted to cluster 4225063.
03/30/20 20:28:42 	assigned HTCondor ID (4225063.0.0)
03/30/20 20:28:42 Submitting HTCondor Node ele_flat2to100_PU200+Job_1 job(s)...
03/30/20 20:28:42 Adding a DAGMan workflow log /afs/cern.ch/work/j/jheikkil/tools/ntuple-tools/batch_BDT_input_v2/dagman.dag.nodes.log
03/30/20 20:28:42 Masking the events recorded in the DAGMAN workflow log
03/30/20 20:28:42 Mask for workflow log is 0,1,2,4,5,7,9,10,11,12,13,16,17,24,27,35,36
03/30/20 20:28:42 submitting: /usr/bin/condor_submit -a dag_node_name' '=' 'ele_flat2to100_PU200+Job_1 -a +DAGManJobId' '=' '4225055 -a DAGManJobId' '=' '4225055 -batch-name dagman.dag+4225055 -a submit_event_notes' '=' 'DAG' 'Node:' 'ele_flat2to100_PU200+Job_1 -a dagman_log' '=' '/afs/cern.ch/work/j/jheikkil/tools/ntuple-tools/batch_BDT_input_v2/dagman.dag.nodes.log -a +DAGManNodesMask' '=' '"0,1,2,4,5,7,9,10,11,12,13,16,17,24,27,35,36" -a priority=1 -a JOB_ID' '=' '1 -a DAG_STATUS' '=' '0 -a FAILED_COUNT' '=' '0 -a +KeepClaimIdle' '=' '20 -a notification' '=' 'never -a +DAGParentNodeNames' '=' '"" batch.sub
03/30/20 20:28:43 From submit: Submitting job(s).
03/30/20 20:28:43 From submit: 1 job(s) submitted to cluster 4225064.
03/30/20 20:28:43 	assigned HTCondor ID (4225064.0.0)
03/30/20 20:28:43 Submitting HTCondor Node ele_flat2to100_PU200+Job_2 job(s)...
03/30/20 20:28:43 Adding a DAGMan workflow log /afs/cern.ch/work/j/jheikkil/tools/ntuple-tools/batch_BDT_input_v2/dagman.dag.nodes.log
03/30/20 20:28:43 Masking the events recorded in the DAGMAN workflow log
03/30/20 20:28:43 Mask for workflow log is 0,1,2,4,5,7,9,10,11,12,13,16,17,24,27,35,36
03/30/20 20:28:43 submitting: /usr/bin/condor_submit -a dag_node_name' '=' 'ele_flat2to100_PU200+Job_2 -a +DAGManJobId' '=' '4225055 -a DAGManJobId' '=' '4225055 -batch-name dagman.dag+4225055 -a submit_event_notes' '=' 'DAG' 'Node:' 'ele_flat2to100_PU200+Job_2 -a dagman_log' '=' '/afs/cern.ch/work/j/jheikkil/tools/ntuple-tools/batch_BDT_input_v2/dagman.dag.nodes.log -a +DAGManNodesMask' '=' '"0,1,2,4,5,7,9,10,11,12,13,16,17,24,27,35,36" -a priority=1 -a JOB_ID' '=' '2 -a DAG_STATUS' '=' '0 -a FAILED_COUNT' '=' '0 -a +KeepClaimIdle' '=' '20 -a notification' '=' 'never -a +DAGParentNodeNames' '=' '"" batch.sub
03/30/20 20:28:44 From submit: Submitting job(s).
03/30/20 20:28:44 From submit: 1 job(s) submitted to cluster 4225065.
03/30/20 20:28:44 	assigned HTCondor ID (4225065.0.0)
03/30/20 20:28:44 Submitting HTCondor Node ele_flat2to100_PU200+Job_3 job(s)...
03/30/20 20:28:44 Adding a DAGMan workflow log /afs/cern.ch/work/j/jheikkil/tools/ntuple-tools/batch_BDT_input_v2/dagman.dag.nodes.log
03/30/20 20:28:44 Masking the events recorded in the DAGMAN workflow log
03/30/20 20:28:44 Mask for workflow log is 0,1,2,4,5,7,9,10,11,12,13,16,17,24,27,35,36
03/30/20 20:28:44 submitting: /usr/bin/condor_submit -a dag_node_name' '=' 'ele_flat2to100_PU200+Job_3 -a +DAGManJobId' '=' '4225055 -a DAGManJobId' '=' '4225055 -batch-name dagman.dag+4225055 -a submit_event_notes' '=' 'DAG' 'Node:' 'ele_flat2to100_PU200+Job_3 -a dagman_log' '=' '/afs/cern.ch/work/j/jheikkil/tools/ntuple-tools/batch_BDT_input_v2/dagman.dag.nodes.log -a +DAGManNodesMask' '=' '"0,1,2,4,5,7,9,10,11,12,13,16,17,24,27,35,36" -a priority=1 -a JOB_ID' '=' '3 -a DAG_STATUS' '=' '0 -a FAILED_COUNT' '=' '0 -a +KeepClaimIdle' '=' '20 -a notification' '=' 'never -a +DAGParentNodeNames' '=' '"" batch.sub
03/30/20 20:28:50 From submit: Submitting job(s).
03/30/20 20:28:50 From submit: 1 job(s) submitted to cluster 4225067.
03/30/20 20:28:50 	assigned HTCondor ID (4225067.0.0)
03/30/20 20:28:50 Warning: Submit cycle elapsed time (11 s) has exceeded log scan interval (5 s); bailing out of submit loop
03/30/20 20:28:50 Just submitted 4 jobs this cycle...
03/30/20 20:28:50 DAG status: 0 (DAG_STATUS_OK)
03/30/20 20:28:50 Of 7 nodes total:
03/30/20 20:28:50  Done     Pre   Queued    Post   Ready   Un-Ready   Failed
03/30/20 20:28:50   ===     ===      ===     ===     ===        ===      ===
03/30/20 20:28:50     0       0        4       0       1          2        0
03/30/20 20:28:51 0 job proc(s) currently held
03/30/20 20:28:51 DAGMan Runtime Statistics: [ EventCycleTimeCount = 0.0; EventCycleTimeSum = 0.0; LogProcessCycleTimeCount = 0.0; LogProcessCycleTimeSum = 0.0; SleepCycleTimeCount = 0.0; SleepCycleTimeSum = 0.0; SubmitCycleTimeAvg = 11.09692907333374; SubmitCycleTimeCount = 1.0; SubmitCycleTimeMax = 11.09692907333374; SubmitCycleTimeMin = 11.09692907333374; SubmitCycleTimeStd = 11.09692907333374; SubmitCycleTimeSum = 11.09692907333374; ]
03/30/20 20:28:56 Submitting HTCondor Node ele_flat2to100_PU200+Job_4 job(s)...
03/30/20 20:28:56 Adding a DAGMan workflow log /afs/cern.ch/work/j/jheikkil/tools/ntuple-tools/batch_BDT_input_v2/dagman.dag.nodes.log
03/30/20 20:28:56 Masking the events recorded in the DAGMAN workflow log
03/30/20 20:28:56 Mask for workflow log is 0,1,2,4,5,7,9,10,11,12,13,16,17,24,27,35,36
03/30/20 20:28:56 submitting: /usr/bin/condor_submit -a dag_node_name' '=' 'ele_flat2to100_PU200+Job_4 -a +DAGManJobId' '=' '4225055 -a DAGManJobId' '=' '4225055 -batch-name dagman.dag+4225055 -a submit_event_notes' '=' 'DAG' 'Node:' 'ele_flat2to100_PU200+Job_4 -a dagman_log' '=' '/afs/cern.ch/work/j/jheikkil/tools/ntuple-tools/batch_BDT_input_v2/dagman.dag.nodes.log -a +DAGManNodesMask' '=' '"0,1,2,4,5,7,9,10,11,12,13,16,17,24,27,35,36" -a priority=1 -a JOB_ID' '=' '4 -a DAG_STATUS' '=' '0 -a FAILED_COUNT' '=' '0 -a +KeepClaimIdle' '=' '20 -a notification' '=' 'never -a +DAGParentNodeNames' '=' '"" batch.sub
03/30/20 20:28:57 From submit: Submitting job(s).
03/30/20 20:28:57 From submit: 1 job(s) submitted to cluster 4225071.
03/30/20 20:28:57 	assigned HTCondor ID (4225071.0.0)
03/30/20 20:28:57 Just submitted 1 job this cycle...
03/30/20 20:28:57 Currently monitoring 1 HTCondor log file(s)
03/30/20 20:28:57 Reassigning the id of job ele_flat2to100_PU200+Job_0 from (4225063.0.0) to (4225063.0.0)
03/30/20 20:28:57 Event: ULOG_SUBMIT for HTCondor Node ele_flat2to100_PU200+Job_0 (4225063.0.0) {03/30/20 20:28:42}
03/30/20 20:28:57 Number of idle job procs: 1
03/30/20 20:28:57 Reassigning the id of job ele_flat2to100_PU200+Job_1 from (4225064.0.0) to (4225064.0.0)
03/30/20 20:28:57 Event: ULOG_SUBMIT for HTCondor Node ele_flat2to100_PU200+Job_1 (4225064.0.0) {03/30/20 20:28:43}
03/30/20 20:28:57 Number of idle job procs: 2
03/30/20 20:28:57 Reassigning the id of job ele_flat2to100_PU200+Job_2 from (4225065.0.0) to (4225065.0.0)
03/30/20 20:28:57 Event: ULOG_SUBMIT for HTCondor Node ele_flat2to100_PU200+Job_2 (4225065.0.0) {03/30/20 20:28:44}
03/30/20 20:28:57 Number of idle job procs: 3
03/30/20 20:28:57 Reassigning the id of job ele_flat2to100_PU200+Job_3 from (4225067.0.0) to (4225067.0.0)
03/30/20 20:28:57 Event: ULOG_SUBMIT for HTCondor Node ele_flat2to100_PU200+Job_3 (4225067.0.0) {03/30/20 20:28:50}
03/30/20 20:28:57 Number of idle job procs: 4
03/30/20 20:28:57 Reassigning the id of job ele_flat2to100_PU200+Job_4 from (4225071.0.0) to (4225071.0.0)
03/30/20 20:28:57 Event: ULOG_SUBMIT for HTCondor Node ele_flat2to100_PU200+Job_4 (4225071.0.0) {03/30/20 20:28:57}
03/30/20 20:28:57 Number of idle job procs: 5
03/30/20 20:28:57 DAG status: 0 (DAG_STATUS_OK)
03/30/20 20:28:57 Of 7 nodes total:
03/30/20 20:28:57  Done     Pre   Queued    Post   Ready   Un-Ready   Failed
03/30/20 20:28:57   ===     ===      ===     ===     ===        ===      ===
03/30/20 20:28:57     0       0        5       0       0          2        0
03/30/20 20:28:57 0 job proc(s) currently held
03/30/20 20:28:57 DAGMan Runtime Statistics: [ EventCycleTimeAvg = 11.25715684890747; EventCycleTimeCount = 1.0; EventCycleTimeMax = 11.25715684890747; EventCycleTimeMin = 11.25715684890747; EventCycleTimeStd = 11.25715684890747; EventCycleTimeSum = 11.25715684890747; LogProcessCycleTimeAvg = 0.0006339550018310547; LogProcessCycleTimeCount = 1.0; LogProcessCycleTimeMax = 0.0006339550018310547; LogProcessCycleTimeMin = 0.0006339550018310547; LogProcessCycleTimeStd = 0.0006339550018310547; LogProcessCycleTimeSum = 0.0006339550018310547; SleepCycleTimeAvg = 5.005739212036133; SleepCycleTimeCount = 1.0; SleepCycleTimeMax = 5.005739212036133; SleepCycleTimeMin = 5.005739212036133; SleepCycleTimeStd = 5.005739212036133; SleepCycleTimeSum = 5.005739212036133; SubmitCycleTimeAvg = 6.272310495376587; SubmitCycleTimeCount = 2.0; SubmitCycleTimeMax = 11.09692907333374; SubmitCycleTimeMin = 1.447691917419434; SubmitCycleTimeStd = 6.823041026224201; SubmitCycleTimeSum = 12.54462099075317; ]
03/30/20 20:29:02 Currently monitoring 1 HTCondor log file(s)
03/30/20 20:36:53 Currently monitoring 1 HTCondor log file(s)
03/30/20 20:36:53 Event: ULOG_JOB_RECONNECT_FAILED for HTCondor Node ele_flat2to100_PU200+Job_2 (4225065.0.0) {03/30/20 20:36:49}
03/30/20 20:36:53 Number of idle job procs: 5
03/30/20 20:36:53 Event: ULOG_EXECUTE for HTCondor Node ele_flat2to100_PU200+Job_1 (4225064.0.0) {03/30/20 20:36:52}
03/30/20 20:36:53 Number of idle job procs: 4
03/30/20 20:36:53 Event: ULOG_EXECUTE for HTCondor Node ele_flat2to100_PU200+Job_4 (4225071.0.0) {03/30/20 20:36:52}
03/30/20 20:36:53 Number of idle job procs: 3
03/30/20 20:37:03 Currently monitoring 1 HTCondor log file(s)
03/30/20 20:37:03 Event: ULOG_EXECUTE for HTCondor Node ele_flat2to100_PU200+Job_3 (4225067.0.0) {03/30/20 20:36:59}
03/30/20 20:37:03 Number of idle job procs: 2
03/30/20 20:41:58 Currently monitoring 1 HTCondor log file(s)
03/30/20 20:41:58 Event: ULOG_EXECUTE for HTCondor Node ele_flat2to100_PU200+Job_2 (4225065.0.0) {03/30/20 20:41:55}
03/30/20 20:41:58 Number of idle job procs: 1
03/30/20 20:47:53 Currently monitoring 1 HTCondor log file(s)
03/30/20 20:47:53 Event: ULOG_JOB_TERMINATED for HTCondor Node ele_flat2to100_PU200+Job_1 (4225064.0.0) {03/30/20 20:47:53}
03/30/20 20:47:53 Number of idle job procs: 1
03/30/20 20:47:53 Node ele_flat2to100_PU200+Job_1 job proc (4225064.0.0) completed successfully.
03/30/20 20:47:53 Node ele_flat2to100_PU200+Job_1 job completed
03/30/20 20:47:53 DAG status: 0 (DAG_STATUS_OK)
03/30/20 20:47:53 Of 7 nodes total:
03/30/20 20:47:53  Done     Pre   Queued    Post   Ready   Un-Ready   Failed
03/30/20 20:47:53   ===     ===      ===     ===     ===        ===      ===
03/30/20 20:47:53     1       0        4       0       0          2        0
03/30/20 20:47:53 0 job proc(s) currently held
03/30/20 20:47:53 DAGMan Runtime Statistics: [ EventCycleTimeAvg = 0.05604797287991172; EventCycleTimeCount = 228.0; EventCycleTimeMax = 11.25715684890747; EventCycleTimeMin = 4.00543212890625E-05; EventCycleTimeStd = 0.7512303463473785; EventCycleTimeSum = 12.77893781661987; LogProcessCycleTimeAvg = 0.01156485080718994; LogProcessCycleTimeCount = 6.0; LogProcessCycleTimeMax = 0.02156496047973633; LogProcessCycleTimeMin = 0.0001170635223388672; LogProcessCycleTimeStd = 0.00935775089549567; LogProcessCycleTimeSum = 0.06938910484313965; SleepCycleTimeAvg = 5.00575475943716; SleepCycleTimeCount = 228.0; SleepCycleTimeMax = 5.024899005889893; SleepCycleTimeMin = 5.000191926956177; SleepCycleTimeStd = 0.003056669715227825; SleepCycleTimeSum = 1141.312085151672; SubmitCycleTimeAvg = 0.05485453668119605; SubmitCycleTimeCount = 229.0; SubmitCycleTimeMax = 11.09692907333374; SubmitCycleTimeMin = 2.47955322265625E-05; SubmitCycleTimeStd = 0.7390979397023674; SubmitCycleTimeSum = 12.5616888999939; ]
03/30/20 20:49:19 Currently monitoring 1 HTCondor log file(s)
03/30/20 20:49:19 Event: ULOG_JOB_TERMINATED for HTCondor Node ele_flat2to100_PU200+Job_4 (4225071.0.0) {03/30/20 20:49:15}
03/30/20 20:49:19 Number of idle job procs: 1
03/30/20 20:49:19 Node ele_flat2to100_PU200+Job_4 job proc (4225071.0.0) completed successfully.
03/30/20 20:49:19 Node ele_flat2to100_PU200+Job_4 job completed
03/30/20 20:49:19 DAG status: 0 (DAG_STATUS_OK)
03/30/20 20:49:19 Of 7 nodes total:
03/30/20 20:49:19  Done     Pre   Queued    Post   Ready   Un-Ready   Failed
03/30/20 20:49:19   ===     ===      ===     ===     ===        ===      ===
03/30/20 20:49:19     2       0        3       0       0          2        0
03/30/20 20:49:19 0 job proc(s) currently held
03/30/20 20:49:19 DAGMan Runtime Statistics: [ EventCycleTimeAvg = 0.05231475830078125; EventCycleTimeCount = 245.0; EventCycleTimeMax = 11.25715684890747; EventCycleTimeMin = 4.00543212890625E-05; EventCycleTimeStd = 0.7247211491656781; EventCycleTimeSum = 12.81711578369141; LogProcessCycleTimeAvg = 0.01100931848798479; LogProcessCycleTimeCount = 7.0; LogProcessCycleTimeMax = 0.02156496047973633; LogProcessCycleTimeMin = 0.0001170635223388672; LogProcessCycleTimeStd = 0.008667942736826032; LogProcessCycleTimeSum = 0.07706522941589355; SleepCycleTimeAvg = 5.005803425458013; SleepCycleTimeCount = 245.0; SleepCycleTimeMax = 5.026207208633423; SleepCycleTimeMin = 5.000079154968262; SleepCycleTimeStd = 0.003286448691931802; SleepCycleTimeSum = 1226.421839237213; SubmitCycleTimeAvg = 0.05106724180826327; SubmitCycleTimeCount = 246.0; SubmitCycleTimeMax = 11.09692907333374; SubmitCycleTimeMin = 2.47955322265625E-05; SubmitCycleTimeStd = 0.7131308539070265; SubmitCycleTimeSum = 12.56254148483276; ]
03/30/20 20:51:34 Currently monitoring 1 HTCondor log file(s)
03/30/20 20:51:34 Event: ULOG_JOB_TERMINATED for HTCondor Node ele_flat2to100_PU200+Job_3 (4225067.0.0) {03/30/20 20:51:31}
03/30/20 20:51:34 Number of idle job procs: 1
03/30/20 20:51:34 Node ele_flat2to100_PU200+Job_3 job proc (4225067.0.0) completed successfully.
03/30/20 20:51:34 Node ele_flat2to100_PU200+Job_3 job completed
03/30/20 20:51:34 DAG status: 0 (DAG_STATUS_OK)
03/30/20 20:51:34 Of 7 nodes total:
03/30/20 20:51:34  Done     Pre   Queued    Post   Ready   Un-Ready   Failed
03/30/20 20:51:34   ===     ===      ===     ===     ===        ===      ===
03/30/20 20:51:34     3       0        2       0       0          2        0
03/30/20 20:51:34 0 job proc(s) currently held
03/30/20 20:51:34 DAGMan Runtime Statistics: [ EventCycleTimeAvg = 0.04718861772733576; EventCycleTimeCount = 272.0; EventCycleTimeMax = 11.25715684890747; EventCycleTimeMin = 3.790855407714844E-05; EventCycleTimeStd = 0.6878464383956764; EventCycleTimeSum = 12.83530402183533; LogProcessCycleTimeAvg = 0.02353417873382568; LogProcessCycleTimeCount = 8.0; LogProcessCycleTimeMax = 0.1112082004547119; LogProcessCycleTimeMin = 0.0001170635223388672; LogProcessCycleTimeStd = 0.03632322818742991; LogProcessCycleTimeSum = 0.1882734298706055; SleepCycleTimeAvg = 5.005697051391882; SleepCycleTimeCount = 272.0; SleepCycleTimeMax = 5.026207208633423; SleepCycleTimeMin = 5.000079154968262; SleepCycleTimeStd = 0.003158314199329164; SleepCycleTimeSum = 1361.549597978592; SubmitCycleTimeAvg = 0.04602227280864785; SubmitCycleTimeCount = 273.0; SubmitCycleTimeMax = 11.09692907333374; SubmitCycleTimeMin = 2.47955322265625E-05; SubmitCycleTimeStd = 0.6769835575739582; SubmitCycleTimeSum = 12.56408047676086; ]
03/30/20 20:51:39 Currently monitoring 1 HTCondor log file(s)
03/30/20 20:51:39 Event: ULOG_EXECUTE for HTCondor Node ele_flat2to100_PU200+Job_0 (4225063.0.0) {03/30/20 20:51:35}
03/30/20 20:51:39 Number of idle job procs: 0
03/30/20 21:01:40 601 seconds since last log event
03/30/20 21:01:40 Pending DAG nodes:
03/30/20 21:01:40   Node ele_flat2to100_PU200+Job_0, HTCondor ID 4225063, status STATUS_SUBMITTED
03/30/20 21:01:40   Node ele_flat2to100_PU200+Job_2, HTCondor ID 4225065, status STATUS_SUBMITTED
03/30/20 21:02:55 Currently monitoring 1 HTCondor log file(s)
03/30/20 21:02:55 Event: ULOG_JOB_TERMINATED for HTCondor Node ele_flat2to100_PU200+Job_2 (4225065.0.0) {03/30/20 21:02:54}
03/30/20 21:02:55 Number of idle job procs: 0
03/30/20 21:02:55 Node ele_flat2to100_PU200+Job_2 job proc (4225065.0.0) completed successfully.
03/30/20 21:02:55 Node ele_flat2to100_PU200+Job_2 job completed
03/30/20 21:02:55 DAG status: 0 (DAG_STATUS_OK)
03/30/20 21:02:55 Of 7 nodes total:
03/30/20 21:02:55  Done     Pre   Queued    Post   Ready   Un-Ready   Failed
03/30/20 21:02:55   ===     ===      ===     ===     ===        ===      ===
03/30/20 21:02:55     4       0        1       0       0          2        0
03/30/20 21:02:55 0 job proc(s) currently held
03/30/20 21:02:55 DAGMan Runtime Statistics: [ EventCycleTimeAvg = 0.03232769288268744; EventCycleTimeCount = 408.0; EventCycleTimeMax = 11.25715684890747; EventCycleTimeMin = 3.790855407714844E-05; EventCycleTimeStd = 0.5619291806702738; EventCycleTimeSum = 13.18969869613647; LogProcessCycleTimeAvg = 0.01891012191772461; LogProcessCycleTimeCount = 10.0; LogProcessCycleTimeMax = 0.1112082004547119; LogProcessCycleTimeMin = 0.0001170635223388672; LogProcessCycleTimeStd = 0.03348467379879157; LogProcessCycleTimeSum = 0.1891012191772461; SleepCycleTimeAvg = 5.006021012862523; SleepCycleTimeCount = 408.0; SleepCycleTimeMax = 5.041082859039307; SleepCycleTimeMin = 5.000079154968262; SleepCycleTimeStd = 0.003996882486996488; SleepCycleTimeSum = 2042.45657324791; SubmitCycleTimeAvg = 0.03073824122365938; SubmitCycleTimeCount = 409.0; SubmitCycleTimeMax = 11.09692907333374; SubmitCycleTimeMin = 2.47955322265625E-05; SubmitCycleTimeStd = 0.5531798037247584; SubmitCycleTimeSum = 12.57194066047668; ]
03/30/20 21:05:55 Currently monitoring 1 HTCondor log file(s)
03/30/20 21:05:55 Event: ULOG_JOB_TERMINATED for HTCondor Node ele_flat2to100_PU200+Job_0 (4225063.0.0) {03/30/20 21:05:52}
03/30/20 21:05:55 Number of idle job procs: 0
03/30/20 21:05:55 Node ele_flat2to100_PU200+Job_0 job proc (4225063.0.0) completed successfully.
03/30/20 21:05:55 Node ele_flat2to100_PU200+Job_0 job completed
03/30/20 21:05:55 DAG status: 0 (DAG_STATUS_OK)
03/30/20 21:05:55 Of 7 nodes total:
03/30/20 21:05:55  Done     Pre   Queued    Post   Ready   Un-Ready   Failed
03/30/20 21:05:55   ===     ===      ===     ===     ===        ===      ===
03/30/20 21:05:55     5       0        0       0       1          1        0
03/30/20 21:05:55 0 job proc(s) currently held
03/30/20 21:05:55 DAGMan Runtime Statistics: [ EventCycleTimeAvg = 0.029831913140443; EventCycleTimeCount = 444.0; EventCycleTimeMax = 11.25715684890747; EventCycleTimeMin = 3.790855407714844E-05; EventCycleTimeStd = 0.5386844505340216; EventCycleTimeSum = 13.24536943435669; LogProcessCycleTimeAvg = 0.01725246689536355; LogProcessCycleTimeCount = 11.0; LogProcessCycleTimeMax = 0.1112082004547119; LogProcessCycleTimeMin = 0.0001170635223388672; LogProcessCycleTimeStd = 0.03223859586543865; LogProcessCycleTimeSum = 0.189777135848999; SleepCycleTimeAvg = 5.006035681243415; SleepCycleTimeCount = 444.0; SleepCycleTimeMax = 5.049982070922852; SleepCycleTimeMin = 5.000079154968262; SleepCycleTimeStd = 0.004396752698984267; SleepCycleTimeSum = 2222.679842472076; SubmitCycleTimeAvg = 0.02825679404012273; SubmitCycleTimeCount = 445.0; SubmitCycleTimeMax = 11.09692907333374; SubmitCycleTimeMin = 2.47955322265625E-05; SubmitCycleTimeStd = 0.5303456974756988; SubmitCycleTimeSum = 12.57427334785461; ]
03/30/20 21:06:00 Submitting HTCondor Node ele_flat2to100_PU200_hadd job(s)...
03/30/20 21:06:00 Adding a DAGMan workflow log /afs/cern.ch/work/j/jheikkil/tools/ntuple-tools/batch_BDT_input_v2/dagman.dag.nodes.log
03/30/20 21:06:00 Masking the events recorded in the DAGMAN workflow log
03/30/20 21:06:00 Mask for workflow log is 0,1,2,4,5,7,9,10,11,12,13,16,17,24,27,35,36
03/30/20 21:06:00 submitting: /usr/bin/condor_submit -a dag_node_name' '=' 'ele_flat2to100_PU200_hadd -a +DAGManJobId' '=' '4225055 -a DAGManJobId' '=' '4225055 -batch-name dagman.dag+4225055 -a submit_event_notes' '=' 'DAG' 'Node:' 'ele_flat2to100_PU200_hadd -a dagman_log' '=' '/afs/cern.ch/work/j/jheikkil/tools/ntuple-tools/batch_BDT_input_v2/dagman.dag.nodes.log -a +DAGManNodesMask' '=' '"0,1,2,4,5,7,9,10,11,12,13,16,17,24,27,35,36" -a priority=1 -a DAG_STATUS' '=' '0 -a FAILED_COUNT' '=' '0 -a +KeepClaimIdle' '=' '20 -a notification' '=' 'never -a +DAGParentNodeNames' '=' '"ele_flat2to100_PU200+Job_0,ele_flat2to100_PU200+Job_1,ele_flat2to100_PU200+Job_2,ele_flat2to100_PU200+Job_3,ele_flat2to100_PU200+Job_4" batch_BDT_input_v2/ele_flat2to100_PU200/batch_hadd.sub
03/30/20 21:06:01 From submit: Submitting job(s).
03/30/20 21:06:01 From submit: 1 job(s) submitted to cluster 4225662.
03/30/20 21:06:01 	assigned HTCondor ID (4225662.0.0)
03/30/20 21:06:01 Just submitted 1 job this cycle...
03/30/20 21:06:01 DAG status: 0 (DAG_STATUS_OK)
03/30/20 21:06:01 Of 7 nodes total:
03/30/20 21:06:01  Done     Pre   Queued    Post   Ready   Un-Ready   Failed
03/30/20 21:06:01   ===     ===      ===     ===     ===        ===      ===
03/30/20 21:06:01     5       0        1       0       0          1        0
03/30/20 21:06:01 0 job proc(s) currently held
03/30/20 21:06:01 DAGMan Runtime Statistics: [ EventCycleTimeAvg = 0.02976749559466758; EventCycleTimeCount = 445.0; EventCycleTimeMax = 11.25715684890747; EventCycleTimeMin = 3.790855407714844E-05; EventCycleTimeStd = 0.5380791978497736; EventCycleTimeSum = 13.24653553962708; LogProcessCycleTimeAvg = 0.01725246689536355; LogProcessCycleTimeCount = 11.0; LogProcessCycleTimeMax = 0.1112082004547119; LogProcessCycleTimeMin = 0.0001170635223388672; LogProcessCycleTimeStd = 0.03223859586543865; LogProcessCycleTimeSum = 0.189777135848999; SleepCycleTimeAvg = 5.0060330010532; SleepCycleTimeCount = 445.0; SleepCycleTimeMax = 5.049982070922852; SleepCycleTimeMin = 5.000079154968262; SleepCycleTimeStd = 0.004392162525393004; SleepCycleTimeSum = 2227.684685468674; SubmitCycleTimeAvg = 0.02937497632920475; SubmitCycleTimeCount = 446.0; SubmitCycleTimeMax = 11.09692907333374; SubmitCycleTimeMin = 2.47955322265625E-05; SubmitCycleTimeStd = 0.5302755388059308; SubmitCycleTimeSum = 13.10123944282532; ]
03/30/20 21:06:06 Currently monitoring 1 HTCondor log file(s)
03/30/20 21:06:06 Reassigning the id of job ele_flat2to100_PU200_hadd from (4225662.0.0) to (4225662.0.0)
03/30/20 21:06:06 Event: ULOG_SUBMIT for HTCondor Node ele_flat2to100_PU200_hadd (4225662.0.0) {03/30/20 21:06:01}
03/30/20 21:06:06 Number of idle job procs: 1
03/30/20 21:16:07 601 seconds since last log event
03/30/20 21:16:07 Pending DAG nodes:
03/30/20 21:16:07   Node ele_flat2to100_PU200_hadd, HTCondor ID 4225662, status STATUS_SUBMITTED
03/30/20 21:26:07 1201 seconds since last log event
03/30/20 21:26:07 Pending DAG nodes:
03/30/20 21:26:07   Node ele_flat2to100_PU200_hadd, HTCondor ID 4225662, status STATUS_SUBMITTED
03/30/20 21:30:13 Currently monitoring 1 HTCondor log file(s)
03/30/20 21:30:13 Event: ULOG_EXECUTE for HTCondor Node ele_flat2to100_PU200_hadd (4225662.0.0) {03/30/20 21:30:08}
03/30/20 21:30:13 Number of idle job procs: 0
03/30/20 21:30:28 Currently monitoring 1 HTCondor log file(s)
03/30/20 21:30:28 Event: ULOG_JOB_TERMINATED for HTCondor Node ele_flat2to100_PU200_hadd (4225662.0.0) {03/30/20 21:30:27}
03/30/20 21:30:28 Number of idle job procs: 0
03/30/20 21:30:28 Node ele_flat2to100_PU200_hadd job proc (4225662.0.0) failed with status 1.
03/30/20 21:30:28 Retrying node ele_flat2to100_PU200_hadd (retry #1 of 3)...
03/30/20 21:30:28 DAG status: 0 (DAG_STATUS_OK)
03/30/20 21:30:28 Of 7 nodes total:
03/30/20 21:30:28  Done     Pre   Queued    Post   Ready   Un-Ready   Failed
03/30/20 21:30:28   ===     ===      ===     ===     ===        ===      ===
03/30/20 21:30:28     5       0        0       0       1          1        0
03/30/20 21:30:28 0 job proc(s) currently held
03/30/20 21:30:28 DAGMan Runtime Statistics: [ EventCycleTimeAvg = 0.01869613206806545; EventCycleTimeCount = 738.0; EventCycleTimeMax = 11.25715684890747; EventCycleTimeMin = 3.790855407714844E-05; EventCycleTimeStd = 0.4183143825758585; EventCycleTimeSum = 13.7977454662323; LogProcessCycleTimeAvg = 0.01364185128893171; LogProcessCycleTimeCount = 14.0; LogProcessCycleTimeMax = 0.1112082004547119; LogProcessCycleTimeMin = 0.0001170635223388672; LogProcessCycleTimeStd = 0.02917130588883389; LogProcessCycleTimeSum = 0.1909859180450439; SleepCycleTimeAvg = 5.006127856934297; SleepCycleTimeCount = 738.0; SleepCycleTimeMax = 5.076868057250977; SleepCycleTimeMin = 5.000079154968262; SleepCycleTimeStd = 0.004908934850022796; SleepCycleTimeSum = 3694.522358417511; SubmitCycleTimeAvg = 0.01775132141835957; SubmitCycleTimeCount = 739.0; SubmitCycleTimeMax = 11.09692907333374; SubmitCycleTimeMin = 2.47955322265625E-05; SubmitCycleTimeStd = 0.4120187746499444; SubmitCycleTimeSum = 13.11822652816772; ]
03/30/20 21:30:33 Reassigning the id of job ele_flat2to100_PU200_hadd from (4225662.0.0) to (-1.-1.-1)
03/30/20 21:30:33 Submitting HTCondor Node ele_flat2to100_PU200_hadd job(s)...
03/30/20 21:30:33 Adding a DAGMan workflow log /afs/cern.ch/work/j/jheikkil/tools/ntuple-tools/batch_BDT_input_v2/dagman.dag.nodes.log
03/30/20 21:30:33 Masking the events recorded in the DAGMAN workflow log
03/30/20 21:30:33 Mask for workflow log is 0,1,2,4,5,7,9,10,11,12,13,16,17,24,27,35,36
03/30/20 21:30:33 submitting: /usr/bin/condor_submit -a dag_node_name' '=' 'ele_flat2to100_PU200_hadd -a +DAGManJobId' '=' '4225055 -a DAGManJobId' '=' '4225055 -batch-name dagman.dag+4225055 -a submit_event_notes' '=' 'DAG' 'Node:' 'ele_flat2to100_PU200_hadd -a dagman_log' '=' '/afs/cern.ch/work/j/jheikkil/tools/ntuple-tools/batch_BDT_input_v2/dagman.dag.nodes.log -a +DAGManNodesMask' '=' '"0,1,2,4,5,7,9,10,11,12,13,16,17,24,27,35,36" -a priority=1 -a DAG_STATUS' '=' '0 -a FAILED_COUNT' '=' '0 -a +KeepClaimIdle' '=' '20 -a notification' '=' 'never -a +DAGParentNodeNames' '=' '"ele_flat2to100_PU200+Job_0,ele_flat2to100_PU200+Job_1,ele_flat2to100_PU200+Job_2,ele_flat2to100_PU200+Job_3,ele_flat2to100_PU200+Job_4" batch_BDT_input_v2/ele_flat2to100_PU200/batch_hadd.sub
03/30/20 21:30:33 From submit: Submitting job(s).
03/30/20 21:30:33 From submit: 1 job(s) submitted to cluster 4225998.
03/30/20 21:30:33 	assigned HTCondor ID (4225998.0.0)
03/30/20 21:30:33 Just submitted 1 job this cycle...
03/30/20 21:30:33 DAG status: 0 (DAG_STATUS_OK)
03/30/20 21:30:33 Of 7 nodes total:
03/30/20 21:30:33  Done     Pre   Queued    Post   Ready   Un-Ready   Failed
03/30/20 21:30:33   ===     ===      ===     ===     ===        ===      ===
03/30/20 21:30:33     5       0        1       0       0          1        0
03/30/20 21:30:33 0 job proc(s) currently held
03/30/20 21:30:33 DAGMan Runtime Statistics: [ EventCycleTimeAvg = 0.01868740534750147; EventCycleTimeCount = 739.0; EventCycleTimeMax = 11.25715684890747; EventCycleTimeMin = 3.790855407714844E-05; EventCycleTimeStd = 0.418030942990509; EventCycleTimeSum = 13.80999255180359; LogProcessCycleTimeAvg = 0.01364185128893171; LogProcessCycleTimeCount = 14.0; LogProcessCycleTimeMax = 0.1112082004547119; LogProcessCycleTimeMin = 0.0001170635223388672; LogProcessCycleTimeStd = 0.02917130588883389; LogProcessCycleTimeSum = 0.1909859180450439; SleepCycleTimeAvg = 5.006123045300598; SleepCycleTimeCount = 739.0; SleepCycleTimeMax = 5.076868057250977; SleepCycleTimeMin = 5.000079154968262; SleepCycleTimeStd = 0.00490735141686716; SleepCycleTimeSum = 3699.524930477142; SubmitCycleTimeAvg = 0.01826770208977364; SubmitCycleTimeCount = 740.0; SubmitCycleTimeMax = 11.09692907333374; SubmitCycleTimeMin = 2.47955322265625E-05; SubmitCycleTimeStd = 0.4119794604182376; SubmitCycleTimeSum = 13.5180995464325; ]
03/30/20 21:30:38 Currently monitoring 1 HTCondor log file(s)
03/30/20 21:30:38 Reassigning the id of job ele_flat2to100_PU200_hadd from (4225998.0.0) to (4225998.0.0)
03/30/20 21:30:38 Event: ULOG_SUBMIT for HTCondor Node ele_flat2to100_PU200_hadd (4225998.0.0) {03/30/20 21:30:33}
03/30/20 21:30:38 Number of idle job procs: 1
03/30/20 21:40:39 601 seconds since last log event
03/30/20 21:40:39 Pending DAG nodes:
03/30/20 21:40:39   Node ele_flat2to100_PU200_hadd, HTCondor ID 4225998, status STATUS_SUBMITTED
03/30/20 21:50:34 Currently monitoring 1 HTCondor log file(s)
03/30/20 21:50:34 Event: ULOG_EXECUTE for HTCondor Node ele_flat2to100_PU200_hadd (4225998.0.0) {03/30/20 21:50:34}
03/30/20 21:50:34 Number of idle job procs: 0
03/30/20 21:50:44 Currently monitoring 1 HTCondor log file(s)
03/30/20 21:50:44 Event: ULOG_JOB_TERMINATED for HTCondor Node ele_flat2to100_PU200_hadd (4225998.0.0) {03/30/20 21:50:42}
03/30/20 21:50:44 Number of idle job procs: 0
03/30/20 21:50:44 Node ele_flat2to100_PU200_hadd job proc (4225998.0.0) failed with status 1.
03/30/20 21:50:44 Retrying node ele_flat2to100_PU200_hadd (retry #2 of 3)...
03/30/20 21:50:44 DAG status: 0 (DAG_STATUS_OK)
03/30/20 21:50:44 Of 7 nodes total:
03/30/20 21:50:44  Done     Pre   Queued    Post   Ready   Un-Ready   Failed
03/30/20 21:50:44   ===     ===      ===     ===     ===        ===      ===
03/30/20 21:50:44     5       0        0       0       1          1        0
03/30/20 21:50:44 0 job proc(s) currently held
03/30/20 21:50:44 DAGMan Runtime Statistics: [ EventCycleTimeAvg = 0.01459613415079379; EventCycleTimeCount = 981.0; EventCycleTimeMax = 11.25715684890747; EventCycleTimeMin = 3.790855407714844E-05; EventCycleTimeStd = 0.3630784891566482; EventCycleTimeSum = 14.31880760192871; LogProcessCycleTimeAvg = 0.01427045990439022; LogProcessCycleTimeCount = 17.0; LogProcessCycleTimeMax = 0.1112082004547119; LogProcessCycleTimeMin = 0.0001170635223388672; LogProcessCycleTimeStd = 0.02780998208761492; LogProcessCycleTimeSum = 0.2425978183746338; SleepCycleTimeAvg = 5.005839383565687; SleepCycleTimeCount = 981.0; SleepCycleTimeMax = 5.076868057250977; SleepCycleTimeMin = 5.000079154968262; SleepCycleTimeStd = 0.004519052719072692; SleepCycleTimeSum = 4910.728435277939; SubmitCycleTimeAvg = 0.01378051642245042; SubmitCycleTimeCount = 982.0; SubmitCycleTimeMax = 11.09692907333374; SubmitCycleTimeMin = 2.47955322265625E-05; SubmitCycleTimeStd = 0.3576579869887425; SubmitCycleTimeSum = 13.53246712684631; ]
03/30/20 21:50:50 Reassigning the id of job ele_flat2to100_PU200_hadd from (4225998.0.0) to (-1.-1.-1)
03/30/20 21:50:50 Submitting HTCondor Node ele_flat2to100_PU200_hadd job(s)...
03/30/20 21:50:50 Adding a DAGMan workflow log /afs/cern.ch/work/j/jheikkil/tools/ntuple-tools/batch_BDT_input_v2/dagman.dag.nodes.log
03/30/20 21:50:50 Masking the events recorded in the DAGMAN workflow log
03/30/20 21:50:50 Mask for workflow log is 0,1,2,4,5,7,9,10,11,12,13,16,17,24,27,35,36
03/30/20 21:50:50 submitting: /usr/bin/condor_submit -a dag_node_name' '=' 'ele_flat2to100_PU200_hadd -a +DAGManJobId' '=' '4225055 -a DAGManJobId' '=' '4225055 -batch-name dagman.dag+4225055 -a submit_event_notes' '=' 'DAG' 'Node:' 'ele_flat2to100_PU200_hadd -a dagman_log' '=' '/afs/cern.ch/work/j/jheikkil/tools/ntuple-tools/batch_BDT_input_v2/dagman.dag.nodes.log -a +DAGManNodesMask' '=' '"0,1,2,4,5,7,9,10,11,12,13,16,17,24,27,35,36" -a priority=1 -a DAG_STATUS' '=' '0 -a FAILED_COUNT' '=' '0 -a +KeepClaimIdle' '=' '20 -a notification' '=' 'never -a +DAGParentNodeNames' '=' '"ele_flat2to100_PU200+Job_0,ele_flat2to100_PU200+Job_1,ele_flat2to100_PU200+Job_2,ele_flat2to100_PU200+Job_3,ele_flat2to100_PU200+Job_4" batch_BDT_input_v2/ele_flat2to100_PU200/batch_hadd.sub
03/30/20 21:50:50 From submit: Submitting job(s).
03/30/20 21:50:50 From submit: 1 job(s) submitted to cluster 4226655.
03/30/20 21:50:50 	assigned HTCondor ID (4226655.0.0)
03/30/20 21:50:50 Just submitted 1 job this cycle...
03/30/20 21:50:50 DAG status: 0 (DAG_STATUS_OK)
03/30/20 21:50:50 Of 7 nodes total:
03/30/20 21:50:50  Done     Pre   Queued    Post   Ready   Un-Ready   Failed
03/30/20 21:50:50   ===     ===      ===     ===     ===        ===      ===
03/30/20 21:50:50     5       0        1       0       0          1        0
03/30/20 21:50:50 0 job proc(s) currently held
03/30/20 21:50:50 DAGMan Runtime Statistics: [ EventCycleTimeAvg = 0.01516942215548513; EventCycleTimeCount = 982.0; EventCycleTimeMax = 11.25715684890747; EventCycleTimeMin = 3.790855407714844E-05; EventCycleTimeStd = 0.3633377951248256; EventCycleTimeSum = 14.8963725566864; LogProcessCycleTimeAvg = 0.01427045990439022; LogProcessCycleTimeCount = 17.0; LogProcessCycleTimeMax = 0.1112082004547119; LogProcessCycleTimeMin = 0.0001170635223388672; LogProcessCycleTimeStd = 0.02780998208761492; LogProcessCycleTimeSum = 0.2425978183746338; SleepCycleTimeAvg = 5.005837659243411; SleepCycleTimeCount = 982.0; SleepCycleTimeMax = 5.076868057250977; SleepCycleTimeMin = 5.000079154968262; SleepCycleTimeStd = 0.004517072046768296; SleepCycleTimeSum = 4915.732581377029; SubmitCycleTimeAvg = 0.01430794229827601; SubmitCycleTimeCount = 983.0; SubmitCycleTimeMax = 11.09692907333374; SubmitCycleTimeMin = 2.47955322265625E-05; SubmitCycleTimeStd = 0.3578581013432181; SubmitCycleTimeSum = 14.06470727920532; ]
03/30/20 21:50:55 Currently monitoring 1 HTCondor log file(s)
03/30/20 21:50:55 Reassigning the id of job ele_flat2to100_PU200_hadd from (4226655.0.0) to (4226655.0.0)
03/30/20 21:50:55 Event: ULOG_SUBMIT for HTCondor Node ele_flat2to100_PU200_hadd (4226655.0.0) {03/30/20 21:50:50}
03/30/20 21:50:55 Number of idle job procs: 1
03/30/20 21:55:06 Currently monitoring 1 HTCondor log file(s)
03/30/20 21:55:06 Event: ULOG_EXECUTE for HTCondor Node ele_flat2to100_PU200_hadd (4226655.0.0) {03/30/20 21:55:01}
03/30/20 21:55:06 Number of idle job procs: 0
03/30/20 21:55:11 Currently monitoring 1 HTCondor log file(s)
03/30/20 21:55:11 Event: ULOG_JOB_TERMINATED for HTCondor Node ele_flat2to100_PU200_hadd (4226655.0.0) {03/30/20 21:55:08}
03/30/20 21:55:11 Number of idle job procs: 0
03/30/20 21:55:11 Node ele_flat2to100_PU200_hadd job proc (4226655.0.0) failed with status 1.
03/30/20 21:55:11 Retrying node ele_flat2to100_PU200_hadd (retry #3 of 3)...
03/30/20 21:55:11 DAG status: 0 (DAG_STATUS_OK)
03/30/20 21:55:11 Of 7 nodes total:
03/30/20 21:55:11  Done     Pre   Queued    Post   Ready   Un-Ready   Failed
03/30/20 21:55:11   ===     ===      ===     ===     ===        ===      ===
03/30/20 21:55:11     5       0        0       0       1          1        0
03/30/20 21:55:11 0 job proc(s) currently held
03/30/20 21:55:11 DAGMan Runtime Statistics: [ EventCycleTimeAvg = 0.01494144009898202; EventCycleTimeCount = 1034.0; EventCycleTimeMax = 11.25715684890747; EventCycleTimeMin = 3.790855407714844E-05; EventCycleTimeStd = 0.3544557203792073; EventCycleTimeSum = 15.44944906234741; LogProcessCycleTimeAvg = 0.01251260042190552; LogProcessCycleTimeCount = 20.0; LogProcessCycleTimeMax = 0.1112082004547119; LogProcessCycleTimeMin = 0.0001170635223388672; LogProcessCycleTimeStd = 0.02590570882581831; LogProcessCycleTimeSum = 0.2502520084381104; SleepCycleTimeAvg = 5.005789697285547; SleepCycleTimeCount = 1034.0; SleepCycleTimeMax = 5.076868057250977; SleepCycleTimeMin = 5.000079154968262; SleepCycleTimeStd = 0.004420694738717137; SleepCycleTimeSum = 5175.986546993256; SubmitCycleTimeAvg = 0.01359232197637143; SubmitCycleTimeCount = 1035.0; SubmitCycleTimeMax = 11.09692907333374; SubmitCycleTimeMin = 2.47955322265625E-05; SubmitCycleTimeStd = 0.3487575583374401; SubmitCycleTimeSum = 14.06805324554443; ]
03/30/20 21:55:16 Reassigning the id of job ele_flat2to100_PU200_hadd from (4226655.0.0) to (-1.-1.-1)
03/30/20 21:55:16 Submitting HTCondor Node ele_flat2to100_PU200_hadd job(s)...
03/30/20 21:55:16 Adding a DAGMan workflow log /afs/cern.ch/work/j/jheikkil/tools/ntuple-tools/batch_BDT_input_v2/dagman.dag.nodes.log
03/30/20 21:55:16 Masking the events recorded in the DAGMAN workflow log
03/30/20 21:55:16 Mask for workflow log is 0,1,2,4,5,7,9,10,11,12,13,16,17,24,27,35,36
03/30/20 21:55:16 submitting: /usr/bin/condor_submit -a dag_node_name' '=' 'ele_flat2to100_PU200_hadd -a +DAGManJobId' '=' '4225055 -a DAGManJobId' '=' '4225055 -batch-name dagman.dag+4225055 -a submit_event_notes' '=' 'DAG' 'Node:' 'ele_flat2to100_PU200_hadd -a dagman_log' '=' '/afs/cern.ch/work/j/jheikkil/tools/ntuple-tools/batch_BDT_input_v2/dagman.dag.nodes.log -a +DAGManNodesMask' '=' '"0,1,2,4,5,7,9,10,11,12,13,16,17,24,27,35,36" -a priority=1 -a DAG_STATUS' '=' '0 -a FAILED_COUNT' '=' '0 -a +KeepClaimIdle' '=' '20 -a notification' '=' 'never -a +DAGParentNodeNames' '=' '"ele_flat2to100_PU200+Job_0,ele_flat2to100_PU200+Job_1,ele_flat2to100_PU200+Job_2,ele_flat2to100_PU200+Job_3,ele_flat2to100_PU200+Job_4" batch_BDT_input_v2/ele_flat2to100_PU200/batch_hadd.sub
03/30/20 21:55:16 From submit: Submitting job(s).
03/30/20 21:55:16 From submit: 1 job(s) submitted to cluster 4226883.
03/30/20 21:55:16 	assigned HTCondor ID (4226883.0.0)
03/30/20 21:55:16 Just submitted 1 job this cycle...
03/30/20 21:55:16 DAG status: 0 (DAG_STATUS_OK)
03/30/20 21:55:16 Of 7 nodes total:
03/30/20 21:55:16  Done     Pre   Queued    Post   Ready   Un-Ready   Failed
03/30/20 21:55:16   ===     ===      ===     ===     ===        ===      ===
03/30/20 21:55:16     5       0        1       0       0          1        0
03/30/20 21:55:16 0 job proc(s) currently held
03/30/20 21:55:16 DAGMan Runtime Statistics: [ EventCycleTimeAvg = 0.01492797003851997; EventCycleTimeCount = 1035.0; EventCycleTimeMax = 11.25715684890747; EventCycleTimeMin = 3.790855407714844E-05; EventCycleTimeStd = 0.3542845436978982; EventCycleTimeSum = 15.45044898986816; LogProcessCycleTimeAvg = 0.01251260042190552; LogProcessCycleTimeCount = 20.0; LogProcessCycleTimeMax = 0.1112082004547119; LogProcessCycleTimeMin = 0.0001170635223388672; LogProcessCycleTimeStd = 0.02590570882581831; LogProcessCycleTimeSum = 0.2502520084381104; SleepCycleTimeAvg = 5.0057890240121; SleepCycleTimeCount = 1035.0; SleepCycleTimeMax = 5.076868057250977; SleepCycleTimeMin = 5.000079154968262; SleepCycleTimeStd = 0.004418609644570416; SleepCycleTimeSum = 5180.991639852524; SubmitCycleTimeAvg = 0.01416867695259772; SubmitCycleTimeCount = 1036.0; SubmitCycleTimeMax = 11.09692907333374; SubmitCycleTimeMin = 2.47955322265625E-05; SubmitCycleTimeStd = 0.3490823105480284; SubmitCycleTimeSum = 14.67874932289124; ]
03/30/20 21:55:21 Currently monitoring 1 HTCondor log file(s)
03/30/20 21:55:21 Reassigning the id of job ele_flat2to100_PU200_hadd from (4226883.0.0) to (4226883.0.0)
03/30/20 21:55:21 Event: ULOG_SUBMIT for HTCondor Node ele_flat2to100_PU200_hadd (4226883.0.0) {03/30/20 21:55:16}
03/30/20 21:55:21 Number of idle job procs: 1
03/30/20 22:05:22 601 seconds since last log event
03/30/20 22:05:22 Pending DAG nodes:
03/30/20 22:05:22   Node ele_flat2to100_PU200_hadd, HTCondor ID 4226883, status STATUS_SUBMITTED
03/30/20 22:15:23 1202 seconds since last log event
03/30/20 22:15:23 Pending DAG nodes:
03/30/20 22:15:23   Node ele_flat2to100_PU200_hadd, HTCondor ID 4226883, status STATUS_SUBMITTED
03/30/20 22:20:43 Currently monitoring 1 HTCondor log file(s)
03/30/20 22:20:43 Event: ULOG_JOB_ABORTED for HTCondor Node ele_flat2to100_PU200_hadd (4226883.0.0) {03/30/20 22:20:38}
03/30/20 22:20:43 Number of idle job procs: 0
03/30/20 22:20:43 DAG status: 2 (DAG_STATUS_NODE_FAILED)
03/30/20 22:20:43 Of 7 nodes total:
03/30/20 22:20:43  Done     Pre   Queued    Post   Ready   Un-Ready   Failed
03/30/20 22:20:43   ===     ===      ===     ===     ===        ===      ===
03/30/20 22:20:43     5       0        0       0       0          1        1
03/30/20 22:20:43 0 job proc(s) currently held
03/30/20 22:20:43 DAGMan Runtime Statistics: [ EventCycleTimeAvg = 0.01202243815607099; EventCycleTimeCount = 1340.0; EventCycleTimeMax = 11.25715684890747; EventCycleTimeMin = 3.790855407714844E-05; EventCycleTimeStd = 0.3118446762696256; EventCycleTimeSum = 16.11006712913513; LogProcessCycleTimeAvg = 0.01165600256486373; LogProcessCycleTimeCount = 22.0; LogProcessCycleTimeMax = 0.1112082004547119; LogProcessCycleTimeMin = 0.0001170635223388672; LogProcessCycleTimeStd = 0.02481036655207674; LogProcessCycleTimeSum = 0.256432056427002; SleepCycleTimeAvg = 5.005537957397859; SleepCycleTimeCount = 1340.0; SleepCycleTimeMax = 5.076868057250977; SleepCycleTimeMin = 5.000079154968262; SleepCycleTimeStd = 0.004004583032374135; SleepCycleTimeSum = 6707.420862913132; SubmitCycleTimeAvg = 0.01096121185666852; SubmitCycleTimeCount = 1341.0; SubmitCycleTimeMax = 11.09692907333374; SubmitCycleTimeMin = 2.47955322265625E-05; SubmitCycleTimeStd = 0.3068501117159054; SubmitCycleTimeSum = 14.69898509979248; ]
03/30/20 22:20:43 ERROR: the following job(s) failed:
03/30/20 22:20:43 ---------------------- Job ----------------------
03/30/20 22:20:43       Node Name: ele_flat2to100_PU200_hadd
03/30/20 22:20:43            Noop: false
03/30/20 22:20:43          NodeID: 5
03/30/20 22:20:43     Node Status: STATUS_ERROR    
03/30/20 22:20:43 Node return val: -1002
03/30/20 22:20:43           Error: HTCondor reported ULOG_JOB_ABORTED event for job proc (4226883.0.0) (after 3 node retries)
03/30/20 22:20:43 Job Submit File: batch_BDT_input_v2/ele_flat2to100_PU200/batch_hadd.sub
03/30/20 22:20:43           Retry: 3
03/30/20 22:20:43  HTCondor Job ID: (4226883.0.0)
03/30/20 22:20:43       Q_PARENTS: ele_flat2to100_PU200+Job_0, ele_flat2to100_PU200+Job_1, ele_flat2to100_PU200+Job_2, ele_flat2to100_PU200+Job_3, ele_flat2to100_PU200+Job_4, <END>
03/30/20 22:20:43       Q_WAITING: <END>
03/30/20 22:20:43      Q_CHILDREN: ele_flat2to100_PU200_cleanup, <END>
03/30/20 22:20:43 ---------------------------------------	<END>
03/30/20 22:20:43 Aborting DAG...
03/30/20 22:20:43 Writing Rescue DAG to batch_BDT_input_v2/dagman.dag.rescue001...
03/30/20 22:20:43 Removing submitted jobs...
03/30/20 22:20:43 Removing any/all submitted HTCondor jobs...
03/30/20 22:20:43 Running: /usr/bin/condor_rm -const DAGManJobId' '=?=' '4225055
03/30/20 22:20:43 Note: 0 total job deferrals because of -MaxJobs limit (0)
03/30/20 22:20:43 Note: 0 total job deferrals because of -MaxIdle limit (1000)
03/30/20 22:20:43 Note: 0 total job deferrals because of node category throttles
03/30/20 22:20:43 Note: 0 total PRE script deferrals because of -MaxPre limit (20) or DEFER
03/30/20 22:20:43 Note: 0 total POST script deferrals because of -MaxPost limit (20) or DEFER
03/30/20 22:20:43 DAG status: 2 (DAG_STATUS_NODE_FAILED)
03/30/20 22:20:43 Of 7 nodes total:
03/30/20 22:20:43  Done     Pre   Queued    Post   Ready   Un-Ready   Failed
03/30/20 22:20:43   ===     ===      ===     ===     ===        ===      ===
03/30/20 22:20:43     5       0        0       0       0          1        1
03/30/20 22:20:43 0 job proc(s) currently held
03/30/20 22:20:43 DAGMan Runtime Statistics: [ EventCycleTimeAvg = 0.01202243815607099; EventCycleTimeCount = 1340.0; EventCycleTimeMax = 11.25715684890747; EventCycleTimeMin = 3.790855407714844E-05; EventCycleTimeStd = 0.3118446762696256; EventCycleTimeSum = 16.11006712913513; LogProcessCycleTimeAvg = 0.01165600256486373; LogProcessCycleTimeCount = 22.0; LogProcessCycleTimeMax = 0.1112082004547119; LogProcessCycleTimeMin = 0.0001170635223388672; LogProcessCycleTimeStd = 0.02481036655207674; LogProcessCycleTimeSum = 0.256432056427002; SleepCycleTimeAvg = 5.005537957397859; SleepCycleTimeCount = 1340.0; SleepCycleTimeMax = 5.076868057250977; SleepCycleTimeMin = 5.000079154968262; SleepCycleTimeStd = 0.004004583032374135; SleepCycleTimeSum = 6707.420862913132; SubmitCycleTimeAvg = 0.01096121185666852; SubmitCycleTimeCount = 1341.0; SubmitCycleTimeMax = 11.09692907333374; SubmitCycleTimeMin = 2.47955322265625E-05; SubmitCycleTimeStd = 0.3068501117159054; SubmitCycleTimeSum = 14.69898509979248; ]
03/30/20 22:20:43 Wrote metrics file batch_BDT_input_v2/dagman.dag.metrics.
03/30/20 22:20:43 Metrics not sent because of PEGASUS_METRICS or CONDOR_DEVELOPERS setting.
03/30/20 22:20:43 DAGMan Runtime Statistics: [ EventCycleTimeAvg = 0.01202243815607099; EventCycleTimeCount = 1340.0; EventCycleTimeMax = 11.25715684890747; EventCycleTimeMin = 3.790855407714844E-05; EventCycleTimeStd = 0.3118446762696256; EventCycleTimeSum = 16.11006712913513; LogProcessCycleTimeAvg = 0.01165600256486373; LogProcessCycleTimeCount = 22.0; LogProcessCycleTimeMax = 0.1112082004547119; LogProcessCycleTimeMin = 0.0001170635223388672; LogProcessCycleTimeStd = 0.02481036655207674; LogProcessCycleTimeSum = 0.256432056427002; SleepCycleTimeAvg = 5.005537957397859; SleepCycleTimeCount = 1340.0; SleepCycleTimeMax = 5.076868057250977; SleepCycleTimeMin = 5.000079154968262; SleepCycleTimeStd = 0.004004583032374135; SleepCycleTimeSum = 6707.420862913132; SubmitCycleTimeAvg = 0.01096121185666852; SubmitCycleTimeCount = 1341.0; SubmitCycleTimeMax = 11.09692907333374; SubmitCycleTimeMin = 2.47955322265625E-05; SubmitCycleTimeStd = 0.3068501117159054; SubmitCycleTimeSum = 14.69898509979248; ]
03/30/20 22:20:43 **** condor_scheduniv_exec.4225055.0 (condor_DAGMAN) pid 1435515 EXITING WITH STATUS 1
